[2022-08-02 01:11:25,359] {scheduler_job.py:182} INFO - Started process (PID=59) to work on /opt/airflow/dags/api_pipeline_dag.py
[2022-08-02 01:11:25,360] {scheduler_job.py:633} INFO - Processing file /opt/airflow/dags/api_pipeline_dag.py for tasks to queue
[2022-08-02 01:11:25,374] {logging_mixin.py:104} INFO - [2022-08-02 01:11:25,373] {dagbag.py:487} INFO - Filling up the DagBag from /opt/airflow/dags/api_pipeline_dag.py
[2022-08-02 01:11:25,810] {scheduler_job.py:643} INFO - DAG(s) dict_keys(['elt_pipeline_sample_dag']) retrieved from /opt/airflow/dags/api_pipeline_dag.py
[2022-08-02 01:11:26,044] {logging_mixin.py:104} INFO - [2022-08-02 01:11:26,044] {dag.py:1832} INFO - Sync 1 DAGs
[2022-08-02 01:11:26,294] {logging_mixin.py:104} INFO - [2022-08-02 01:11:26,293] {dag.py:2305} INFO - Setting next_dagrun for elt_pipeline_sample_dag to 2022-08-02 16:00:00+00:00
[2022-08-02 01:11:26,438] {scheduler_job.py:190} INFO - Processing /opt/airflow/dags/api_pipeline_dag.py took 1.083 seconds
[2022-08-02 01:11:56,605] {scheduler_job.py:182} INFO - Started process (PID=113) to work on /opt/airflow/dags/api_pipeline_dag.py
[2022-08-02 01:11:56,610] {scheduler_job.py:633} INFO - Processing file /opt/airflow/dags/api_pipeline_dag.py for tasks to queue
[2022-08-02 01:11:56,634] {logging_mixin.py:104} INFO - [2022-08-02 01:11:56,634] {dagbag.py:487} INFO - Filling up the DagBag from /opt/airflow/dags/api_pipeline_dag.py
[2022-08-02 01:11:56,700] {scheduler_job.py:643} INFO - DAG(s) dict_keys(['elt_pipeline_sample_dag']) retrieved from /opt/airflow/dags/api_pipeline_dag.py
[2022-08-02 01:11:56,862] {logging_mixin.py:104} INFO - [2022-08-02 01:11:56,862] {dag.py:1832} INFO - Sync 1 DAGs
[2022-08-02 01:11:56,997] {logging_mixin.py:104} INFO - [2022-08-02 01:11:56,997] {dag.py:2305} INFO - Setting next_dagrun for elt_pipeline_sample_dag to 2022-08-02 16:00:00+00:00
[2022-08-02 01:11:57,051] {scheduler_job.py:190} INFO - Processing /opt/airflow/dags/api_pipeline_dag.py took 0.450 seconds
[2022-08-02 01:12:27,569] {scheduler_job.py:182} INFO - Started process (PID=158) to work on /opt/airflow/dags/api_pipeline_dag.py
[2022-08-02 01:12:27,570] {scheduler_job.py:633} INFO - Processing file /opt/airflow/dags/api_pipeline_dag.py for tasks to queue
[2022-08-02 01:12:27,571] {logging_mixin.py:104} INFO - [2022-08-02 01:12:27,571] {dagbag.py:487} INFO - Filling up the DagBag from /opt/airflow/dags/api_pipeline_dag.py
[2022-08-02 01:12:27,602] {scheduler_job.py:643} INFO - DAG(s) dict_keys(['elt_pipeline_sample_dag']) retrieved from /opt/airflow/dags/api_pipeline_dag.py
[2022-08-02 01:12:27,630] {logging_mixin.py:104} INFO - [2022-08-02 01:12:27,629] {dag.py:1832} INFO - Sync 1 DAGs
[2022-08-02 01:12:27,650] {logging_mixin.py:104} INFO - [2022-08-02 01:12:27,650] {dag.py:2305} INFO - Setting next_dagrun for elt_pipeline_sample_dag to 2022-08-02 16:00:00+00:00
[2022-08-02 01:12:27,665] {scheduler_job.py:190} INFO - Processing /opt/airflow/dags/api_pipeline_dag.py took 0.099 seconds
[2022-08-02 01:12:58,606] {scheduler_job.py:182} INFO - Started process (PID=213) to work on /opt/airflow/dags/api_pipeline_dag.py
[2022-08-02 01:12:58,608] {scheduler_job.py:633} INFO - Processing file /opt/airflow/dags/api_pipeline_dag.py for tasks to queue
[2022-08-02 01:12:58,609] {logging_mixin.py:104} INFO - [2022-08-02 01:12:58,609] {dagbag.py:487} INFO - Filling up the DagBag from /opt/airflow/dags/api_pipeline_dag.py
[2022-08-02 01:12:58,647] {scheduler_job.py:643} INFO - DAG(s) dict_keys(['elt_pipeline_sample_dag']) retrieved from /opt/airflow/dags/api_pipeline_dag.py
[2022-08-02 01:12:58,675] {logging_mixin.py:104} INFO - [2022-08-02 01:12:58,675] {dag.py:1832} INFO - Sync 1 DAGs
[2022-08-02 01:12:58,700] {logging_mixin.py:104} INFO - [2022-08-02 01:12:58,700] {dag.py:2305} INFO - Setting next_dagrun for elt_pipeline_sample_dag to 2022-08-02 16:00:00+00:00
[2022-08-02 01:12:58,730] {scheduler_job.py:190} INFO - Processing /opt/airflow/dags/api_pipeline_dag.py took 0.127 seconds
[2022-08-02 01:13:28,884] {scheduler_job.py:182} INFO - Started process (PID=268) to work on /opt/airflow/dags/api_pipeline_dag.py
[2022-08-02 01:13:28,894] {scheduler_job.py:633} INFO - Processing file /opt/airflow/dags/api_pipeline_dag.py for tasks to queue
[2022-08-02 01:13:28,895] {logging_mixin.py:104} INFO - [2022-08-02 01:13:28,895] {dagbag.py:487} INFO - Filling up the DagBag from /opt/airflow/dags/api_pipeline_dag.py
[2022-08-02 01:13:28,962] {scheduler_job.py:643} INFO - DAG(s) dict_keys(['elt_pipeline_sample_dag']) retrieved from /opt/airflow/dags/api_pipeline_dag.py
[2022-08-02 01:13:29,416] {logging_mixin.py:104} INFO - [2022-08-02 01:13:29,416] {dag.py:1832} INFO - Sync 1 DAGs
[2022-08-02 01:13:29,487] {logging_mixin.py:104} INFO - [2022-08-02 01:13:29,486] {dag.py:2305} INFO - Setting next_dagrun for elt_pipeline_sample_dag to 2022-08-02 16:00:00+00:00
[2022-08-02 01:13:29,588] {scheduler_job.py:190} INFO - Processing /opt/airflow/dags/api_pipeline_dag.py took 0.707 seconds
[2022-08-02 01:13:59,793] {scheduler_job.py:182} INFO - Started process (PID=324) to work on /opt/airflow/dags/api_pipeline_dag.py
[2022-08-02 01:13:59,805] {scheduler_job.py:633} INFO - Processing file /opt/airflow/dags/api_pipeline_dag.py for tasks to queue
[2022-08-02 01:13:59,815] {logging_mixin.py:104} INFO - [2022-08-02 01:13:59,815] {dagbag.py:487} INFO - Filling up the DagBag from /opt/airflow/dags/api_pipeline_dag.py
[2022-08-02 01:13:59,982] {scheduler_job.py:643} INFO - DAG(s) dict_keys(['elt_pipeline_sample_dag']) retrieved from /opt/airflow/dags/api_pipeline_dag.py
[2022-08-02 01:14:00,170] {logging_mixin.py:104} INFO - [2022-08-02 01:14:00,170] {dag.py:1832} INFO - Sync 1 DAGs
[2022-08-02 01:14:00,326] {logging_mixin.py:104} INFO - [2022-08-02 01:14:00,325] {dag.py:2305} INFO - Setting next_dagrun for elt_pipeline_sample_dag to 2022-08-02 16:00:00+00:00
[2022-08-02 01:14:00,383] {scheduler_job.py:190} INFO - Processing /opt/airflow/dags/api_pipeline_dag.py took 0.595 seconds
[2022-08-02 01:14:31,041] {scheduler_job.py:182} INFO - Started process (PID=379) to work on /opt/airflow/dags/api_pipeline_dag.py
[2022-08-02 01:14:31,042] {scheduler_job.py:633} INFO - Processing file /opt/airflow/dags/api_pipeline_dag.py for tasks to queue
[2022-08-02 01:14:31,043] {logging_mixin.py:104} INFO - [2022-08-02 01:14:31,043] {dagbag.py:487} INFO - Filling up the DagBag from /opt/airflow/dags/api_pipeline_dag.py
[2022-08-02 01:14:31,098] {scheduler_job.py:643} INFO - DAG(s) dict_keys(['elt_pipeline_sample_dag']) retrieved from /opt/airflow/dags/api_pipeline_dag.py
[2022-08-02 01:14:31,135] {logging_mixin.py:104} INFO - [2022-08-02 01:14:31,134] {dag.py:1832} INFO - Sync 1 DAGs
[2022-08-02 01:14:31,170] {logging_mixin.py:104} INFO - [2022-08-02 01:14:31,170] {dag.py:2305} INFO - Setting next_dagrun for elt_pipeline_sample_dag to 2022-08-02 16:00:00+00:00
[2022-08-02 01:14:31,185] {scheduler_job.py:190} INFO - Processing /opt/airflow/dags/api_pipeline_dag.py took 0.147 seconds
[2022-08-02 01:15:01,440] {scheduler_job.py:182} INFO - Started process (PID=445) to work on /opt/airflow/dags/api_pipeline_dag.py
[2022-08-02 01:15:01,445] {scheduler_job.py:633} INFO - Processing file /opt/airflow/dags/api_pipeline_dag.py for tasks to queue
[2022-08-02 01:15:01,446] {logging_mixin.py:104} INFO - [2022-08-02 01:15:01,446] {dagbag.py:487} INFO - Filling up the DagBag from /opt/airflow/dags/api_pipeline_dag.py
[2022-08-02 01:15:01,496] {scheduler_job.py:643} INFO - DAG(s) dict_keys(['elt_pipeline_sample_dag']) retrieved from /opt/airflow/dags/api_pipeline_dag.py
[2022-08-02 01:15:01,542] {logging_mixin.py:104} INFO - [2022-08-02 01:15:01,542] {dag.py:1832} INFO - Sync 1 DAGs
[2022-08-02 01:15:01,577] {logging_mixin.py:104} INFO - [2022-08-02 01:15:01,577] {dag.py:2305} INFO - Setting next_dagrun for elt_pipeline_sample_dag to 2022-08-02 16:00:00+00:00
[2022-08-02 01:15:01,591] {scheduler_job.py:190} INFO - Processing /opt/airflow/dags/api_pipeline_dag.py took 0.154 seconds
