[2022-08-02 01:11:25,359] {scheduler_job.py:182} INFO - Started process (PID=60) to work on /opt/airflow/dags/my_airflow.py
[2022-08-02 01:11:25,384] {scheduler_job.py:633} INFO - Processing file /opt/airflow/dags/my_airflow.py for tasks to queue
[2022-08-02 01:11:25,407] {logging_mixin.py:104} INFO - [2022-08-02 01:11:25,404] {dagbag.py:487} INFO - Filling up the DagBag from /opt/airflow/dags/my_airflow.py
[2022-08-02 01:11:25,811] {scheduler_job.py:643} INFO - DAG(s) dict_keys(['my_dag1']) retrieved from /opt/airflow/dags/my_airflow.py
[2022-08-02 01:11:26,045] {logging_mixin.py:104} INFO - [2022-08-02 01:11:26,044] {dag.py:1832} INFO - Sync 1 DAGs
[2022-08-02 01:11:26,298] {logging_mixin.py:104} INFO - [2022-08-02 01:11:26,298] {dag.py:2305} INFO - Setting next_dagrun for my_dag1 to 2022-08-01 00:00:00+00:00
[2022-08-02 01:11:26,523] {scheduler_job.py:190} INFO - Processing /opt/airflow/dags/my_airflow.py took 1.168 seconds
[2022-08-02 01:11:57,121] {scheduler_job.py:182} INFO - Started process (PID=114) to work on /opt/airflow/dags/my_airflow.py
[2022-08-02 01:11:57,134] {scheduler_job.py:633} INFO - Processing file /opt/airflow/dags/my_airflow.py for tasks to queue
[2022-08-02 01:11:57,136] {logging_mixin.py:104} INFO - [2022-08-02 01:11:57,136] {dagbag.py:487} INFO - Filling up the DagBag from /opt/airflow/dags/my_airflow.py
[2022-08-02 01:11:57,228] {scheduler_job.py:643} INFO - DAG(s) dict_keys(['my_dag1']) retrieved from /opt/airflow/dags/my_airflow.py
[2022-08-02 01:11:57,308] {logging_mixin.py:104} INFO - [2022-08-02 01:11:57,308] {dag.py:1832} INFO - Sync 1 DAGs
[2022-08-02 01:11:57,370] {logging_mixin.py:104} INFO - [2022-08-02 01:11:57,370] {dag.py:2305} INFO - Setting next_dagrun for my_dag1 to 2022-08-01 00:00:00+00:00
[2022-08-02 01:11:57,455] {scheduler_job.py:190} INFO - Processing /opt/airflow/dags/my_airflow.py took 0.338 seconds
[2022-08-02 01:12:27,576] {scheduler_job.py:182} INFO - Started process (PID=159) to work on /opt/airflow/dags/my_airflow.py
[2022-08-02 01:12:27,578] {scheduler_job.py:633} INFO - Processing file /opt/airflow/dags/my_airflow.py for tasks to queue
[2022-08-02 01:12:27,579] {logging_mixin.py:104} INFO - [2022-08-02 01:12:27,579] {dagbag.py:487} INFO - Filling up the DagBag from /opt/airflow/dags/my_airflow.py
[2022-08-02 01:12:27,619] {scheduler_job.py:643} INFO - DAG(s) dict_keys(['my_dag1']) retrieved from /opt/airflow/dags/my_airflow.py
[2022-08-02 01:12:27,642] {logging_mixin.py:104} INFO - [2022-08-02 01:12:27,642] {dag.py:1832} INFO - Sync 1 DAGs
[2022-08-02 01:12:27,668] {logging_mixin.py:104} INFO - [2022-08-02 01:12:27,668] {dag.py:2305} INFO - Setting next_dagrun for my_dag1 to 2022-08-01 00:00:00+00:00
[2022-08-02 01:12:27,683] {scheduler_job.py:190} INFO - Processing /opt/airflow/dags/my_airflow.py took 0.112 seconds
[2022-08-02 01:12:58,608] {scheduler_job.py:182} INFO - Started process (PID=214) to work on /opt/airflow/dags/my_airflow.py
[2022-08-02 01:12:58,609] {scheduler_job.py:633} INFO - Processing file /opt/airflow/dags/my_airflow.py for tasks to queue
[2022-08-02 01:12:58,611] {logging_mixin.py:104} INFO - [2022-08-02 01:12:58,610] {dagbag.py:487} INFO - Filling up the DagBag from /opt/airflow/dags/my_airflow.py
[2022-08-02 01:12:58,660] {scheduler_job.py:643} INFO - DAG(s) dict_keys(['my_dag1']) retrieved from /opt/airflow/dags/my_airflow.py
[2022-08-02 01:12:58,689] {logging_mixin.py:104} INFO - [2022-08-02 01:12:58,689] {dag.py:1832} INFO - Sync 1 DAGs
[2022-08-02 01:12:58,731] {logging_mixin.py:104} INFO - [2022-08-02 01:12:58,731] {dag.py:2305} INFO - Setting next_dagrun for my_dag1 to 2022-08-01 00:00:00+00:00
[2022-08-02 01:12:58,744] {scheduler_job.py:190} INFO - Processing /opt/airflow/dags/my_airflow.py took 0.140 seconds
[2022-08-02 01:13:28,891] {scheduler_job.py:182} INFO - Started process (PID=269) to work on /opt/airflow/dags/my_airflow.py
[2022-08-02 01:13:28,894] {scheduler_job.py:633} INFO - Processing file /opt/airflow/dags/my_airflow.py for tasks to queue
[2022-08-02 01:13:28,904] {logging_mixin.py:104} INFO - [2022-08-02 01:13:28,903] {dagbag.py:487} INFO - Filling up the DagBag from /opt/airflow/dags/my_airflow.py
[2022-08-02 01:13:28,999] {scheduler_job.py:643} INFO - DAG(s) dict_keys(['my_dag1']) retrieved from /opt/airflow/dags/my_airflow.py
[2022-08-02 01:13:29,562] {logging_mixin.py:104} INFO - [2022-08-02 01:13:29,562] {dag.py:1832} INFO - Sync 1 DAGs
[2022-08-02 01:13:29,694] {logging_mixin.py:104} INFO - [2022-08-02 01:13:29,693] {dag.py:2305} INFO - Setting next_dagrun for my_dag1 to 2022-08-01 00:00:00+00:00
[2022-08-02 01:13:29,715] {scheduler_job.py:190} INFO - Processing /opt/airflow/dags/my_airflow.py took 0.827 seconds
[2022-08-02 01:13:59,824] {scheduler_job.py:182} INFO - Started process (PID=325) to work on /opt/airflow/dags/my_airflow.py
[2022-08-02 01:13:59,827] {scheduler_job.py:633} INFO - Processing file /opt/airflow/dags/my_airflow.py for tasks to queue
[2022-08-02 01:13:59,828] {logging_mixin.py:104} INFO - [2022-08-02 01:13:59,828] {dagbag.py:487} INFO - Filling up the DagBag from /opt/airflow/dags/my_airflow.py
[2022-08-02 01:14:00,074] {scheduler_job.py:643} INFO - DAG(s) dict_keys(['my_dag1']) retrieved from /opt/airflow/dags/my_airflow.py
[2022-08-02 01:14:00,184] {logging_mixin.py:104} INFO - [2022-08-02 01:14:00,184] {dag.py:1832} INFO - Sync 1 DAGs
[2022-08-02 01:14:00,269] {logging_mixin.py:104} INFO - [2022-08-02 01:14:00,269] {dag.py:2305} INFO - Setting next_dagrun for my_dag1 to 2022-08-01 00:00:00+00:00
[2022-08-02 01:14:00,370] {scheduler_job.py:190} INFO - Processing /opt/airflow/dags/my_airflow.py took 0.563 seconds
[2022-08-02 01:14:31,039] {scheduler_job.py:182} INFO - Started process (PID=380) to work on /opt/airflow/dags/my_airflow.py
[2022-08-02 01:14:31,040] {scheduler_job.py:633} INFO - Processing file /opt/airflow/dags/my_airflow.py for tasks to queue
[2022-08-02 01:14:31,041] {logging_mixin.py:104} INFO - [2022-08-02 01:14:31,041] {dagbag.py:487} INFO - Filling up the DagBag from /opt/airflow/dags/my_airflow.py
[2022-08-02 01:14:31,091] {scheduler_job.py:643} INFO - DAG(s) dict_keys(['my_dag1']) retrieved from /opt/airflow/dags/my_airflow.py
[2022-08-02 01:14:31,134] {logging_mixin.py:104} INFO - [2022-08-02 01:14:31,134] {dag.py:1832} INFO - Sync 1 DAGs
[2022-08-02 01:14:31,170] {logging_mixin.py:104} INFO - [2022-08-02 01:14:31,170] {dag.py:2305} INFO - Setting next_dagrun for my_dag1 to 2022-08-01 00:00:00+00:00
[2022-08-02 01:14:31,194] {scheduler_job.py:190} INFO - Processing /opt/airflow/dags/my_airflow.py took 0.159 seconds
[2022-08-02 01:15:01,444] {scheduler_job.py:182} INFO - Started process (PID=446) to work on /opt/airflow/dags/my_airflow.py
[2022-08-02 01:15:01,446] {scheduler_job.py:633} INFO - Processing file /opt/airflow/dags/my_airflow.py for tasks to queue
[2022-08-02 01:15:01,447] {logging_mixin.py:104} INFO - [2022-08-02 01:15:01,447] {dagbag.py:487} INFO - Filling up the DagBag from /opt/airflow/dags/my_airflow.py
[2022-08-02 01:15:01,505] {scheduler_job.py:643} INFO - DAG(s) dict_keys(['my_dag1']) retrieved from /opt/airflow/dags/my_airflow.py
[2022-08-02 01:15:01,529] {logging_mixin.py:104} INFO - [2022-08-02 01:15:01,529] {dag.py:1832} INFO - Sync 1 DAGs
[2022-08-02 01:15:01,554] {logging_mixin.py:104} INFO - [2022-08-02 01:15:01,554] {dag.py:2305} INFO - Setting next_dagrun for my_dag1 to 2022-08-01 00:00:00+00:00
[2022-08-02 01:15:01,566] {scheduler_job.py:190} INFO - Processing /opt/airflow/dags/my_airflow.py took 0.125 seconds
