[2022-08-02 01:11:35,173] {scheduler_job.py:182} INFO - Started process (PID=88) to work on /home/airflow/.local/lib/python3.6/site-packages/airflow/example_dags/example_bash_operator.py
[2022-08-02 01:11:35,175] {scheduler_job.py:633} INFO - Processing file /home/airflow/.local/lib/python3.6/site-packages/airflow/example_dags/example_bash_operator.py for tasks to queue
[2022-08-02 01:11:35,193] {logging_mixin.py:104} INFO - [2022-08-02 01:11:35,193] {dagbag.py:487} INFO - Filling up the DagBag from /home/airflow/.local/lib/python3.6/site-packages/airflow/example_dags/example_bash_operator.py
[2022-08-02 01:11:35,372] {scheduler_job.py:643} INFO - DAG(s) dict_keys(['example_bash_operator']) retrieved from /home/airflow/.local/lib/python3.6/site-packages/airflow/example_dags/example_bash_operator.py
[2022-08-02 01:11:35,525] {logging_mixin.py:104} INFO - [2022-08-02 01:11:35,525] {dag.py:1832} INFO - Sync 1 DAGs
[2022-08-02 01:11:35,787] {logging_mixin.py:104} INFO - [2022-08-02 01:11:35,782] {dag.py:2305} INFO - Setting next_dagrun for example_bash_operator to 2022-07-31 00:00:00+00:00
[2022-08-02 01:11:35,893] {scheduler_job.py:190} INFO - Processing /home/airflow/.local/lib/python3.6/site-packages/airflow/example_dags/example_bash_operator.py took 0.764 seconds
[2022-08-02 01:12:09,711] {scheduler_job.py:182} INFO - Started process (PID=136) to work on /home/airflow/.local/lib/python3.6/site-packages/airflow/example_dags/example_bash_operator.py
[2022-08-02 01:12:09,719] {scheduler_job.py:633} INFO - Processing file /home/airflow/.local/lib/python3.6/site-packages/airflow/example_dags/example_bash_operator.py for tasks to queue
[2022-08-02 01:12:09,726] {logging_mixin.py:104} INFO - [2022-08-02 01:12:09,725] {dagbag.py:487} INFO - Filling up the DagBag from /home/airflow/.local/lib/python3.6/site-packages/airflow/example_dags/example_bash_operator.py
[2022-08-02 01:12:09,831] {scheduler_job.py:643} INFO - DAG(s) dict_keys(['example_bash_operator']) retrieved from /home/airflow/.local/lib/python3.6/site-packages/airflow/example_dags/example_bash_operator.py
[2022-08-02 01:12:09,915] {logging_mixin.py:104} INFO - [2022-08-02 01:12:09,915] {dag.py:1832} INFO - Sync 1 DAGs
[2022-08-02 01:12:09,980] {logging_mixin.py:104} INFO - [2022-08-02 01:12:09,980] {dag.py:2305} INFO - Setting next_dagrun for example_bash_operator to 2022-07-31 00:00:00+00:00
[2022-08-02 01:12:10,010] {scheduler_job.py:190} INFO - Processing /home/airflow/.local/lib/python3.6/site-packages/airflow/example_dags/example_bash_operator.py took 0.305 seconds
[2022-08-02 01:12:40,230] {scheduler_job.py:182} INFO - Started process (PID=191) to work on /home/airflow/.local/lib/python3.6/site-packages/airflow/example_dags/example_bash_operator.py
[2022-08-02 01:12:40,232] {scheduler_job.py:633} INFO - Processing file /home/airflow/.local/lib/python3.6/site-packages/airflow/example_dags/example_bash_operator.py for tasks to queue
[2022-08-02 01:12:40,233] {logging_mixin.py:104} INFO - [2022-08-02 01:12:40,233] {dagbag.py:487} INFO - Filling up the DagBag from /home/airflow/.local/lib/python3.6/site-packages/airflow/example_dags/example_bash_operator.py
[2022-08-02 01:12:40,289] {scheduler_job.py:643} INFO - DAG(s) dict_keys(['example_bash_operator']) retrieved from /home/airflow/.local/lib/python3.6/site-packages/airflow/example_dags/example_bash_operator.py
[2022-08-02 01:12:40,316] {logging_mixin.py:104} INFO - [2022-08-02 01:12:40,316] {dag.py:1832} INFO - Sync 1 DAGs
[2022-08-02 01:12:40,343] {logging_mixin.py:104} INFO - [2022-08-02 01:12:40,343] {dag.py:2305} INFO - Setting next_dagrun for example_bash_operator to 2022-07-31 00:00:00+00:00
[2022-08-02 01:12:40,370] {scheduler_job.py:190} INFO - Processing /home/airflow/.local/lib/python3.6/site-packages/airflow/example_dags/example_bash_operator.py took 0.143 seconds
[2022-08-02 01:13:11,124] {scheduler_job.py:182} INFO - Started process (PID=245) to work on /home/airflow/.local/lib/python3.6/site-packages/airflow/example_dags/example_bash_operator.py
[2022-08-02 01:13:11,133] {scheduler_job.py:633} INFO - Processing file /home/airflow/.local/lib/python3.6/site-packages/airflow/example_dags/example_bash_operator.py for tasks to queue
[2022-08-02 01:13:11,134] {logging_mixin.py:104} INFO - [2022-08-02 01:13:11,134] {dagbag.py:487} INFO - Filling up the DagBag from /home/airflow/.local/lib/python3.6/site-packages/airflow/example_dags/example_bash_operator.py
[2022-08-02 01:13:11,156] {scheduler_job.py:643} INFO - DAG(s) dict_keys(['example_bash_operator']) retrieved from /home/airflow/.local/lib/python3.6/site-packages/airflow/example_dags/example_bash_operator.py
[2022-08-02 01:13:11,192] {logging_mixin.py:104} INFO - [2022-08-02 01:13:11,192] {dag.py:1832} INFO - Sync 1 DAGs
[2022-08-02 01:13:11,224] {logging_mixin.py:104} INFO - [2022-08-02 01:13:11,224] {dag.py:2305} INFO - Setting next_dagrun for example_bash_operator to 2022-07-31 00:00:00+00:00
[2022-08-02 01:13:11,236] {scheduler_job.py:190} INFO - Processing /home/airflow/.local/lib/python3.6/site-packages/airflow/example_dags/example_bash_operator.py took 0.120 seconds
[2022-08-02 01:13:42,596] {scheduler_job.py:182} INFO - Started process (PID=300) to work on /home/airflow/.local/lib/python3.6/site-packages/airflow/example_dags/example_bash_operator.py
[2022-08-02 01:13:42,605] {scheduler_job.py:633} INFO - Processing file /home/airflow/.local/lib/python3.6/site-packages/airflow/example_dags/example_bash_operator.py for tasks to queue
[2022-08-02 01:13:42,606] {logging_mixin.py:104} INFO - [2022-08-02 01:13:42,605] {dagbag.py:487} INFO - Filling up the DagBag from /home/airflow/.local/lib/python3.6/site-packages/airflow/example_dags/example_bash_operator.py
[2022-08-02 01:13:42,655] {scheduler_job.py:643} INFO - DAG(s) dict_keys(['example_bash_operator']) retrieved from /home/airflow/.local/lib/python3.6/site-packages/airflow/example_dags/example_bash_operator.py
[2022-08-02 01:13:42,699] {logging_mixin.py:104} INFO - [2022-08-02 01:13:42,699] {dag.py:1832} INFO - Sync 1 DAGs
[2022-08-02 01:13:42,756] {logging_mixin.py:104} INFO - [2022-08-02 01:13:42,756] {dag.py:2305} INFO - Setting next_dagrun for example_bash_operator to 2022-07-31 00:00:00+00:00
[2022-08-02 01:13:42,788] {scheduler_job.py:190} INFO - Processing /home/airflow/.local/lib/python3.6/site-packages/airflow/example_dags/example_bash_operator.py took 0.196 seconds
[2022-08-02 01:14:13,524] {scheduler_job.py:182} INFO - Started process (PID=356) to work on /home/airflow/.local/lib/python3.6/site-packages/airflow/example_dags/example_bash_operator.py
[2022-08-02 01:14:13,526] {scheduler_job.py:633} INFO - Processing file /home/airflow/.local/lib/python3.6/site-packages/airflow/example_dags/example_bash_operator.py for tasks to queue
[2022-08-02 01:14:13,527] {logging_mixin.py:104} INFO - [2022-08-02 01:14:13,527] {dagbag.py:487} INFO - Filling up the DagBag from /home/airflow/.local/lib/python3.6/site-packages/airflow/example_dags/example_bash_operator.py
[2022-08-02 01:14:13,561] {scheduler_job.py:643} INFO - DAG(s) dict_keys(['example_bash_operator']) retrieved from /home/airflow/.local/lib/python3.6/site-packages/airflow/example_dags/example_bash_operator.py
[2022-08-02 01:14:13,606] {logging_mixin.py:104} INFO - [2022-08-02 01:14:13,606] {dag.py:1832} INFO - Sync 1 DAGs
[2022-08-02 01:14:13,637] {logging_mixin.py:104} INFO - [2022-08-02 01:14:13,637] {dag.py:2305} INFO - Setting next_dagrun for example_bash_operator to 2022-07-31 00:00:00+00:00
[2022-08-02 01:14:13,651] {scheduler_job.py:190} INFO - Processing /home/airflow/.local/lib/python3.6/site-packages/airflow/example_dags/example_bash_operator.py took 0.132 seconds
[2022-08-02 01:14:44,657] {scheduler_job.py:182} INFO - Started process (PID=411) to work on /home/airflow/.local/lib/python3.6/site-packages/airflow/example_dags/example_bash_operator.py
[2022-08-02 01:14:44,659] {scheduler_job.py:633} INFO - Processing file /home/airflow/.local/lib/python3.6/site-packages/airflow/example_dags/example_bash_operator.py for tasks to queue
[2022-08-02 01:14:44,660] {logging_mixin.py:104} INFO - [2022-08-02 01:14:44,660] {dagbag.py:487} INFO - Filling up the DagBag from /home/airflow/.local/lib/python3.6/site-packages/airflow/example_dags/example_bash_operator.py
[2022-08-02 01:14:44,681] {scheduler_job.py:643} INFO - DAG(s) dict_keys(['example_bash_operator']) retrieved from /home/airflow/.local/lib/python3.6/site-packages/airflow/example_dags/example_bash_operator.py
[2022-08-02 01:14:44,705] {logging_mixin.py:104} INFO - [2022-08-02 01:14:44,705] {dag.py:1832} INFO - Sync 1 DAGs
[2022-08-02 01:14:44,729] {logging_mixin.py:104} INFO - [2022-08-02 01:14:44,729] {dag.py:2305} INFO - Setting next_dagrun for example_bash_operator to 2022-07-31 00:00:00+00:00
[2022-08-02 01:14:44,740] {scheduler_job.py:190} INFO - Processing /home/airflow/.local/lib/python3.6/site-packages/airflow/example_dags/example_bash_operator.py took 0.087 seconds
[2022-08-02 01:15:14,838] {scheduler_job.py:182} INFO - Started process (PID=475) to work on /home/airflow/.local/lib/python3.6/site-packages/airflow/example_dags/example_bash_operator.py
[2022-08-02 01:15:14,847] {scheduler_job.py:633} INFO - Processing file /home/airflow/.local/lib/python3.6/site-packages/airflow/example_dags/example_bash_operator.py for tasks to queue
[2022-08-02 01:15:14,848] {logging_mixin.py:104} INFO - [2022-08-02 01:15:14,848] {dagbag.py:487} INFO - Filling up the DagBag from /home/airflow/.local/lib/python3.6/site-packages/airflow/example_dags/example_bash_operator.py
[2022-08-02 01:15:14,894] {scheduler_job.py:643} INFO - DAG(s) dict_keys(['example_bash_operator']) retrieved from /home/airflow/.local/lib/python3.6/site-packages/airflow/example_dags/example_bash_operator.py
[2022-08-02 01:15:14,957] {logging_mixin.py:104} INFO - [2022-08-02 01:15:14,957] {dag.py:1832} INFO - Sync 1 DAGs
[2022-08-02 01:15:15,005] {logging_mixin.py:104} INFO - [2022-08-02 01:15:15,005] {dag.py:2305} INFO - Setting next_dagrun for example_bash_operator to 2022-07-31 00:00:00+00:00
[2022-08-02 01:15:15,030] {scheduler_job.py:190} INFO - Processing /home/airflow/.local/lib/python3.6/site-packages/airflow/example_dags/example_bash_operator.py took 0.196 seconds
