[2022-08-02 01:11:40,291] {scheduler_job.py:182} INFO - Started process (PID=98) to work on /home/airflow/.local/lib/python3.6/site-packages/airflow/example_dags/example_external_task_marker_dag.py
[2022-08-02 01:11:40,294] {scheduler_job.py:633} INFO - Processing file /home/airflow/.local/lib/python3.6/site-packages/airflow/example_dags/example_external_task_marker_dag.py for tasks to queue
[2022-08-02 01:11:40,334] {logging_mixin.py:104} INFO - [2022-08-02 01:11:40,334] {dagbag.py:487} INFO - Filling up the DagBag from /home/airflow/.local/lib/python3.6/site-packages/airflow/example_dags/example_external_task_marker_dag.py
[2022-08-02 01:11:40,671] {scheduler_job.py:643} INFO - DAG(s) dict_keys(['example_external_task_marker_parent', 'example_external_task_marker_child']) retrieved from /home/airflow/.local/lib/python3.6/site-packages/airflow/example_dags/example_external_task_marker_dag.py
[2022-08-02 01:11:43,184] {logging_mixin.py:104} INFO - [2022-08-02 01:11:43,184] {dag.py:1832} INFO - Sync 2 DAGs
[2022-08-02 01:11:43,460] {logging_mixin.py:104} INFO - [2022-08-02 01:11:43,460] {dag.py:2305} INFO - Setting next_dagrun for example_external_task_marker_child to None
[2022-08-02 01:11:43,463] {logging_mixin.py:104} INFO - [2022-08-02 01:11:43,463] {dag.py:2305} INFO - Setting next_dagrun for example_external_task_marker_parent to None
[2022-08-02 01:11:43,557] {scheduler_job.py:190} INFO - Processing /home/airflow/.local/lib/python3.6/site-packages/airflow/example_dags/example_external_task_marker_dag.py took 3.269 seconds
[2022-08-02 01:12:14,119] {scheduler_job.py:182} INFO - Started process (PID=151) to work on /home/airflow/.local/lib/python3.6/site-packages/airflow/example_dags/example_external_task_marker_dag.py
[2022-08-02 01:12:14,124] {scheduler_job.py:633} INFO - Processing file /home/airflow/.local/lib/python3.6/site-packages/airflow/example_dags/example_external_task_marker_dag.py for tasks to queue
[2022-08-02 01:12:14,134] {logging_mixin.py:104} INFO - [2022-08-02 01:12:14,134] {dagbag.py:487} INFO - Filling up the DagBag from /home/airflow/.local/lib/python3.6/site-packages/airflow/example_dags/example_external_task_marker_dag.py
[2022-08-02 01:12:14,162] {scheduler_job.py:643} INFO - DAG(s) dict_keys(['example_external_task_marker_parent', 'example_external_task_marker_child']) retrieved from /home/airflow/.local/lib/python3.6/site-packages/airflow/example_dags/example_external_task_marker_dag.py
[2022-08-02 01:12:14,306] {logging_mixin.py:104} INFO - [2022-08-02 01:12:14,305] {dag.py:1832} INFO - Sync 2 DAGs
[2022-08-02 01:12:14,394] {logging_mixin.py:104} INFO - [2022-08-02 01:12:14,394] {dag.py:2305} INFO - Setting next_dagrun for example_external_task_marker_child to None
[2022-08-02 01:12:14,400] {logging_mixin.py:104} INFO - [2022-08-02 01:12:14,400] {dag.py:2305} INFO - Setting next_dagrun for example_external_task_marker_parent to None
[2022-08-02 01:12:14,444] {scheduler_job.py:190} INFO - Processing /home/airflow/.local/lib/python3.6/site-packages/airflow/example_dags/example_external_task_marker_dag.py took 0.329 seconds
[2022-08-02 01:12:45,151] {scheduler_job.py:182} INFO - Started process (PID=208) to work on /home/airflow/.local/lib/python3.6/site-packages/airflow/example_dags/example_external_task_marker_dag.py
[2022-08-02 01:12:45,153] {scheduler_job.py:633} INFO - Processing file /home/airflow/.local/lib/python3.6/site-packages/airflow/example_dags/example_external_task_marker_dag.py for tasks to queue
[2022-08-02 01:12:45,154] {logging_mixin.py:104} INFO - [2022-08-02 01:12:45,154] {dagbag.py:487} INFO - Filling up the DagBag from /home/airflow/.local/lib/python3.6/site-packages/airflow/example_dags/example_external_task_marker_dag.py
[2022-08-02 01:12:45,186] {scheduler_job.py:643} INFO - DAG(s) dict_keys(['example_external_task_marker_parent', 'example_external_task_marker_child']) retrieved from /home/airflow/.local/lib/python3.6/site-packages/airflow/example_dags/example_external_task_marker_dag.py
[2022-08-02 01:12:45,284] {logging_mixin.py:104} INFO - [2022-08-02 01:12:45,284] {dag.py:1832} INFO - Sync 2 DAGs
[2022-08-02 01:12:45,362] {logging_mixin.py:104} INFO - [2022-08-02 01:12:45,362] {dag.py:2305} INFO - Setting next_dagrun for example_external_task_marker_child to None
[2022-08-02 01:12:45,364] {logging_mixin.py:104} INFO - [2022-08-02 01:12:45,364] {dag.py:2305} INFO - Setting next_dagrun for example_external_task_marker_parent to None
[2022-08-02 01:12:45,409] {scheduler_job.py:190} INFO - Processing /home/airflow/.local/lib/python3.6/site-packages/airflow/example_dags/example_external_task_marker_dag.py took 0.262 seconds
[2022-08-02 01:13:15,753] {scheduler_job.py:182} INFO - Started process (PID=263) to work on /home/airflow/.local/lib/python3.6/site-packages/airflow/example_dags/example_external_task_marker_dag.py
[2022-08-02 01:13:15,756] {scheduler_job.py:633} INFO - Processing file /home/airflow/.local/lib/python3.6/site-packages/airflow/example_dags/example_external_task_marker_dag.py for tasks to queue
[2022-08-02 01:13:15,757] {logging_mixin.py:104} INFO - [2022-08-02 01:13:15,757] {dagbag.py:487} INFO - Filling up the DagBag from /home/airflow/.local/lib/python3.6/site-packages/airflow/example_dags/example_external_task_marker_dag.py
[2022-08-02 01:13:15,816] {scheduler_job.py:643} INFO - DAG(s) dict_keys(['example_external_task_marker_parent', 'example_external_task_marker_child']) retrieved from /home/airflow/.local/lib/python3.6/site-packages/airflow/example_dags/example_external_task_marker_dag.py
[2022-08-02 01:13:17,838] {logging_mixin.py:104} INFO - [2022-08-02 01:13:17,838] {dag.py:1832} INFO - Sync 2 DAGs
[2022-08-02 01:13:18,105] {logging_mixin.py:104} INFO - [2022-08-02 01:13:18,105] {dag.py:2305} INFO - Setting next_dagrun for example_external_task_marker_child to None
[2022-08-02 01:13:18,174] {logging_mixin.py:104} INFO - [2022-08-02 01:13:18,174] {dag.py:2305} INFO - Setting next_dagrun for example_external_task_marker_parent to None
[2022-08-02 01:13:18,305] {scheduler_job.py:190} INFO - Processing /home/airflow/.local/lib/python3.6/site-packages/airflow/example_dags/example_external_task_marker_dag.py took 2.575 seconds
[2022-08-02 01:13:48,745] {scheduler_job.py:182} INFO - Started process (PID=318) to work on /home/airflow/.local/lib/python3.6/site-packages/airflow/example_dags/example_external_task_marker_dag.py
[2022-08-02 01:13:48,748] {scheduler_job.py:633} INFO - Processing file /home/airflow/.local/lib/python3.6/site-packages/airflow/example_dags/example_external_task_marker_dag.py for tasks to queue
[2022-08-02 01:13:48,749] {logging_mixin.py:104} INFO - [2022-08-02 01:13:48,749] {dagbag.py:487} INFO - Filling up the DagBag from /home/airflow/.local/lib/python3.6/site-packages/airflow/example_dags/example_external_task_marker_dag.py
[2022-08-02 01:13:48,842] {scheduler_job.py:643} INFO - DAG(s) dict_keys(['example_external_task_marker_parent', 'example_external_task_marker_child']) retrieved from /home/airflow/.local/lib/python3.6/site-packages/airflow/example_dags/example_external_task_marker_dag.py
[2022-08-02 01:13:50,326] {logging_mixin.py:104} INFO - [2022-08-02 01:13:50,326] {dag.py:1832} INFO - Sync 2 DAGs
[2022-08-02 01:13:50,351] {logging_mixin.py:104} INFO - [2022-08-02 01:13:50,351] {dag.py:2305} INFO - Setting next_dagrun for example_external_task_marker_child to None
[2022-08-02 01:13:50,354] {logging_mixin.py:104} INFO - [2022-08-02 01:13:50,353] {dag.py:2305} INFO - Setting next_dagrun for example_external_task_marker_parent to None
[2022-08-02 01:13:50,381] {scheduler_job.py:190} INFO - Processing /home/airflow/.local/lib/python3.6/site-packages/airflow/example_dags/example_external_task_marker_dag.py took 1.652 seconds
[2022-08-02 01:14:20,578] {scheduler_job.py:182} INFO - Started process (PID=376) to work on /home/airflow/.local/lib/python3.6/site-packages/airflow/example_dags/example_external_task_marker_dag.py
[2022-08-02 01:14:20,580] {scheduler_job.py:633} INFO - Processing file /home/airflow/.local/lib/python3.6/site-packages/airflow/example_dags/example_external_task_marker_dag.py for tasks to queue
[2022-08-02 01:14:20,582] {logging_mixin.py:104} INFO - [2022-08-02 01:14:20,582] {dagbag.py:487} INFO - Filling up the DagBag from /home/airflow/.local/lib/python3.6/site-packages/airflow/example_dags/example_external_task_marker_dag.py
[2022-08-02 01:14:20,604] {scheduler_job.py:643} INFO - DAG(s) dict_keys(['example_external_task_marker_parent', 'example_external_task_marker_child']) retrieved from /home/airflow/.local/lib/python3.6/site-packages/airflow/example_dags/example_external_task_marker_dag.py
[2022-08-02 01:14:20,642] {logging_mixin.py:104} INFO - [2022-08-02 01:14:20,642] {dag.py:1832} INFO - Sync 2 DAGs
[2022-08-02 01:14:20,707] {logging_mixin.py:104} INFO - [2022-08-02 01:14:20,707] {dag.py:2305} INFO - Setting next_dagrun for example_external_task_marker_child to None
[2022-08-02 01:14:20,709] {logging_mixin.py:104} INFO - [2022-08-02 01:14:20,709] {dag.py:2305} INFO - Setting next_dagrun for example_external_task_marker_parent to None
[2022-08-02 01:14:20,733] {scheduler_job.py:190} INFO - Processing /home/airflow/.local/lib/python3.6/site-packages/airflow/example_dags/example_external_task_marker_dag.py took 0.159 seconds
[2022-08-02 01:14:51,300] {scheduler_job.py:182} INFO - Started process (PID=432) to work on /home/airflow/.local/lib/python3.6/site-packages/airflow/example_dags/example_external_task_marker_dag.py
[2022-08-02 01:14:51,301] {scheduler_job.py:633} INFO - Processing file /home/airflow/.local/lib/python3.6/site-packages/airflow/example_dags/example_external_task_marker_dag.py for tasks to queue
[2022-08-02 01:14:51,302] {logging_mixin.py:104} INFO - [2022-08-02 01:14:51,302] {dagbag.py:487} INFO - Filling up the DagBag from /home/airflow/.local/lib/python3.6/site-packages/airflow/example_dags/example_external_task_marker_dag.py
[2022-08-02 01:14:51,316] {scheduler_job.py:643} INFO - DAG(s) dict_keys(['example_external_task_marker_parent', 'example_external_task_marker_child']) retrieved from /home/airflow/.local/lib/python3.6/site-packages/airflow/example_dags/example_external_task_marker_dag.py
[2022-08-02 01:14:51,336] {logging_mixin.py:104} INFO - [2022-08-02 01:14:51,335] {dag.py:1832} INFO - Sync 2 DAGs
[2022-08-02 01:14:51,349] {logging_mixin.py:104} INFO - [2022-08-02 01:14:51,349] {dag.py:2305} INFO - Setting next_dagrun for example_external_task_marker_child to None
[2022-08-02 01:14:51,350] {logging_mixin.py:104} INFO - [2022-08-02 01:14:51,350] {dag.py:2305} INFO - Setting next_dagrun for example_external_task_marker_parent to None
[2022-08-02 01:14:51,359] {scheduler_job.py:190} INFO - Processing /home/airflow/.local/lib/python3.6/site-packages/airflow/example_dags/example_external_task_marker_dag.py took 0.062 seconds
