[2022-08-02 01:11:28,264] {scheduler_job.py:182} INFO - Started process (PID=65) to work on /home/airflow/.local/lib/python3.6/site-packages/airflow/example_dags/example_branch_labels.py
[2022-08-02 01:11:28,272] {scheduler_job.py:633} INFO - Processing file /home/airflow/.local/lib/python3.6/site-packages/airflow/example_dags/example_branch_labels.py for tasks to queue
[2022-08-02 01:11:28,284] {logging_mixin.py:104} INFO - [2022-08-02 01:11:28,283] {dagbag.py:487} INFO - Filling up the DagBag from /home/airflow/.local/lib/python3.6/site-packages/airflow/example_dags/example_branch_labels.py
[2022-08-02 01:11:28,346] {scheduler_job.py:643} INFO - DAG(s) dict_keys(['example_branch_labels']) retrieved from /home/airflow/.local/lib/python3.6/site-packages/airflow/example_dags/example_branch_labels.py
[2022-08-02 01:11:28,513] {logging_mixin.py:104} INFO - [2022-08-02 01:11:28,513] {dag.py:1832} INFO - Sync 1 DAGs
[2022-08-02 01:11:28,587] {logging_mixin.py:104} INFO - [2022-08-02 01:11:28,587] {dag.py:2305} INFO - Setting next_dagrun for example_branch_labels to 2022-07-31 00:00:00+00:00
[2022-08-02 01:11:28,653] {scheduler_job.py:190} INFO - Processing /home/airflow/.local/lib/python3.6/site-packages/airflow/example_dags/example_branch_labels.py took 0.414 seconds
[2022-08-02 01:12:01,859] {scheduler_job.py:182} INFO - Started process (PID=120) to work on /home/airflow/.local/lib/python3.6/site-packages/airflow/example_dags/example_branch_labels.py
[2022-08-02 01:12:01,873] {scheduler_job.py:633} INFO - Processing file /home/airflow/.local/lib/python3.6/site-packages/airflow/example_dags/example_branch_labels.py for tasks to queue
[2022-08-02 01:12:01,879] {logging_mixin.py:104} INFO - [2022-08-02 01:12:01,879] {dagbag.py:487} INFO - Filling up the DagBag from /home/airflow/.local/lib/python3.6/site-packages/airflow/example_dags/example_branch_labels.py
[2022-08-02 01:12:02,050] {scheduler_job.py:643} INFO - DAG(s) dict_keys(['example_branch_labels']) retrieved from /home/airflow/.local/lib/python3.6/site-packages/airflow/example_dags/example_branch_labels.py
[2022-08-02 01:12:02,344] {logging_mixin.py:104} INFO - [2022-08-02 01:12:02,344] {dag.py:1832} INFO - Sync 1 DAGs
[2022-08-02 01:12:03,059] {logging_mixin.py:104} INFO - [2022-08-02 01:12:03,059] {dag.py:2305} INFO - Setting next_dagrun for example_branch_labels to 2022-07-31 00:00:00+00:00
[2022-08-02 01:12:03,341] {scheduler_job.py:190} INFO - Processing /home/airflow/.local/lib/python3.6/site-packages/airflow/example_dags/example_branch_labels.py took 1.488 seconds
[2022-08-02 01:12:34,005] {scheduler_job.py:182} INFO - Started process (PID=175) to work on /home/airflow/.local/lib/python3.6/site-packages/airflow/example_dags/example_branch_labels.py
[2022-08-02 01:12:34,012] {scheduler_job.py:633} INFO - Processing file /home/airflow/.local/lib/python3.6/site-packages/airflow/example_dags/example_branch_labels.py for tasks to queue
[2022-08-02 01:12:34,013] {logging_mixin.py:104} INFO - [2022-08-02 01:12:34,013] {dagbag.py:487} INFO - Filling up the DagBag from /home/airflow/.local/lib/python3.6/site-packages/airflow/example_dags/example_branch_labels.py
[2022-08-02 01:12:34,045] {scheduler_job.py:643} INFO - DAG(s) dict_keys(['example_branch_labels']) retrieved from /home/airflow/.local/lib/python3.6/site-packages/airflow/example_dags/example_branch_labels.py
[2022-08-02 01:12:34,093] {logging_mixin.py:104} INFO - [2022-08-02 01:12:34,093] {dag.py:1832} INFO - Sync 1 DAGs
[2022-08-02 01:12:34,134] {logging_mixin.py:104} INFO - [2022-08-02 01:12:34,134] {dag.py:2305} INFO - Setting next_dagrun for example_branch_labels to 2022-07-31 00:00:00+00:00
[2022-08-02 01:12:34,144] {scheduler_job.py:190} INFO - Processing /home/airflow/.local/lib/python3.6/site-packages/airflow/example_dags/example_branch_labels.py took 0.142 seconds
[2022-08-02 01:13:04,255] {scheduler_job.py:182} INFO - Started process (PID=230) to work on /home/airflow/.local/lib/python3.6/site-packages/airflow/example_dags/example_branch_labels.py
[2022-08-02 01:13:04,269] {scheduler_job.py:633} INFO - Processing file /home/airflow/.local/lib/python3.6/site-packages/airflow/example_dags/example_branch_labels.py for tasks to queue
[2022-08-02 01:13:04,271] {logging_mixin.py:104} INFO - [2022-08-02 01:13:04,271] {dagbag.py:487} INFO - Filling up the DagBag from /home/airflow/.local/lib/python3.6/site-packages/airflow/example_dags/example_branch_labels.py
[2022-08-02 01:13:04,299] {scheduler_job.py:643} INFO - DAG(s) dict_keys(['example_branch_labels']) retrieved from /home/airflow/.local/lib/python3.6/site-packages/airflow/example_dags/example_branch_labels.py
[2022-08-02 01:13:04,357] {logging_mixin.py:104} INFO - [2022-08-02 01:13:04,357] {dag.py:1832} INFO - Sync 1 DAGs
[2022-08-02 01:13:04,395] {logging_mixin.py:104} INFO - [2022-08-02 01:13:04,395] {dag.py:2305} INFO - Setting next_dagrun for example_branch_labels to 2022-07-31 00:00:00+00:00
[2022-08-02 01:13:04,419] {scheduler_job.py:190} INFO - Processing /home/airflow/.local/lib/python3.6/site-packages/airflow/example_dags/example_branch_labels.py took 0.167 seconds
[2022-08-02 01:13:34,973] {scheduler_job.py:182} INFO - Started process (PID=283) to work on /home/airflow/.local/lib/python3.6/site-packages/airflow/example_dags/example_branch_labels.py
[2022-08-02 01:13:34,976] {scheduler_job.py:633} INFO - Processing file /home/airflow/.local/lib/python3.6/site-packages/airflow/example_dags/example_branch_labels.py for tasks to queue
[2022-08-02 01:13:34,983] {logging_mixin.py:104} INFO - [2022-08-02 01:13:34,982] {dagbag.py:487} INFO - Filling up the DagBag from /home/airflow/.local/lib/python3.6/site-packages/airflow/example_dags/example_branch_labels.py
[2022-08-02 01:13:35,034] {scheduler_job.py:643} INFO - DAG(s) dict_keys(['example_branch_labels']) retrieved from /home/airflow/.local/lib/python3.6/site-packages/airflow/example_dags/example_branch_labels.py
[2022-08-02 01:13:35,154] {logging_mixin.py:104} INFO - [2022-08-02 01:13:35,153] {dag.py:1832} INFO - Sync 1 DAGs
[2022-08-02 01:13:35,209] {logging_mixin.py:104} INFO - [2022-08-02 01:13:35,209] {dag.py:2305} INFO - Setting next_dagrun for example_branch_labels to 2022-07-31 00:00:00+00:00
[2022-08-02 01:13:35,242] {scheduler_job.py:190} INFO - Processing /home/airflow/.local/lib/python3.6/site-packages/airflow/example_dags/example_branch_labels.py took 0.273 seconds
[2022-08-02 01:14:05,614] {scheduler_job.py:182} INFO - Started process (PID=339) to work on /home/airflow/.local/lib/python3.6/site-packages/airflow/example_dags/example_branch_labels.py
[2022-08-02 01:14:05,637] {scheduler_job.py:633} INFO - Processing file /home/airflow/.local/lib/python3.6/site-packages/airflow/example_dags/example_branch_labels.py for tasks to queue
[2022-08-02 01:14:05,654] {logging_mixin.py:104} INFO - [2022-08-02 01:14:05,653] {dagbag.py:487} INFO - Filling up the DagBag from /home/airflow/.local/lib/python3.6/site-packages/airflow/example_dags/example_branch_labels.py
[2022-08-02 01:14:05,726] {scheduler_job.py:643} INFO - DAG(s) dict_keys(['example_branch_labels']) retrieved from /home/airflow/.local/lib/python3.6/site-packages/airflow/example_dags/example_branch_labels.py
[2022-08-02 01:14:05,965] {logging_mixin.py:104} INFO - [2022-08-02 01:14:05,964] {dag.py:1832} INFO - Sync 1 DAGs
[2022-08-02 01:14:06,085] {logging_mixin.py:104} INFO - [2022-08-02 01:14:06,084] {dag.py:2305} INFO - Setting next_dagrun for example_branch_labels to 2022-07-31 00:00:00+00:00
[2022-08-02 01:14:06,163] {scheduler_job.py:190} INFO - Processing /home/airflow/.local/lib/python3.6/site-packages/airflow/example_dags/example_branch_labels.py took 0.574 seconds
[2022-08-02 01:14:36,245] {scheduler_job.py:182} INFO - Started process (PID=395) to work on /home/airflow/.local/lib/python3.6/site-packages/airflow/example_dags/example_branch_labels.py
[2022-08-02 01:14:36,246] {scheduler_job.py:633} INFO - Processing file /home/airflow/.local/lib/python3.6/site-packages/airflow/example_dags/example_branch_labels.py for tasks to queue
[2022-08-02 01:14:36,247] {logging_mixin.py:104} INFO - [2022-08-02 01:14:36,247] {dagbag.py:487} INFO - Filling up the DagBag from /home/airflow/.local/lib/python3.6/site-packages/airflow/example_dags/example_branch_labels.py
[2022-08-02 01:14:36,261] {scheduler_job.py:643} INFO - DAG(s) dict_keys(['example_branch_labels']) retrieved from /home/airflow/.local/lib/python3.6/site-packages/airflow/example_dags/example_branch_labels.py
[2022-08-02 01:14:36,280] {logging_mixin.py:104} INFO - [2022-08-02 01:14:36,279] {dag.py:1832} INFO - Sync 1 DAGs
[2022-08-02 01:14:36,295] {logging_mixin.py:104} INFO - [2022-08-02 01:14:36,295] {dag.py:2305} INFO - Setting next_dagrun for example_branch_labels to 2022-07-31 00:00:00+00:00
[2022-08-02 01:14:36,304] {scheduler_job.py:190} INFO - Processing /home/airflow/.local/lib/python3.6/site-packages/airflow/example_dags/example_branch_labels.py took 0.062 seconds
[2022-08-02 01:15:06,737] {scheduler_job.py:182} INFO - Started process (PID=451) to work on /home/airflow/.local/lib/python3.6/site-packages/airflow/example_dags/example_branch_labels.py
[2022-08-02 01:15:06,738] {scheduler_job.py:633} INFO - Processing file /home/airflow/.local/lib/python3.6/site-packages/airflow/example_dags/example_branch_labels.py for tasks to queue
[2022-08-02 01:15:06,739] {logging_mixin.py:104} INFO - [2022-08-02 01:15:06,739] {dagbag.py:487} INFO - Filling up the DagBag from /home/airflow/.local/lib/python3.6/site-packages/airflow/example_dags/example_branch_labels.py
[2022-08-02 01:15:06,760] {scheduler_job.py:643} INFO - DAG(s) dict_keys(['example_branch_labels']) retrieved from /home/airflow/.local/lib/python3.6/site-packages/airflow/example_dags/example_branch_labels.py
[2022-08-02 01:15:06,787] {logging_mixin.py:104} INFO - [2022-08-02 01:15:06,787] {dag.py:1832} INFO - Sync 1 DAGs
[2022-08-02 01:15:06,817] {logging_mixin.py:104} INFO - [2022-08-02 01:15:06,817] {dag.py:2305} INFO - Setting next_dagrun for example_branch_labels to 2022-07-31 00:00:00+00:00
[2022-08-02 01:15:06,828] {scheduler_job.py:190} INFO - Processing /home/airflow/.local/lib/python3.6/site-packages/airflow/example_dags/example_branch_labels.py took 0.095 seconds
