[2022-08-02 01:11:33,664] {scheduler_job.py:182} INFO - Started process (PID=81) to work on /home/airflow/.local/lib/python3.6/site-packages/airflow/example_dags/example_branch_operator.py
[2022-08-02 01:11:33,666] {scheduler_job.py:633} INFO - Processing file /home/airflow/.local/lib/python3.6/site-packages/airflow/example_dags/example_branch_operator.py for tasks to queue
[2022-08-02 01:11:33,668] {logging_mixin.py:104} INFO - [2022-08-02 01:11:33,668] {dagbag.py:487} INFO - Filling up the DagBag from /home/airflow/.local/lib/python3.6/site-packages/airflow/example_dags/example_branch_operator.py
[2022-08-02 01:11:33,767] {scheduler_job.py:643} INFO - DAG(s) dict_keys(['example_branch_operator']) retrieved from /home/airflow/.local/lib/python3.6/site-packages/airflow/example_dags/example_branch_operator.py
[2022-08-02 01:11:33,943] {logging_mixin.py:104} INFO - [2022-08-02 01:11:33,943] {dag.py:1832} INFO - Sync 1 DAGs
[2022-08-02 01:11:34,047] {logging_mixin.py:104} INFO - [2022-08-02 01:11:34,047] {dag.py:2305} INFO - Setting next_dagrun for example_branch_operator to 2022-07-31 00:00:00+00:00
[2022-08-02 01:11:34,134] {scheduler_job.py:190} INFO - Processing /home/airflow/.local/lib/python3.6/site-packages/airflow/example_dags/example_branch_operator.py took 0.475 seconds
[2022-08-02 01:12:09,104] {scheduler_job.py:182} INFO - Started process (PID=134) to work on /home/airflow/.local/lib/python3.6/site-packages/airflow/example_dags/example_branch_operator.py
[2022-08-02 01:12:09,107] {scheduler_job.py:633} INFO - Processing file /home/airflow/.local/lib/python3.6/site-packages/airflow/example_dags/example_branch_operator.py for tasks to queue
[2022-08-02 01:12:09,108] {logging_mixin.py:104} INFO - [2022-08-02 01:12:09,108] {dagbag.py:487} INFO - Filling up the DagBag from /home/airflow/.local/lib/python3.6/site-packages/airflow/example_dags/example_branch_operator.py
[2022-08-02 01:12:09,199] {scheduler_job.py:643} INFO - DAG(s) dict_keys(['example_branch_operator']) retrieved from /home/airflow/.local/lib/python3.6/site-packages/airflow/example_dags/example_branch_operator.py
[2022-08-02 01:12:09,279] {logging_mixin.py:104} INFO - [2022-08-02 01:12:09,279] {dag.py:1832} INFO - Sync 1 DAGs
[2022-08-02 01:12:09,323] {logging_mixin.py:104} INFO - [2022-08-02 01:12:09,323] {dag.py:2305} INFO - Setting next_dagrun for example_branch_operator to 2022-07-31 00:00:00+00:00
[2022-08-02 01:12:09,376] {scheduler_job.py:190} INFO - Processing /home/airflow/.local/lib/python3.6/site-packages/airflow/example_dags/example_branch_operator.py took 0.288 seconds
[2022-08-02 01:12:39,955] {scheduler_job.py:182} INFO - Started process (PID=188) to work on /home/airflow/.local/lib/python3.6/site-packages/airflow/example_dags/example_branch_operator.py
[2022-08-02 01:12:39,957] {scheduler_job.py:633} INFO - Processing file /home/airflow/.local/lib/python3.6/site-packages/airflow/example_dags/example_branch_operator.py for tasks to queue
[2022-08-02 01:12:39,957] {logging_mixin.py:104} INFO - [2022-08-02 01:12:39,957] {dagbag.py:487} INFO - Filling up the DagBag from /home/airflow/.local/lib/python3.6/site-packages/airflow/example_dags/example_branch_operator.py
[2022-08-02 01:12:39,983] {scheduler_job.py:643} INFO - DAG(s) dict_keys(['example_branch_operator']) retrieved from /home/airflow/.local/lib/python3.6/site-packages/airflow/example_dags/example_branch_operator.py
[2022-08-02 01:12:40,007] {logging_mixin.py:104} INFO - [2022-08-02 01:12:40,006] {dag.py:1832} INFO - Sync 1 DAGs
[2022-08-02 01:12:40,026] {logging_mixin.py:104} INFO - [2022-08-02 01:12:40,026] {dag.py:2305} INFO - Setting next_dagrun for example_branch_operator to 2022-07-31 00:00:00+00:00
[2022-08-02 01:12:40,037] {scheduler_job.py:190} INFO - Processing /home/airflow/.local/lib/python3.6/site-packages/airflow/example_dags/example_branch_operator.py took 0.085 seconds
[2022-08-02 01:13:10,812] {scheduler_job.py:182} INFO - Started process (PID=243) to work on /home/airflow/.local/lib/python3.6/site-packages/airflow/example_dags/example_branch_operator.py
[2022-08-02 01:13:10,816] {scheduler_job.py:633} INFO - Processing file /home/airflow/.local/lib/python3.6/site-packages/airflow/example_dags/example_branch_operator.py for tasks to queue
[2022-08-02 01:13:10,833] {logging_mixin.py:104} INFO - [2022-08-02 01:13:10,821] {dagbag.py:487} INFO - Filling up the DagBag from /home/airflow/.local/lib/python3.6/site-packages/airflow/example_dags/example_branch_operator.py
[2022-08-02 01:13:10,898] {scheduler_job.py:643} INFO - DAG(s) dict_keys(['example_branch_operator']) retrieved from /home/airflow/.local/lib/python3.6/site-packages/airflow/example_dags/example_branch_operator.py
[2022-08-02 01:13:10,934] {logging_mixin.py:104} INFO - [2022-08-02 01:13:10,934] {dag.py:1832} INFO - Sync 1 DAGs
[2022-08-02 01:13:10,965] {logging_mixin.py:104} INFO - [2022-08-02 01:13:10,964] {dag.py:2305} INFO - Setting next_dagrun for example_branch_operator to 2022-07-31 00:00:00+00:00
[2022-08-02 01:13:10,977] {scheduler_job.py:190} INFO - Processing /home/airflow/.local/lib/python3.6/site-packages/airflow/example_dags/example_branch_operator.py took 0.172 seconds
[2022-08-02 01:13:42,067] {scheduler_job.py:182} INFO - Started process (PID=298) to work on /home/airflow/.local/lib/python3.6/site-packages/airflow/example_dags/example_branch_operator.py
[2022-08-02 01:13:42,071] {scheduler_job.py:633} INFO - Processing file /home/airflow/.local/lib/python3.6/site-packages/airflow/example_dags/example_branch_operator.py for tasks to queue
[2022-08-02 01:13:42,077] {logging_mixin.py:104} INFO - [2022-08-02 01:13:42,077] {dagbag.py:487} INFO - Filling up the DagBag from /home/airflow/.local/lib/python3.6/site-packages/airflow/example_dags/example_branch_operator.py
[2022-08-02 01:13:42,155] {scheduler_job.py:643} INFO - DAG(s) dict_keys(['example_branch_operator']) retrieved from /home/airflow/.local/lib/python3.6/site-packages/airflow/example_dags/example_branch_operator.py
[2022-08-02 01:13:42,254] {logging_mixin.py:104} INFO - [2022-08-02 01:13:42,254] {dag.py:1832} INFO - Sync 1 DAGs
[2022-08-02 01:13:42,314] {logging_mixin.py:104} INFO - [2022-08-02 01:13:42,314] {dag.py:2305} INFO - Setting next_dagrun for example_branch_operator to 2022-07-31 00:00:00+00:00
[2022-08-02 01:13:42,344] {scheduler_job.py:190} INFO - Processing /home/airflow/.local/lib/python3.6/site-packages/airflow/example_dags/example_branch_operator.py took 0.288 seconds
[2022-08-02 01:14:13,186] {scheduler_job.py:182} INFO - Started process (PID=354) to work on /home/airflow/.local/lib/python3.6/site-packages/airflow/example_dags/example_branch_operator.py
[2022-08-02 01:14:13,191] {scheduler_job.py:633} INFO - Processing file /home/airflow/.local/lib/python3.6/site-packages/airflow/example_dags/example_branch_operator.py for tasks to queue
[2022-08-02 01:14:13,194] {logging_mixin.py:104} INFO - [2022-08-02 01:14:13,194] {dagbag.py:487} INFO - Filling up the DagBag from /home/airflow/.local/lib/python3.6/site-packages/airflow/example_dags/example_branch_operator.py
[2022-08-02 01:14:13,229] {scheduler_job.py:643} INFO - DAG(s) dict_keys(['example_branch_operator']) retrieved from /home/airflow/.local/lib/python3.6/site-packages/airflow/example_dags/example_branch_operator.py
[2022-08-02 01:14:13,272] {logging_mixin.py:104} INFO - [2022-08-02 01:14:13,272] {dag.py:1832} INFO - Sync 1 DAGs
[2022-08-02 01:14:13,302] {logging_mixin.py:104} INFO - [2022-08-02 01:14:13,301] {dag.py:2305} INFO - Setting next_dagrun for example_branch_operator to 2022-07-31 00:00:00+00:00
[2022-08-02 01:14:13,324] {scheduler_job.py:190} INFO - Processing /home/airflow/.local/lib/python3.6/site-packages/airflow/example_dags/example_branch_operator.py took 0.143 seconds
[2022-08-02 01:14:44,194] {scheduler_job.py:182} INFO - Started process (PID=409) to work on /home/airflow/.local/lib/python3.6/site-packages/airflow/example_dags/example_branch_operator.py
[2022-08-02 01:14:44,202] {scheduler_job.py:633} INFO - Processing file /home/airflow/.local/lib/python3.6/site-packages/airflow/example_dags/example_branch_operator.py for tasks to queue
[2022-08-02 01:14:44,207] {logging_mixin.py:104} INFO - [2022-08-02 01:14:44,206] {dagbag.py:487} INFO - Filling up the DagBag from /home/airflow/.local/lib/python3.6/site-packages/airflow/example_dags/example_branch_operator.py
[2022-08-02 01:14:44,237] {scheduler_job.py:643} INFO - DAG(s) dict_keys(['example_branch_operator']) retrieved from /home/airflow/.local/lib/python3.6/site-packages/airflow/example_dags/example_branch_operator.py
[2022-08-02 01:14:44,306] {logging_mixin.py:104} INFO - [2022-08-02 01:14:44,306] {dag.py:1832} INFO - Sync 1 DAGs
[2022-08-02 01:14:44,356] {logging_mixin.py:104} INFO - [2022-08-02 01:14:44,355] {dag.py:2305} INFO - Setting next_dagrun for example_branch_operator to 2022-07-31 00:00:00+00:00
[2022-08-02 01:14:44,369] {scheduler_job.py:190} INFO - Processing /home/airflow/.local/lib/python3.6/site-packages/airflow/example_dags/example_branch_operator.py took 0.188 seconds
[2022-08-02 01:15:14,602] {scheduler_job.py:182} INFO - Started process (PID=473) to work on /home/airflow/.local/lib/python3.6/site-packages/airflow/example_dags/example_branch_operator.py
[2022-08-02 01:15:14,603] {scheduler_job.py:633} INFO - Processing file /home/airflow/.local/lib/python3.6/site-packages/airflow/example_dags/example_branch_operator.py for tasks to queue
[2022-08-02 01:15:14,613] {logging_mixin.py:104} INFO - [2022-08-02 01:15:14,613] {dagbag.py:487} INFO - Filling up the DagBag from /home/airflow/.local/lib/python3.6/site-packages/airflow/example_dags/example_branch_operator.py
[2022-08-02 01:15:14,635] {scheduler_job.py:643} INFO - DAG(s) dict_keys(['example_branch_operator']) retrieved from /home/airflow/.local/lib/python3.6/site-packages/airflow/example_dags/example_branch_operator.py
[2022-08-02 01:15:14,666] {logging_mixin.py:104} INFO - [2022-08-02 01:15:14,666] {dag.py:1832} INFO - Sync 1 DAGs
[2022-08-02 01:15:14,740] {logging_mixin.py:104} INFO - [2022-08-02 01:15:14,740] {dag.py:2305} INFO - Setting next_dagrun for example_branch_operator to 2022-07-31 00:00:00+00:00
[2022-08-02 01:15:14,763] {scheduler_job.py:190} INFO - Processing /home/airflow/.local/lib/python3.6/site-packages/airflow/example_dags/example_branch_operator.py took 0.166 seconds
