[2022-08-02 01:11:28,114] {scheduler_job.py:182} INFO - Started process (PID=64) to work on /home/airflow/.local/lib/python3.6/site-packages/airflow/example_dags/example_kubernetes_executor.py
[2022-08-02 01:11:28,125] {scheduler_job.py:633} INFO - Processing file /home/airflow/.local/lib/python3.6/site-packages/airflow/example_dags/example_kubernetes_executor.py for tasks to queue
[2022-08-02 01:11:28,153] {logging_mixin.py:104} INFO - [2022-08-02 01:11:28,152] {dagbag.py:487} INFO - Filling up the DagBag from /home/airflow/.local/lib/python3.6/site-packages/airflow/example_dags/example_kubernetes_executor.py
[2022-08-02 01:11:28,270] {scheduler_job.py:643} INFO - DAG(s) dict_keys(['example_kubernetes_executor']) retrieved from /home/airflow/.local/lib/python3.6/site-packages/airflow/example_dags/example_kubernetes_executor.py
[2022-08-02 01:11:28,414] {logging_mixin.py:104} INFO - [2022-08-02 01:11:28,413] {dag.py:1832} INFO - Sync 1 DAGs
[2022-08-02 01:11:28,547] {logging_mixin.py:104} INFO - [2022-08-02 01:11:28,546] {dag.py:2305} INFO - Setting next_dagrun for example_kubernetes_executor to None
[2022-08-02 01:11:28,601] {scheduler_job.py:190} INFO - Processing /home/airflow/.local/lib/python3.6/site-packages/airflow/example_dags/example_kubernetes_executor.py took 0.534 seconds
[2022-08-02 01:12:01,781] {scheduler_job.py:182} INFO - Started process (PID=119) to work on /home/airflow/.local/lib/python3.6/site-packages/airflow/example_dags/example_kubernetes_executor.py
[2022-08-02 01:12:01,815] {scheduler_job.py:633} INFO - Processing file /home/airflow/.local/lib/python3.6/site-packages/airflow/example_dags/example_kubernetes_executor.py for tasks to queue
[2022-08-02 01:12:01,821] {logging_mixin.py:104} INFO - [2022-08-02 01:12:01,820] {dagbag.py:487} INFO - Filling up the DagBag from /home/airflow/.local/lib/python3.6/site-packages/airflow/example_dags/example_kubernetes_executor.py
[2022-08-02 01:12:02,077] {scheduler_job.py:643} INFO - DAG(s) dict_keys(['example_kubernetes_executor']) retrieved from /home/airflow/.local/lib/python3.6/site-packages/airflow/example_dags/example_kubernetes_executor.py
[2022-08-02 01:12:02,422] {logging_mixin.py:104} INFO - [2022-08-02 01:12:02,421] {dag.py:1832} INFO - Sync 1 DAGs
[2022-08-02 01:12:03,179] {logging_mixin.py:104} INFO - [2022-08-02 01:12:03,178] {dag.py:2305} INFO - Setting next_dagrun for example_kubernetes_executor to None
[2022-08-02 01:12:03,399] {scheduler_job.py:190} INFO - Processing /home/airflow/.local/lib/python3.6/site-packages/airflow/example_dags/example_kubernetes_executor.py took 1.638 seconds
[2022-08-02 01:12:34,010] {scheduler_job.py:182} INFO - Started process (PID=174) to work on /home/airflow/.local/lib/python3.6/site-packages/airflow/example_dags/example_kubernetes_executor.py
[2022-08-02 01:12:34,011] {scheduler_job.py:633} INFO - Processing file /home/airflow/.local/lib/python3.6/site-packages/airflow/example_dags/example_kubernetes_executor.py for tasks to queue
[2022-08-02 01:12:34,014] {logging_mixin.py:104} INFO - [2022-08-02 01:12:34,013] {dagbag.py:487} INFO - Filling up the DagBag from /home/airflow/.local/lib/python3.6/site-packages/airflow/example_dags/example_kubernetes_executor.py
[2022-08-02 01:12:34,042] {scheduler_job.py:643} INFO - DAG(s) dict_keys(['example_kubernetes_executor']) retrieved from /home/airflow/.local/lib/python3.6/site-packages/airflow/example_dags/example_kubernetes_executor.py
[2022-08-02 01:12:34,080] {logging_mixin.py:104} INFO - [2022-08-02 01:12:34,079] {dag.py:1832} INFO - Sync 1 DAGs
[2022-08-02 01:12:34,104] {logging_mixin.py:104} INFO - [2022-08-02 01:12:34,104] {dag.py:2305} INFO - Setting next_dagrun for example_kubernetes_executor to None
[2022-08-02 01:12:34,116] {scheduler_job.py:190} INFO - Processing /home/airflow/.local/lib/python3.6/site-packages/airflow/example_dags/example_kubernetes_executor.py took 0.110 seconds
[2022-08-02 01:13:04,263] {scheduler_job.py:182} INFO - Started process (PID=229) to work on /home/airflow/.local/lib/python3.6/site-packages/airflow/example_dags/example_kubernetes_executor.py
[2022-08-02 01:13:04,270] {scheduler_job.py:633} INFO - Processing file /home/airflow/.local/lib/python3.6/site-packages/airflow/example_dags/example_kubernetes_executor.py for tasks to queue
[2022-08-02 01:13:04,272] {logging_mixin.py:104} INFO - [2022-08-02 01:13:04,272] {dagbag.py:487} INFO - Filling up the DagBag from /home/airflow/.local/lib/python3.6/site-packages/airflow/example_dags/example_kubernetes_executor.py
[2022-08-02 01:13:04,310] {scheduler_job.py:643} INFO - DAG(s) dict_keys(['example_kubernetes_executor']) retrieved from /home/airflow/.local/lib/python3.6/site-packages/airflow/example_dags/example_kubernetes_executor.py
[2022-08-02 01:13:04,358] {logging_mixin.py:104} INFO - [2022-08-02 01:13:04,358] {dag.py:1832} INFO - Sync 1 DAGs
[2022-08-02 01:13:04,391] {logging_mixin.py:104} INFO - [2022-08-02 01:13:04,390] {dag.py:2305} INFO - Setting next_dagrun for example_kubernetes_executor to None
[2022-08-02 01:13:04,411] {scheduler_job.py:190} INFO - Processing /home/airflow/.local/lib/python3.6/site-packages/airflow/example_dags/example_kubernetes_executor.py took 0.152 seconds
[2022-08-02 01:13:34,982] {scheduler_job.py:182} INFO - Started process (PID=282) to work on /home/airflow/.local/lib/python3.6/site-packages/airflow/example_dags/example_kubernetes_executor.py
[2022-08-02 01:13:34,985] {scheduler_job.py:633} INFO - Processing file /home/airflow/.local/lib/python3.6/site-packages/airflow/example_dags/example_kubernetes_executor.py for tasks to queue
[2022-08-02 01:13:34,993] {logging_mixin.py:104} INFO - [2022-08-02 01:13:34,993] {dagbag.py:487} INFO - Filling up the DagBag from /home/airflow/.local/lib/python3.6/site-packages/airflow/example_dags/example_kubernetes_executor.py
[2022-08-02 01:13:35,058] {scheduler_job.py:643} INFO - DAG(s) dict_keys(['example_kubernetes_executor']) retrieved from /home/airflow/.local/lib/python3.6/site-packages/airflow/example_dags/example_kubernetes_executor.py
[2022-08-02 01:13:35,107] {logging_mixin.py:104} INFO - [2022-08-02 01:13:35,107] {dag.py:1832} INFO - Sync 1 DAGs
[2022-08-02 01:13:35,167] {logging_mixin.py:104} INFO - [2022-08-02 01:13:35,167] {dag.py:2305} INFO - Setting next_dagrun for example_kubernetes_executor to None
[2022-08-02 01:13:35,196] {scheduler_job.py:190} INFO - Processing /home/airflow/.local/lib/python3.6/site-packages/airflow/example_dags/example_kubernetes_executor.py took 0.219 seconds
[2022-08-02 01:14:05,614] {scheduler_job.py:182} INFO - Started process (PID=338) to work on /home/airflow/.local/lib/python3.6/site-packages/airflow/example_dags/example_kubernetes_executor.py
[2022-08-02 01:14:05,639] {scheduler_job.py:633} INFO - Processing file /home/airflow/.local/lib/python3.6/site-packages/airflow/example_dags/example_kubernetes_executor.py for tasks to queue
[2022-08-02 01:14:05,644] {logging_mixin.py:104} INFO - [2022-08-02 01:14:05,643] {dagbag.py:487} INFO - Filling up the DagBag from /home/airflow/.local/lib/python3.6/site-packages/airflow/example_dags/example_kubernetes_executor.py
[2022-08-02 01:14:05,856] {scheduler_job.py:643} INFO - DAG(s) dict_keys(['example_kubernetes_executor']) retrieved from /home/airflow/.local/lib/python3.6/site-packages/airflow/example_dags/example_kubernetes_executor.py
[2022-08-02 01:14:06,059] {logging_mixin.py:104} INFO - [2022-08-02 01:14:06,059] {dag.py:1832} INFO - Sync 1 DAGs
[2022-08-02 01:14:06,154] {logging_mixin.py:104} INFO - [2022-08-02 01:14:06,153] {dag.py:2305} INFO - Setting next_dagrun for example_kubernetes_executor to None
[2022-08-02 01:14:06,216] {scheduler_job.py:190} INFO - Processing /home/airflow/.local/lib/python3.6/site-packages/airflow/example_dags/example_kubernetes_executor.py took 0.629 seconds
[2022-08-02 01:14:36,336] {scheduler_job.py:182} INFO - Started process (PID=396) to work on /home/airflow/.local/lib/python3.6/site-packages/airflow/example_dags/example_kubernetes_executor.py
[2022-08-02 01:14:36,338] {scheduler_job.py:633} INFO - Processing file /home/airflow/.local/lib/python3.6/site-packages/airflow/example_dags/example_kubernetes_executor.py for tasks to queue
[2022-08-02 01:14:36,339] {logging_mixin.py:104} INFO - [2022-08-02 01:14:36,339] {dagbag.py:487} INFO - Filling up the DagBag from /home/airflow/.local/lib/python3.6/site-packages/airflow/example_dags/example_kubernetes_executor.py
[2022-08-02 01:14:36,360] {scheduler_job.py:643} INFO - DAG(s) dict_keys(['example_kubernetes_executor']) retrieved from /home/airflow/.local/lib/python3.6/site-packages/airflow/example_dags/example_kubernetes_executor.py
[2022-08-02 01:14:36,385] {logging_mixin.py:104} INFO - [2022-08-02 01:14:36,384] {dag.py:1832} INFO - Sync 1 DAGs
[2022-08-02 01:14:36,403] {logging_mixin.py:104} INFO - [2022-08-02 01:14:36,403] {dag.py:2305} INFO - Setting next_dagrun for example_kubernetes_executor to None
[2022-08-02 01:14:36,415] {scheduler_job.py:190} INFO - Processing /home/airflow/.local/lib/python3.6/site-packages/airflow/example_dags/example_kubernetes_executor.py took 0.082 seconds
[2022-08-02 01:15:06,740] {scheduler_job.py:182} INFO - Started process (PID=450) to work on /home/airflow/.local/lib/python3.6/site-packages/airflow/example_dags/example_kubernetes_executor.py
[2022-08-02 01:15:06,741] {scheduler_job.py:633} INFO - Processing file /home/airflow/.local/lib/python3.6/site-packages/airflow/example_dags/example_kubernetes_executor.py for tasks to queue
[2022-08-02 01:15:06,743] {logging_mixin.py:104} INFO - [2022-08-02 01:15:06,742] {dagbag.py:487} INFO - Filling up the DagBag from /home/airflow/.local/lib/python3.6/site-packages/airflow/example_dags/example_kubernetes_executor.py
[2022-08-02 01:15:06,760] {scheduler_job.py:643} INFO - DAG(s) dict_keys(['example_kubernetes_executor']) retrieved from /home/airflow/.local/lib/python3.6/site-packages/airflow/example_dags/example_kubernetes_executor.py
[2022-08-02 01:15:06,784] {logging_mixin.py:104} INFO - [2022-08-02 01:15:06,784] {dag.py:1832} INFO - Sync 1 DAGs
[2022-08-02 01:15:06,804] {logging_mixin.py:104} INFO - [2022-08-02 01:15:06,803] {dag.py:2305} INFO - Setting next_dagrun for example_kubernetes_executor to None
[2022-08-02 01:15:06,820] {scheduler_job.py:190} INFO - Processing /home/airflow/.local/lib/python3.6/site-packages/airflow/example_dags/example_kubernetes_executor.py took 0.083 seconds
