[2022-08-02 01:11:41,030] {scheduler_job.py:182} INFO - Started process (PID=99) to work on /home/airflow/.local/lib/python3.6/site-packages/airflow/example_dags/example_xcomargs.py
[2022-08-02 01:11:41,074] {scheduler_job.py:633} INFO - Processing file /home/airflow/.local/lib/python3.6/site-packages/airflow/example_dags/example_xcomargs.py for tasks to queue
[2022-08-02 01:11:41,134] {logging_mixin.py:104} INFO - [2022-08-02 01:11:41,134] {dagbag.py:487} INFO - Filling up the DagBag from /home/airflow/.local/lib/python3.6/site-packages/airflow/example_dags/example_xcomargs.py
[2022-08-02 01:11:41,301] {scheduler_job.py:643} INFO - DAG(s) dict_keys(['example_xcom_args', 'example_xcom_args_with_operators']) retrieved from /home/airflow/.local/lib/python3.6/site-packages/airflow/example_dags/example_xcomargs.py
[2022-08-02 01:11:44,254] {logging_mixin.py:104} INFO - [2022-08-02 01:11:44,254] {dag.py:1832} INFO - Sync 2 DAGs
[2022-08-02 01:11:44,344] {logging_mixin.py:104} INFO - [2022-08-02 01:11:44,344] {dag.py:2305} INFO - Setting next_dagrun for example_xcom_args to None
[2022-08-02 01:11:44,346] {logging_mixin.py:104} INFO - [2022-08-02 01:11:44,346] {dag.py:2305} INFO - Setting next_dagrun for example_xcom_args_with_operators to None
[2022-08-02 01:11:44,416] {scheduler_job.py:190} INFO - Processing /home/airflow/.local/lib/python3.6/site-packages/airflow/example_dags/example_xcomargs.py took 3.391 seconds
[2022-08-02 01:12:14,503] {scheduler_job.py:182} INFO - Started process (PID=153) to work on /home/airflow/.local/lib/python3.6/site-packages/airflow/example_dags/example_xcomargs.py
[2022-08-02 01:12:14,514] {scheduler_job.py:633} INFO - Processing file /home/airflow/.local/lib/python3.6/site-packages/airflow/example_dags/example_xcomargs.py for tasks to queue
[2022-08-02 01:12:14,515] {logging_mixin.py:104} INFO - [2022-08-02 01:12:14,515] {dagbag.py:487} INFO - Filling up the DagBag from /home/airflow/.local/lib/python3.6/site-packages/airflow/example_dags/example_xcomargs.py
[2022-08-02 01:12:14,583] {scheduler_job.py:643} INFO - DAG(s) dict_keys(['example_xcom_args', 'example_xcom_args_with_operators']) retrieved from /home/airflow/.local/lib/python3.6/site-packages/airflow/example_dags/example_xcomargs.py
[2022-08-02 01:12:15,709] {logging_mixin.py:104} INFO - [2022-08-02 01:12:15,709] {dag.py:1832} INFO - Sync 2 DAGs
[2022-08-02 01:12:15,744] {logging_mixin.py:104} INFO - [2022-08-02 01:12:15,744] {dag.py:2305} INFO - Setting next_dagrun for example_xcom_args to None
[2022-08-02 01:12:15,745] {logging_mixin.py:104} INFO - [2022-08-02 01:12:15,745] {dag.py:2305} INFO - Setting next_dagrun for example_xcom_args_with_operators to None
[2022-08-02 01:12:15,777] {scheduler_job.py:190} INFO - Processing /home/airflow/.local/lib/python3.6/site-packages/airflow/example_dags/example_xcomargs.py took 1.278 seconds
[2022-08-02 01:12:46,164] {scheduler_job.py:182} INFO - Started process (PID=211) to work on /home/airflow/.local/lib/python3.6/site-packages/airflow/example_dags/example_xcomargs.py
[2022-08-02 01:12:46,168] {scheduler_job.py:633} INFO - Processing file /home/airflow/.local/lib/python3.6/site-packages/airflow/example_dags/example_xcomargs.py for tasks to queue
[2022-08-02 01:12:46,184] {logging_mixin.py:104} INFO - [2022-08-02 01:12:46,184] {dagbag.py:487} INFO - Filling up the DagBag from /home/airflow/.local/lib/python3.6/site-packages/airflow/example_dags/example_xcomargs.py
[2022-08-02 01:12:46,230] {scheduler_job.py:643} INFO - DAG(s) dict_keys(['example_xcom_args', 'example_xcom_args_with_operators']) retrieved from /home/airflow/.local/lib/python3.6/site-packages/airflow/example_dags/example_xcomargs.py
[2022-08-02 01:12:46,854] {logging_mixin.py:104} INFO - [2022-08-02 01:12:46,854] {dag.py:1832} INFO - Sync 2 DAGs
[2022-08-02 01:12:46,945] {logging_mixin.py:104} INFO - [2022-08-02 01:12:46,944] {dag.py:2305} INFO - Setting next_dagrun for example_xcom_args to None
[2022-08-02 01:12:46,953] {logging_mixin.py:104} INFO - [2022-08-02 01:12:46,953] {dag.py:2305} INFO - Setting next_dagrun for example_xcom_args_with_operators to None
[2022-08-02 01:12:47,434] {scheduler_job.py:190} INFO - Processing /home/airflow/.local/lib/python3.6/site-packages/airflow/example_dags/example_xcomargs.py took 1.274 seconds
[2022-08-02 01:13:17,868] {scheduler_job.py:182} INFO - Started process (PID=265) to work on /home/airflow/.local/lib/python3.6/site-packages/airflow/example_dags/example_xcomargs.py
[2022-08-02 01:13:18,043] {scheduler_job.py:633} INFO - Processing file /home/airflow/.local/lib/python3.6/site-packages/airflow/example_dags/example_xcomargs.py for tasks to queue
[2022-08-02 01:13:18,146] {logging_mixin.py:104} INFO - [2022-08-02 01:13:18,052] {dagbag.py:487} INFO - Filling up the DagBag from /home/airflow/.local/lib/python3.6/site-packages/airflow/example_dags/example_xcomargs.py
[2022-08-02 01:13:18,490] {scheduler_job.py:643} INFO - DAG(s) dict_keys(['example_xcom_args', 'example_xcom_args_with_operators']) retrieved from /home/airflow/.local/lib/python3.6/site-packages/airflow/example_dags/example_xcomargs.py
[2022-08-02 01:13:20,817] {logging_mixin.py:104} INFO - [2022-08-02 01:13:20,817] {dag.py:1832} INFO - Sync 2 DAGs
[2022-08-02 01:13:20,931] {logging_mixin.py:104} INFO - [2022-08-02 01:13:20,931] {dag.py:2305} INFO - Setting next_dagrun for example_xcom_args to None
[2022-08-02 01:13:20,939] {logging_mixin.py:104} INFO - [2022-08-02 01:13:20,939] {dag.py:2305} INFO - Setting next_dagrun for example_xcom_args_with_operators to None
[2022-08-02 01:13:20,983] {scheduler_job.py:190} INFO - Processing /home/airflow/.local/lib/python3.6/site-packages/airflow/example_dags/example_xcomargs.py took 3.203 seconds
[2022-08-02 01:13:51,109] {scheduler_job.py:182} INFO - Started process (PID=322) to work on /home/airflow/.local/lib/python3.6/site-packages/airflow/example_dags/example_xcomargs.py
[2022-08-02 01:13:51,111] {scheduler_job.py:633} INFO - Processing file /home/airflow/.local/lib/python3.6/site-packages/airflow/example_dags/example_xcomargs.py for tasks to queue
[2022-08-02 01:13:51,112] {logging_mixin.py:104} INFO - [2022-08-02 01:13:51,112] {dagbag.py:487} INFO - Filling up the DagBag from /home/airflow/.local/lib/python3.6/site-packages/airflow/example_dags/example_xcomargs.py
[2022-08-02 01:13:51,170] {scheduler_job.py:643} INFO - DAG(s) dict_keys(['example_xcom_args', 'example_xcom_args_with_operators']) retrieved from /home/airflow/.local/lib/python3.6/site-packages/airflow/example_dags/example_xcomargs.py
[2022-08-02 01:13:52,548] {logging_mixin.py:104} INFO - [2022-08-02 01:13:52,548] {dag.py:1832} INFO - Sync 2 DAGs
[2022-08-02 01:13:52,623] {logging_mixin.py:104} INFO - [2022-08-02 01:13:52,623] {dag.py:2305} INFO - Setting next_dagrun for example_xcom_args to None
[2022-08-02 01:13:52,631] {logging_mixin.py:104} INFO - [2022-08-02 01:13:52,631] {dag.py:2305} INFO - Setting next_dagrun for example_xcom_args_with_operators to None
[2022-08-02 01:13:52,687] {scheduler_job.py:190} INFO - Processing /home/airflow/.local/lib/python3.6/site-packages/airflow/example_dags/example_xcomargs.py took 1.582 seconds
[2022-08-02 01:14:22,827] {scheduler_job.py:182} INFO - Started process (PID=378) to work on /home/airflow/.local/lib/python3.6/site-packages/airflow/example_dags/example_xcomargs.py
[2022-08-02 01:14:22,828] {scheduler_job.py:633} INFO - Processing file /home/airflow/.local/lib/python3.6/site-packages/airflow/example_dags/example_xcomargs.py for tasks to queue
[2022-08-02 01:14:22,831] {logging_mixin.py:104} INFO - [2022-08-02 01:14:22,831] {dagbag.py:487} INFO - Filling up the DagBag from /home/airflow/.local/lib/python3.6/site-packages/airflow/example_dags/example_xcomargs.py
[2022-08-02 01:14:22,893] {scheduler_job.py:643} INFO - DAG(s) dict_keys(['example_xcom_args', 'example_xcom_args_with_operators']) retrieved from /home/airflow/.local/lib/python3.6/site-packages/airflow/example_dags/example_xcomargs.py
[2022-08-02 01:14:24,214] {logging_mixin.py:104} INFO - [2022-08-02 01:14:24,214] {dag.py:1832} INFO - Sync 2 DAGs
[2022-08-02 01:14:24,236] {logging_mixin.py:104} INFO - [2022-08-02 01:14:24,236] {dag.py:2305} INFO - Setting next_dagrun for example_xcom_args to None
[2022-08-02 01:14:24,239] {logging_mixin.py:104} INFO - [2022-08-02 01:14:24,239] {dag.py:2305} INFO - Setting next_dagrun for example_xcom_args_with_operators to None
[2022-08-02 01:14:24,267] {scheduler_job.py:190} INFO - Processing /home/airflow/.local/lib/python3.6/site-packages/airflow/example_dags/example_xcomargs.py took 1.444 seconds
[2022-08-02 01:14:54,328] {scheduler_job.py:182} INFO - Started process (PID=433) to work on /home/airflow/.local/lib/python3.6/site-packages/airflow/example_dags/example_xcomargs.py
[2022-08-02 01:14:54,329] {scheduler_job.py:633} INFO - Processing file /home/airflow/.local/lib/python3.6/site-packages/airflow/example_dags/example_xcomargs.py for tasks to queue
[2022-08-02 01:14:54,330] {logging_mixin.py:104} INFO - [2022-08-02 01:14:54,330] {dagbag.py:487} INFO - Filling up the DagBag from /home/airflow/.local/lib/python3.6/site-packages/airflow/example_dags/example_xcomargs.py
[2022-08-02 01:14:54,351] {scheduler_job.py:643} INFO - DAG(s) dict_keys(['example_xcom_args', 'example_xcom_args_with_operators']) retrieved from /home/airflow/.local/lib/python3.6/site-packages/airflow/example_dags/example_xcomargs.py
[2022-08-02 01:14:54,623] {logging_mixin.py:104} INFO - [2022-08-02 01:14:54,623] {dag.py:1832} INFO - Sync 2 DAGs
[2022-08-02 01:14:54,634] {logging_mixin.py:104} INFO - [2022-08-02 01:14:54,634] {dag.py:2305} INFO - Setting next_dagrun for example_xcom_args to None
[2022-08-02 01:14:54,635] {logging_mixin.py:104} INFO - [2022-08-02 01:14:54,635] {dag.py:2305} INFO - Setting next_dagrun for example_xcom_args_with_operators to None
[2022-08-02 01:14:54,645] {scheduler_job.py:190} INFO - Processing /home/airflow/.local/lib/python3.6/site-packages/airflow/example_dags/example_xcomargs.py took 0.320 seconds
