[2022-08-02 01:11:29,584] {scheduler_job.py:182} INFO - Started process (PID=69) to work on /home/airflow/.local/lib/python3.6/site-packages/airflow/example_dags/example_kubernetes_executor_config.py
[2022-08-02 01:11:29,586] {scheduler_job.py:633} INFO - Processing file /home/airflow/.local/lib/python3.6/site-packages/airflow/example_dags/example_kubernetes_executor_config.py for tasks to queue
[2022-08-02 01:11:29,599] {logging_mixin.py:104} INFO - [2022-08-02 01:11:29,599] {dagbag.py:487} INFO - Filling up the DagBag from /home/airflow/.local/lib/python3.6/site-packages/airflow/example_dags/example_kubernetes_executor_config.py
[2022-08-02 01:11:29,715] {scheduler_job.py:643} INFO - DAG(s) dict_keys(['example_kubernetes_executor_config']) retrieved from /home/airflow/.local/lib/python3.6/site-packages/airflow/example_dags/example_kubernetes_executor_config.py
[2022-08-02 01:11:29,843] {logging_mixin.py:104} INFO - [2022-08-02 01:11:29,838] {dag.py:1832} INFO - Sync 1 DAGs
[2022-08-02 01:11:29,901] {logging_mixin.py:104} INFO - [2022-08-02 01:11:29,900] {dag.py:2305} INFO - Setting next_dagrun for example_kubernetes_executor_config to None
[2022-08-02 01:11:29,964] {scheduler_job.py:190} INFO - Processing /home/airflow/.local/lib/python3.6/site-packages/airflow/example_dags/example_kubernetes_executor_config.py took 0.385 seconds
[2022-08-02 01:12:06,920] {scheduler_job.py:182} INFO - Started process (PID=124) to work on /home/airflow/.local/lib/python3.6/site-packages/airflow/example_dags/example_kubernetes_executor_config.py
[2022-08-02 01:12:06,931] {scheduler_job.py:633} INFO - Processing file /home/airflow/.local/lib/python3.6/site-packages/airflow/example_dags/example_kubernetes_executor_config.py for tasks to queue
[2022-08-02 01:12:06,945] {logging_mixin.py:104} INFO - [2022-08-02 01:12:06,944] {dagbag.py:487} INFO - Filling up the DagBag from /home/airflow/.local/lib/python3.6/site-packages/airflow/example_dags/example_kubernetes_executor_config.py
[2022-08-02 01:12:07,142] {scheduler_job.py:643} INFO - DAG(s) dict_keys(['example_kubernetes_executor_config']) retrieved from /home/airflow/.local/lib/python3.6/site-packages/airflow/example_dags/example_kubernetes_executor_config.py
[2022-08-02 01:12:07,234] {logging_mixin.py:104} INFO - [2022-08-02 01:12:07,234] {dag.py:1832} INFO - Sync 1 DAGs
[2022-08-02 01:12:07,279] {logging_mixin.py:104} INFO - [2022-08-02 01:12:07,279] {dag.py:2305} INFO - Setting next_dagrun for example_kubernetes_executor_config to None
[2022-08-02 01:12:07,303] {scheduler_job.py:190} INFO - Processing /home/airflow/.local/lib/python3.6/site-packages/airflow/example_dags/example_kubernetes_executor_config.py took 0.390 seconds
[2022-08-02 01:12:38,289] {scheduler_job.py:182} INFO - Started process (PID=179) to work on /home/airflow/.local/lib/python3.6/site-packages/airflow/example_dags/example_kubernetes_executor_config.py
[2022-08-02 01:12:38,291] {scheduler_job.py:633} INFO - Processing file /home/airflow/.local/lib/python3.6/site-packages/airflow/example_dags/example_kubernetes_executor_config.py for tasks to queue
[2022-08-02 01:12:38,292] {logging_mixin.py:104} INFO - [2022-08-02 01:12:38,291] {dagbag.py:487} INFO - Filling up the DagBag from /home/airflow/.local/lib/python3.6/site-packages/airflow/example_dags/example_kubernetes_executor_config.py
[2022-08-02 01:12:38,328] {scheduler_job.py:643} INFO - DAG(s) dict_keys(['example_kubernetes_executor_config']) retrieved from /home/airflow/.local/lib/python3.6/site-packages/airflow/example_dags/example_kubernetes_executor_config.py
[2022-08-02 01:12:38,348] {logging_mixin.py:104} INFO - [2022-08-02 01:12:38,348] {dag.py:1832} INFO - Sync 1 DAGs
[2022-08-02 01:12:38,361] {logging_mixin.py:104} INFO - [2022-08-02 01:12:38,360] {dag.py:2305} INFO - Setting next_dagrun for example_kubernetes_executor_config to None
[2022-08-02 01:12:38,369] {scheduler_job.py:190} INFO - Processing /home/airflow/.local/lib/python3.6/site-packages/airflow/example_dags/example_kubernetes_executor_config.py took 0.084 seconds
[2022-08-02 01:13:08,556] {scheduler_job.py:182} INFO - Started process (PID=233) to work on /home/airflow/.local/lib/python3.6/site-packages/airflow/example_dags/example_kubernetes_executor_config.py
[2022-08-02 01:13:08,558] {scheduler_job.py:633} INFO - Processing file /home/airflow/.local/lib/python3.6/site-packages/airflow/example_dags/example_kubernetes_executor_config.py for tasks to queue
[2022-08-02 01:13:08,559] {logging_mixin.py:104} INFO - [2022-08-02 01:13:08,559] {dagbag.py:487} INFO - Filling up the DagBag from /home/airflow/.local/lib/python3.6/site-packages/airflow/example_dags/example_kubernetes_executor_config.py
[2022-08-02 01:13:08,582] {scheduler_job.py:643} INFO - DAG(s) dict_keys(['example_kubernetes_executor_config']) retrieved from /home/airflow/.local/lib/python3.6/site-packages/airflow/example_dags/example_kubernetes_executor_config.py
[2022-08-02 01:13:08,718] {logging_mixin.py:104} INFO - [2022-08-02 01:13:08,718] {dag.py:1832} INFO - Sync 1 DAGs
[2022-08-02 01:13:08,747] {logging_mixin.py:104} INFO - [2022-08-02 01:13:08,746] {dag.py:2305} INFO - Setting next_dagrun for example_kubernetes_executor_config to None
[2022-08-02 01:13:08,778] {scheduler_job.py:190} INFO - Processing /home/airflow/.local/lib/python3.6/site-packages/airflow/example_dags/example_kubernetes_executor_config.py took 0.226 seconds
[2022-08-02 01:13:39,820] {scheduler_job.py:182} INFO - Started process (PID=289) to work on /home/airflow/.local/lib/python3.6/site-packages/airflow/example_dags/example_kubernetes_executor_config.py
[2022-08-02 01:13:39,832] {scheduler_job.py:633} INFO - Processing file /home/airflow/.local/lib/python3.6/site-packages/airflow/example_dags/example_kubernetes_executor_config.py for tasks to queue
[2022-08-02 01:13:39,839] {logging_mixin.py:104} INFO - [2022-08-02 01:13:39,838] {dagbag.py:487} INFO - Filling up the DagBag from /home/airflow/.local/lib/python3.6/site-packages/airflow/example_dags/example_kubernetes_executor_config.py
[2022-08-02 01:13:40,070] {scheduler_job.py:643} INFO - DAG(s) dict_keys(['example_kubernetes_executor_config']) retrieved from /home/airflow/.local/lib/python3.6/site-packages/airflow/example_dags/example_kubernetes_executor_config.py
[2022-08-02 01:13:40,243] {logging_mixin.py:104} INFO - [2022-08-02 01:13:40,243] {dag.py:1832} INFO - Sync 1 DAGs
[2022-08-02 01:13:40,334] {logging_mixin.py:104} INFO - [2022-08-02 01:13:40,333] {dag.py:2305} INFO - Setting next_dagrun for example_kubernetes_executor_config to None
[2022-08-02 01:13:40,355] {scheduler_job.py:190} INFO - Processing /home/airflow/.local/lib/python3.6/site-packages/airflow/example_dags/example_kubernetes_executor_config.py took 0.552 seconds
[2022-08-02 01:14:10,483] {scheduler_job.py:182} INFO - Started process (PID=344) to work on /home/airflow/.local/lib/python3.6/site-packages/airflow/example_dags/example_kubernetes_executor_config.py
[2022-08-02 01:14:10,485] {scheduler_job.py:633} INFO - Processing file /home/airflow/.local/lib/python3.6/site-packages/airflow/example_dags/example_kubernetes_executor_config.py for tasks to queue
[2022-08-02 01:14:10,486] {logging_mixin.py:104} INFO - [2022-08-02 01:14:10,486] {dagbag.py:487} INFO - Filling up the DagBag from /home/airflow/.local/lib/python3.6/site-packages/airflow/example_dags/example_kubernetes_executor_config.py
[2022-08-02 01:14:10,503] {scheduler_job.py:643} INFO - DAG(s) dict_keys(['example_kubernetes_executor_config']) retrieved from /home/airflow/.local/lib/python3.6/site-packages/airflow/example_dags/example_kubernetes_executor_config.py
[2022-08-02 01:14:10,531] {logging_mixin.py:104} INFO - [2022-08-02 01:14:10,531] {dag.py:1832} INFO - Sync 1 DAGs
[2022-08-02 01:14:10,545] {logging_mixin.py:104} INFO - [2022-08-02 01:14:10,545] {dag.py:2305} INFO - Setting next_dagrun for example_kubernetes_executor_config to None
[2022-08-02 01:14:10,565] {scheduler_job.py:190} INFO - Processing /home/airflow/.local/lib/python3.6/site-packages/airflow/example_dags/example_kubernetes_executor_config.py took 0.085 seconds
[2022-08-02 01:14:40,612] {scheduler_job.py:182} INFO - Started process (PID=399) to work on /home/airflow/.local/lib/python3.6/site-packages/airflow/example_dags/example_kubernetes_executor_config.py
[2022-08-02 01:14:40,615] {scheduler_job.py:633} INFO - Processing file /home/airflow/.local/lib/python3.6/site-packages/airflow/example_dags/example_kubernetes_executor_config.py for tasks to queue
[2022-08-02 01:14:40,616] {logging_mixin.py:104} INFO - [2022-08-02 01:14:40,616] {dagbag.py:487} INFO - Filling up the DagBag from /home/airflow/.local/lib/python3.6/site-packages/airflow/example_dags/example_kubernetes_executor_config.py
[2022-08-02 01:14:40,656] {scheduler_job.py:643} INFO - DAG(s) dict_keys(['example_kubernetes_executor_config']) retrieved from /home/airflow/.local/lib/python3.6/site-packages/airflow/example_dags/example_kubernetes_executor_config.py
[2022-08-02 01:14:40,698] {logging_mixin.py:104} INFO - [2022-08-02 01:14:40,697] {dag.py:1832} INFO - Sync 1 DAGs
[2022-08-02 01:14:40,719] {logging_mixin.py:104} INFO - [2022-08-02 01:14:40,719] {dag.py:2305} INFO - Setting next_dagrun for example_kubernetes_executor_config to None
[2022-08-02 01:14:40,732] {scheduler_job.py:190} INFO - Processing /home/airflow/.local/lib/python3.6/site-packages/airflow/example_dags/example_kubernetes_executor_config.py took 0.126 seconds
[2022-08-02 01:15:11,056] {scheduler_job.py:182} INFO - Started process (PID=454) to work on /home/airflow/.local/lib/python3.6/site-packages/airflow/example_dags/example_kubernetes_executor_config.py
[2022-08-02 01:15:11,058] {scheduler_job.py:633} INFO - Processing file /home/airflow/.local/lib/python3.6/site-packages/airflow/example_dags/example_kubernetes_executor_config.py for tasks to queue
[2022-08-02 01:15:11,060] {logging_mixin.py:104} INFO - [2022-08-02 01:15:11,060] {dagbag.py:487} INFO - Filling up the DagBag from /home/airflow/.local/lib/python3.6/site-packages/airflow/example_dags/example_kubernetes_executor_config.py
[2022-08-02 01:15:11,092] {scheduler_job.py:643} INFO - DAG(s) dict_keys(['example_kubernetes_executor_config']) retrieved from /home/airflow/.local/lib/python3.6/site-packages/airflow/example_dags/example_kubernetes_executor_config.py
[2022-08-02 01:15:11,110] {logging_mixin.py:104} INFO - [2022-08-02 01:15:11,110] {dag.py:1832} INFO - Sync 1 DAGs
[2022-08-02 01:15:11,122] {logging_mixin.py:104} INFO - [2022-08-02 01:15:11,122] {dag.py:2305} INFO - Setting next_dagrun for example_kubernetes_executor_config to None
[2022-08-02 01:15:11,132] {scheduler_job.py:190} INFO - Processing /home/airflow/.local/lib/python3.6/site-packages/airflow/example_dags/example_kubernetes_executor_config.py took 0.079 seconds
