[2022-08-02 01:11:34,267] {scheduler_job.py:182} INFO - Started process (PID=87) to work on /home/airflow/.local/lib/python3.6/site-packages/airflow/example_dags/example_nested_branch_dag.py
[2022-08-02 01:11:34,283] {scheduler_job.py:633} INFO - Processing file /home/airflow/.local/lib/python3.6/site-packages/airflow/example_dags/example_nested_branch_dag.py for tasks to queue
[2022-08-02 01:11:34,303] {logging_mixin.py:104} INFO - [2022-08-02 01:11:34,303] {dagbag.py:487} INFO - Filling up the DagBag from /home/airflow/.local/lib/python3.6/site-packages/airflow/example_dags/example_nested_branch_dag.py
[2022-08-02 01:11:34,378] {scheduler_job.py:643} INFO - DAG(s) dict_keys(['example_nested_branch_dag']) retrieved from /home/airflow/.local/lib/python3.6/site-packages/airflow/example_dags/example_nested_branch_dag.py
[2022-08-02 01:11:34,607] {logging_mixin.py:104} INFO - [2022-08-02 01:11:34,607] {dag.py:1832} INFO - Sync 1 DAGs
[2022-08-02 01:11:34,773] {logging_mixin.py:104} INFO - [2022-08-02 01:11:34,773] {dag.py:2305} INFO - Setting next_dagrun for example_nested_branch_dag to 2022-07-31 00:00:00+00:00
[2022-08-02 01:11:34,900] {scheduler_job.py:190} INFO - Processing /home/airflow/.local/lib/python3.6/site-packages/airflow/example_dags/example_nested_branch_dag.py took 0.638 seconds
[2022-08-02 01:12:09,428] {scheduler_job.py:182} INFO - Started process (PID=135) to work on /home/airflow/.local/lib/python3.6/site-packages/airflow/example_dags/example_nested_branch_dag.py
[2022-08-02 01:12:09,433] {scheduler_job.py:633} INFO - Processing file /home/airflow/.local/lib/python3.6/site-packages/airflow/example_dags/example_nested_branch_dag.py for tasks to queue
[2022-08-02 01:12:09,444] {logging_mixin.py:104} INFO - [2022-08-02 01:12:09,444] {dagbag.py:487} INFO - Filling up the DagBag from /home/airflow/.local/lib/python3.6/site-packages/airflow/example_dags/example_nested_branch_dag.py
[2022-08-02 01:12:09,503] {scheduler_job.py:643} INFO - DAG(s) dict_keys(['example_nested_branch_dag']) retrieved from /home/airflow/.local/lib/python3.6/site-packages/airflow/example_dags/example_nested_branch_dag.py
[2022-08-02 01:12:09,556] {logging_mixin.py:104} INFO - [2022-08-02 01:12:09,556] {dag.py:1832} INFO - Sync 1 DAGs
[2022-08-02 01:12:09,608] {logging_mixin.py:104} INFO - [2022-08-02 01:12:09,608] {dag.py:2305} INFO - Setting next_dagrun for example_nested_branch_dag to 2022-07-31 00:00:00+00:00
[2022-08-02 01:12:09,636] {scheduler_job.py:190} INFO - Processing /home/airflow/.local/lib/python3.6/site-packages/airflow/example_dags/example_nested_branch_dag.py took 0.212 seconds
[2022-08-02 01:12:40,060] {scheduler_job.py:182} INFO - Started process (PID=189) to work on /home/airflow/.local/lib/python3.6/site-packages/airflow/example_dags/example_nested_branch_dag.py
[2022-08-02 01:12:40,061] {scheduler_job.py:633} INFO - Processing file /home/airflow/.local/lib/python3.6/site-packages/airflow/example_dags/example_nested_branch_dag.py for tasks to queue
[2022-08-02 01:12:40,062] {logging_mixin.py:104} INFO - [2022-08-02 01:12:40,062] {dagbag.py:487} INFO - Filling up the DagBag from /home/airflow/.local/lib/python3.6/site-packages/airflow/example_dags/example_nested_branch_dag.py
[2022-08-02 01:12:40,082] {scheduler_job.py:643} INFO - DAG(s) dict_keys(['example_nested_branch_dag']) retrieved from /home/airflow/.local/lib/python3.6/site-packages/airflow/example_dags/example_nested_branch_dag.py
[2022-08-02 01:12:40,102] {logging_mixin.py:104} INFO - [2022-08-02 01:12:40,102] {dag.py:1832} INFO - Sync 1 DAGs
[2022-08-02 01:12:40,122] {logging_mixin.py:104} INFO - [2022-08-02 01:12:40,122] {dag.py:2305} INFO - Setting next_dagrun for example_nested_branch_dag to 2022-07-31 00:00:00+00:00
[2022-08-02 01:12:40,132] {scheduler_job.py:190} INFO - Processing /home/airflow/.local/lib/python3.6/site-packages/airflow/example_dags/example_nested_branch_dag.py took 0.075 seconds
[2022-08-02 01:13:11,001] {scheduler_job.py:182} INFO - Started process (PID=244) to work on /home/airflow/.local/lib/python3.6/site-packages/airflow/example_dags/example_nested_branch_dag.py
[2022-08-02 01:13:11,003] {scheduler_job.py:633} INFO - Processing file /home/airflow/.local/lib/python3.6/site-packages/airflow/example_dags/example_nested_branch_dag.py for tasks to queue
[2022-08-02 01:13:11,004] {logging_mixin.py:104} INFO - [2022-08-02 01:13:11,004] {dagbag.py:487} INFO - Filling up the DagBag from /home/airflow/.local/lib/python3.6/site-packages/airflow/example_dags/example_nested_branch_dag.py
[2022-08-02 01:13:11,027] {scheduler_job.py:643} INFO - DAG(s) dict_keys(['example_nested_branch_dag']) retrieved from /home/airflow/.local/lib/python3.6/site-packages/airflow/example_dags/example_nested_branch_dag.py
[2022-08-02 01:13:11,052] {logging_mixin.py:104} INFO - [2022-08-02 01:13:11,051] {dag.py:1832} INFO - Sync 1 DAGs
[2022-08-02 01:13:11,078] {logging_mixin.py:104} INFO - [2022-08-02 01:13:11,077] {dag.py:2305} INFO - Setting next_dagrun for example_nested_branch_dag to 2022-07-31 00:00:00+00:00
[2022-08-02 01:13:11,089] {scheduler_job.py:190} INFO - Processing /home/airflow/.local/lib/python3.6/site-packages/airflow/example_dags/example_nested_branch_dag.py took 0.092 seconds
[2022-08-02 01:13:42,387] {scheduler_job.py:182} INFO - Started process (PID=299) to work on /home/airflow/.local/lib/python3.6/site-packages/airflow/example_dags/example_nested_branch_dag.py
[2022-08-02 01:13:42,390] {scheduler_job.py:633} INFO - Processing file /home/airflow/.local/lib/python3.6/site-packages/airflow/example_dags/example_nested_branch_dag.py for tasks to queue
[2022-08-02 01:13:42,399] {logging_mixin.py:104} INFO - [2022-08-02 01:13:42,399] {dagbag.py:487} INFO - Filling up the DagBag from /home/airflow/.local/lib/python3.6/site-packages/airflow/example_dags/example_nested_branch_dag.py
[2022-08-02 01:13:42,434] {scheduler_job.py:643} INFO - DAG(s) dict_keys(['example_nested_branch_dag']) retrieved from /home/airflow/.local/lib/python3.6/site-packages/airflow/example_dags/example_nested_branch_dag.py
[2022-08-02 01:13:42,482] {logging_mixin.py:104} INFO - [2022-08-02 01:13:42,482] {dag.py:1832} INFO - Sync 1 DAGs
[2022-08-02 01:13:42,519] {logging_mixin.py:104} INFO - [2022-08-02 01:13:42,519] {dag.py:2305} INFO - Setting next_dagrun for example_nested_branch_dag to 2022-07-31 00:00:00+00:00
[2022-08-02 01:13:42,562] {scheduler_job.py:190} INFO - Processing /home/airflow/.local/lib/python3.6/site-packages/airflow/example_dags/example_nested_branch_dag.py took 0.178 seconds
[2022-08-02 01:14:13,378] {scheduler_job.py:182} INFO - Started process (PID=355) to work on /home/airflow/.local/lib/python3.6/site-packages/airflow/example_dags/example_nested_branch_dag.py
[2022-08-02 01:14:13,380] {scheduler_job.py:633} INFO - Processing file /home/airflow/.local/lib/python3.6/site-packages/airflow/example_dags/example_nested_branch_dag.py for tasks to queue
[2022-08-02 01:14:13,381] {logging_mixin.py:104} INFO - [2022-08-02 01:14:13,381] {dagbag.py:487} INFO - Filling up the DagBag from /home/airflow/.local/lib/python3.6/site-packages/airflow/example_dags/example_nested_branch_dag.py
[2022-08-02 01:14:13,405] {scheduler_job.py:643} INFO - DAG(s) dict_keys(['example_nested_branch_dag']) retrieved from /home/airflow/.local/lib/python3.6/site-packages/airflow/example_dags/example_nested_branch_dag.py
[2022-08-02 01:14:13,430] {logging_mixin.py:104} INFO - [2022-08-02 01:14:13,429] {dag.py:1832} INFO - Sync 1 DAGs
[2022-08-02 01:14:13,466] {logging_mixin.py:104} INFO - [2022-08-02 01:14:13,466] {dag.py:2305} INFO - Setting next_dagrun for example_nested_branch_dag to 2022-07-31 00:00:00+00:00
[2022-08-02 01:14:13,488] {scheduler_job.py:190} INFO - Processing /home/airflow/.local/lib/python3.6/site-packages/airflow/example_dags/example_nested_branch_dag.py took 0.115 seconds
[2022-08-02 01:14:44,410] {scheduler_job.py:182} INFO - Started process (PID=410) to work on /home/airflow/.local/lib/python3.6/site-packages/airflow/example_dags/example_nested_branch_dag.py
[2022-08-02 01:14:44,417] {scheduler_job.py:633} INFO - Processing file /home/airflow/.local/lib/python3.6/site-packages/airflow/example_dags/example_nested_branch_dag.py for tasks to queue
[2022-08-02 01:14:44,419] {logging_mixin.py:104} INFO - [2022-08-02 01:14:44,418] {dagbag.py:487} INFO - Filling up the DagBag from /home/airflow/.local/lib/python3.6/site-packages/airflow/example_dags/example_nested_branch_dag.py
[2022-08-02 01:14:44,469] {scheduler_job.py:643} INFO - DAG(s) dict_keys(['example_nested_branch_dag']) retrieved from /home/airflow/.local/lib/python3.6/site-packages/airflow/example_dags/example_nested_branch_dag.py
[2022-08-02 01:14:44,531] {logging_mixin.py:104} INFO - [2022-08-02 01:14:44,531] {dag.py:1832} INFO - Sync 1 DAGs
[2022-08-02 01:14:44,577] {logging_mixin.py:104} INFO - [2022-08-02 01:14:44,577] {dag.py:2305} INFO - Setting next_dagrun for example_nested_branch_dag to 2022-07-31 00:00:00+00:00
[2022-08-02 01:14:44,610] {scheduler_job.py:190} INFO - Processing /home/airflow/.local/lib/python3.6/site-packages/airflow/example_dags/example_nested_branch_dag.py took 0.204 seconds
[2022-08-02 01:15:14,844] {scheduler_job.py:182} INFO - Started process (PID=474) to work on /home/airflow/.local/lib/python3.6/site-packages/airflow/example_dags/example_nested_branch_dag.py
[2022-08-02 01:15:14,848] {scheduler_job.py:633} INFO - Processing file /home/airflow/.local/lib/python3.6/site-packages/airflow/example_dags/example_nested_branch_dag.py for tasks to queue
[2022-08-02 01:15:14,849] {logging_mixin.py:104} INFO - [2022-08-02 01:15:14,849] {dagbag.py:487} INFO - Filling up the DagBag from /home/airflow/.local/lib/python3.6/site-packages/airflow/example_dags/example_nested_branch_dag.py
[2022-08-02 01:15:14,872] {scheduler_job.py:643} INFO - DAG(s) dict_keys(['example_nested_branch_dag']) retrieved from /home/airflow/.local/lib/python3.6/site-packages/airflow/example_dags/example_nested_branch_dag.py
[2022-08-02 01:15:15,011] {logging_mixin.py:104} INFO - [2022-08-02 01:15:15,009] {dag.py:1832} INFO - Sync 1 DAGs
[2022-08-02 01:15:15,107] {logging_mixin.py:104} INFO - [2022-08-02 01:15:15,106] {dag.py:2305} INFO - Setting next_dagrun for example_nested_branch_dag to 2022-07-31 00:00:00+00:00
[2022-08-02 01:15:15,158] {scheduler_job.py:190} INFO - Processing /home/airflow/.local/lib/python3.6/site-packages/airflow/example_dags/example_nested_branch_dag.py took 0.319 seconds
