[2022-08-02 01:11:28,638] {scheduler_job.py:182} INFO - Started process (PID=66) to work on /home/airflow/.local/lib/python3.6/site-packages/airflow/example_dags/example_dag_decorator.py
[2022-08-02 01:11:28,660] {scheduler_job.py:633} INFO - Processing file /home/airflow/.local/lib/python3.6/site-packages/airflow/example_dags/example_dag_decorator.py for tasks to queue
[2022-08-02 01:11:28,673] {logging_mixin.py:104} INFO - [2022-08-02 01:11:28,673] {dagbag.py:487} INFO - Filling up the DagBag from /home/airflow/.local/lib/python3.6/site-packages/airflow/example_dags/example_dag_decorator.py
[2022-08-02 01:11:28,820] {scheduler_job.py:643} INFO - DAG(s) dict_keys(['example_dag_decorator']) retrieved from /home/airflow/.local/lib/python3.6/site-packages/airflow/example_dags/example_dag_decorator.py
[2022-08-02 01:11:31,653] {logging_mixin.py:104} INFO - [2022-08-02 01:11:31,653] {dag.py:1832} INFO - Sync 1 DAGs
[2022-08-02 01:11:31,694] {logging_mixin.py:104} INFO - [2022-08-02 01:11:31,694] {dag.py:2305} INFO - Setting next_dagrun for example_dag_decorator to None
[2022-08-02 01:11:31,719] {scheduler_job.py:190} INFO - Processing /home/airflow/.local/lib/python3.6/site-packages/airflow/example_dags/example_dag_decorator.py took 3.084 seconds
[2022-08-02 01:12:03,768] {scheduler_job.py:182} INFO - Started process (PID=121) to work on /home/airflow/.local/lib/python3.6/site-packages/airflow/example_dags/example_dag_decorator.py
[2022-08-02 01:12:03,774] {scheduler_job.py:633} INFO - Processing file /home/airflow/.local/lib/python3.6/site-packages/airflow/example_dags/example_dag_decorator.py for tasks to queue
[2022-08-02 01:12:03,786] {logging_mixin.py:104} INFO - [2022-08-02 01:12:03,786] {dagbag.py:487} INFO - Filling up the DagBag from /home/airflow/.local/lib/python3.6/site-packages/airflow/example_dags/example_dag_decorator.py
[2022-08-02 01:12:03,917] {scheduler_job.py:643} INFO - DAG(s) dict_keys(['example_dag_decorator']) retrieved from /home/airflow/.local/lib/python3.6/site-packages/airflow/example_dags/example_dag_decorator.py
[2022-08-02 01:12:07,344] {logging_mixin.py:104} INFO - [2022-08-02 01:12:07,344] {dag.py:1832} INFO - Sync 1 DAGs
[2022-08-02 01:12:07,374] {logging_mixin.py:104} INFO - [2022-08-02 01:12:07,374] {dag.py:2305} INFO - Setting next_dagrun for example_dag_decorator to None
[2022-08-02 01:12:07,406] {scheduler_job.py:190} INFO - Processing /home/airflow/.local/lib/python3.6/site-packages/airflow/example_dags/example_dag_decorator.py took 3.687 seconds
[2022-08-02 01:12:38,289] {scheduler_job.py:182} INFO - Started process (PID=178) to work on /home/airflow/.local/lib/python3.6/site-packages/airflow/example_dags/example_dag_decorator.py
[2022-08-02 01:12:38,291] {scheduler_job.py:633} INFO - Processing file /home/airflow/.local/lib/python3.6/site-packages/airflow/example_dags/example_dag_decorator.py for tasks to queue
[2022-08-02 01:12:38,295] {logging_mixin.py:104} INFO - [2022-08-02 01:12:38,294] {dagbag.py:487} INFO - Filling up the DagBag from /home/airflow/.local/lib/python3.6/site-packages/airflow/example_dags/example_dag_decorator.py
[2022-08-02 01:12:38,323] {scheduler_job.py:643} INFO - DAG(s) dict_keys(['example_dag_decorator']) retrieved from /home/airflow/.local/lib/python3.6/site-packages/airflow/example_dags/example_dag_decorator.py
[2022-08-02 01:12:38,624] {logging_mixin.py:104} INFO - [2022-08-02 01:12:38,624] {dag.py:1832} INFO - Sync 1 DAGs
[2022-08-02 01:12:38,637] {logging_mixin.py:104} INFO - [2022-08-02 01:12:38,637] {dag.py:2305} INFO - Setting next_dagrun for example_dag_decorator to None
[2022-08-02 01:12:38,649] {scheduler_job.py:190} INFO - Processing /home/airflow/.local/lib/python3.6/site-packages/airflow/example_dags/example_dag_decorator.py took 0.362 seconds
[2022-08-02 01:13:08,809] {scheduler_job.py:182} INFO - Started process (PID=235) to work on /home/airflow/.local/lib/python3.6/site-packages/airflow/example_dags/example_dag_decorator.py
[2022-08-02 01:13:08,811] {scheduler_job.py:633} INFO - Processing file /home/airflow/.local/lib/python3.6/site-packages/airflow/example_dags/example_dag_decorator.py for tasks to queue
[2022-08-02 01:13:08,816] {logging_mixin.py:104} INFO - [2022-08-02 01:13:08,815] {dagbag.py:487} INFO - Filling up the DagBag from /home/airflow/.local/lib/python3.6/site-packages/airflow/example_dags/example_dag_decorator.py
[2022-08-02 01:13:08,874] {scheduler_job.py:643} INFO - DAG(s) dict_keys(['example_dag_decorator']) retrieved from /home/airflow/.local/lib/python3.6/site-packages/airflow/example_dags/example_dag_decorator.py
[2022-08-02 01:13:09,447] {logging_mixin.py:104} INFO - [2022-08-02 01:13:09,447] {dag.py:1832} INFO - Sync 1 DAGs
[2022-08-02 01:13:09,460] {logging_mixin.py:104} INFO - [2022-08-02 01:13:09,460] {dag.py:2305} INFO - Setting next_dagrun for example_dag_decorator to None
[2022-08-02 01:13:09,475] {scheduler_job.py:190} INFO - Processing /home/airflow/.local/lib/python3.6/site-packages/airflow/example_dags/example_dag_decorator.py took 0.674 seconds
[2022-08-02 01:13:39,832] {scheduler_job.py:182} INFO - Started process (PID=288) to work on /home/airflow/.local/lib/python3.6/site-packages/airflow/example_dags/example_dag_decorator.py
[2022-08-02 01:13:39,845] {scheduler_job.py:633} INFO - Processing file /home/airflow/.local/lib/python3.6/site-packages/airflow/example_dags/example_dag_decorator.py for tasks to queue
[2022-08-02 01:13:39,860] {logging_mixin.py:104} INFO - [2022-08-02 01:13:39,860] {dagbag.py:487} INFO - Filling up the DagBag from /home/airflow/.local/lib/python3.6/site-packages/airflow/example_dags/example_dag_decorator.py
[2022-08-02 01:13:40,130] {scheduler_job.py:643} INFO - DAG(s) dict_keys(['example_dag_decorator']) retrieved from /home/airflow/.local/lib/python3.6/site-packages/airflow/example_dags/example_dag_decorator.py
[2022-08-02 01:13:41,157] {logging_mixin.py:104} INFO - [2022-08-02 01:13:41,157] {dag.py:1832} INFO - Sync 1 DAGs
[2022-08-02 01:13:41,203] {logging_mixin.py:104} INFO - [2022-08-02 01:13:41,203] {dag.py:2305} INFO - Setting next_dagrun for example_dag_decorator to None
[2022-08-02 01:13:41,237] {scheduler_job.py:190} INFO - Processing /home/airflow/.local/lib/python3.6/site-packages/airflow/example_dags/example_dag_decorator.py took 1.457 seconds
[2022-08-02 01:14:11,500] {scheduler_job.py:182} INFO - Started process (PID=345) to work on /home/airflow/.local/lib/python3.6/site-packages/airflow/example_dags/example_dag_decorator.py
[2022-08-02 01:14:11,501] {scheduler_job.py:633} INFO - Processing file /home/airflow/.local/lib/python3.6/site-packages/airflow/example_dags/example_dag_decorator.py for tasks to queue
[2022-08-02 01:14:11,502] {logging_mixin.py:104} INFO - [2022-08-02 01:14:11,502] {dagbag.py:487} INFO - Filling up the DagBag from /home/airflow/.local/lib/python3.6/site-packages/airflow/example_dags/example_dag_decorator.py
[2022-08-02 01:14:11,531] {scheduler_job.py:643} INFO - DAG(s) dict_keys(['example_dag_decorator']) retrieved from /home/airflow/.local/lib/python3.6/site-packages/airflow/example_dags/example_dag_decorator.py
[2022-08-02 01:14:11,963] {logging_mixin.py:104} INFO - [2022-08-02 01:14:11,963] {dag.py:1832} INFO - Sync 1 DAGs
[2022-08-02 01:14:11,982] {logging_mixin.py:104} INFO - [2022-08-02 01:14:11,982] {dag.py:2305} INFO - Setting next_dagrun for example_dag_decorator to None
[2022-08-02 01:14:12,005] {scheduler_job.py:190} INFO - Processing /home/airflow/.local/lib/python3.6/site-packages/airflow/example_dags/example_dag_decorator.py took 0.510 seconds
[2022-08-02 01:14:42,178] {scheduler_job.py:182} INFO - Started process (PID=404) to work on /home/airflow/.local/lib/python3.6/site-packages/airflow/example_dags/example_dag_decorator.py
[2022-08-02 01:14:42,188] {scheduler_job.py:633} INFO - Processing file /home/airflow/.local/lib/python3.6/site-packages/airflow/example_dags/example_dag_decorator.py for tasks to queue
[2022-08-02 01:14:42,189] {logging_mixin.py:104} INFO - [2022-08-02 01:14:42,189] {dagbag.py:487} INFO - Filling up the DagBag from /home/airflow/.local/lib/python3.6/site-packages/airflow/example_dags/example_dag_decorator.py
[2022-08-02 01:14:42,245] {scheduler_job.py:643} INFO - DAG(s) dict_keys(['example_dag_decorator']) retrieved from /home/airflow/.local/lib/python3.6/site-packages/airflow/example_dags/example_dag_decorator.py
[2022-08-02 01:14:42,972] {logging_mixin.py:104} INFO - [2022-08-02 01:14:42,972] {dag.py:1832} INFO - Sync 1 DAGs
[2022-08-02 01:14:43,014] {logging_mixin.py:104} INFO - [2022-08-02 01:14:43,014] {dag.py:2305} INFO - Setting next_dagrun for example_dag_decorator to None
[2022-08-02 01:14:43,055] {scheduler_job.py:190} INFO - Processing /home/airflow/.local/lib/python3.6/site-packages/airflow/example_dags/example_dag_decorator.py took 0.883 seconds
[2022-08-02 01:15:13,553] {scheduler_job.py:182} INFO - Started process (PID=469) to work on /home/airflow/.local/lib/python3.6/site-packages/airflow/example_dags/example_dag_decorator.py
[2022-08-02 01:15:13,576] {scheduler_job.py:633} INFO - Processing file /home/airflow/.local/lib/python3.6/site-packages/airflow/example_dags/example_dag_decorator.py for tasks to queue
[2022-08-02 01:15:13,578] {logging_mixin.py:104} INFO - [2022-08-02 01:15:13,578] {dagbag.py:487} INFO - Filling up the DagBag from /home/airflow/.local/lib/python3.6/site-packages/airflow/example_dags/example_dag_decorator.py
[2022-08-02 01:15:13,661] {scheduler_job.py:643} INFO - DAG(s) dict_keys(['example_dag_decorator']) retrieved from /home/airflow/.local/lib/python3.6/site-packages/airflow/example_dags/example_dag_decorator.py
[2022-08-02 01:15:14,498] {logging_mixin.py:104} INFO - [2022-08-02 01:15:14,498] {dag.py:1832} INFO - Sync 1 DAGs
[2022-08-02 01:15:14,531] {logging_mixin.py:104} INFO - [2022-08-02 01:15:14,530] {dag.py:2305} INFO - Setting next_dagrun for example_dag_decorator to None
[2022-08-02 01:15:14,577] {scheduler_job.py:190} INFO - Processing /home/airflow/.local/lib/python3.6/site-packages/airflow/example_dags/example_dag_decorator.py took 1.035 seconds
