[2022-08-02 01:11:38,564] {scheduler_job.py:182} INFO - Started process (PID=95) to work on /home/airflow/.local/lib/python3.6/site-packages/airflow/example_dags/example_latest_only_with_trigger.py
[2022-08-02 01:11:38,586] {scheduler_job.py:633} INFO - Processing file /home/airflow/.local/lib/python3.6/site-packages/airflow/example_dags/example_latest_only_with_trigger.py for tasks to queue
[2022-08-02 01:11:38,591] {logging_mixin.py:104} INFO - [2022-08-02 01:11:38,590] {dagbag.py:487} INFO - Filling up the DagBag from /home/airflow/.local/lib/python3.6/site-packages/airflow/example_dags/example_latest_only_with_trigger.py
[2022-08-02 01:11:38,709] {scheduler_job.py:643} INFO - DAG(s) dict_keys(['latest_only_with_trigger']) retrieved from /home/airflow/.local/lib/python3.6/site-packages/airflow/example_dags/example_latest_only_with_trigger.py
[2022-08-02 01:11:38,897] {logging_mixin.py:104} INFO - [2022-08-02 01:11:38,897] {dag.py:1832} INFO - Sync 1 DAGs
[2022-08-02 01:11:38,990] {logging_mixin.py:104} INFO - [2022-08-02 01:11:38,990] {dag.py:2305} INFO - Setting next_dagrun for latest_only_with_trigger to 2022-07-31 00:00:00+00:00
[2022-08-02 01:11:39,066] {scheduler_job.py:190} INFO - Processing /home/airflow/.local/lib/python3.6/site-packages/airflow/example_dags/example_latest_only_with_trigger.py took 0.572 seconds
[2022-08-02 01:12:10,682] {scheduler_job.py:182} INFO - Started process (PID=141) to work on /home/airflow/.local/lib/python3.6/site-packages/airflow/example_dags/example_latest_only_with_trigger.py
[2022-08-02 01:12:10,685] {scheduler_job.py:633} INFO - Processing file /home/airflow/.local/lib/python3.6/site-packages/airflow/example_dags/example_latest_only_with_trigger.py for tasks to queue
[2022-08-02 01:12:10,687] {logging_mixin.py:104} INFO - [2022-08-02 01:12:10,686] {dagbag.py:487} INFO - Filling up the DagBag from /home/airflow/.local/lib/python3.6/site-packages/airflow/example_dags/example_latest_only_with_trigger.py
[2022-08-02 01:12:10,705] {scheduler_job.py:643} INFO - DAG(s) dict_keys(['latest_only_with_trigger']) retrieved from /home/airflow/.local/lib/python3.6/site-packages/airflow/example_dags/example_latest_only_with_trigger.py
[2022-08-02 01:12:10,736] {logging_mixin.py:104} INFO - [2022-08-02 01:12:10,736] {dag.py:1832} INFO - Sync 1 DAGs
[2022-08-02 01:12:10,761] {logging_mixin.py:104} INFO - [2022-08-02 01:12:10,760] {dag.py:2305} INFO - Setting next_dagrun for latest_only_with_trigger to 2022-07-31 00:00:00+00:00
[2022-08-02 01:12:10,786] {scheduler_job.py:190} INFO - Processing /home/airflow/.local/lib/python3.6/site-packages/airflow/example_dags/example_latest_only_with_trigger.py took 0.107 seconds
[2022-08-02 01:12:41,734] {scheduler_job.py:182} INFO - Started process (PID=196) to work on /home/airflow/.local/lib/python3.6/site-packages/airflow/example_dags/example_latest_only_with_trigger.py
[2022-08-02 01:12:41,736] {scheduler_job.py:633} INFO - Processing file /home/airflow/.local/lib/python3.6/site-packages/airflow/example_dags/example_latest_only_with_trigger.py for tasks to queue
[2022-08-02 01:12:41,738] {logging_mixin.py:104} INFO - [2022-08-02 01:12:41,738] {dagbag.py:487} INFO - Filling up the DagBag from /home/airflow/.local/lib/python3.6/site-packages/airflow/example_dags/example_latest_only_with_trigger.py
[2022-08-02 01:12:41,751] {scheduler_job.py:643} INFO - DAG(s) dict_keys(['latest_only_with_trigger']) retrieved from /home/airflow/.local/lib/python3.6/site-packages/airflow/example_dags/example_latest_only_with_trigger.py
[2022-08-02 01:12:41,777] {logging_mixin.py:104} INFO - [2022-08-02 01:12:41,777] {dag.py:1832} INFO - Sync 1 DAGs
[2022-08-02 01:12:41,794] {logging_mixin.py:104} INFO - [2022-08-02 01:12:41,794] {dag.py:2305} INFO - Setting next_dagrun for latest_only_with_trigger to 2022-07-31 00:00:00+00:00
[2022-08-02 01:12:41,803] {scheduler_job.py:190} INFO - Processing /home/airflow/.local/lib/python3.6/site-packages/airflow/example_dags/example_latest_only_with_trigger.py took 0.078 seconds
[2022-08-02 01:13:13,571] {scheduler_job.py:182} INFO - Started process (PID=251) to work on /home/airflow/.local/lib/python3.6/site-packages/airflow/example_dags/example_latest_only_with_trigger.py
[2022-08-02 01:13:13,574] {scheduler_job.py:633} INFO - Processing file /home/airflow/.local/lib/python3.6/site-packages/airflow/example_dags/example_latest_only_with_trigger.py for tasks to queue
[2022-08-02 01:13:13,583] {logging_mixin.py:104} INFO - [2022-08-02 01:13:13,583] {dagbag.py:487} INFO - Filling up the DagBag from /home/airflow/.local/lib/python3.6/site-packages/airflow/example_dags/example_latest_only_with_trigger.py
[2022-08-02 01:13:13,613] {scheduler_job.py:643} INFO - DAG(s) dict_keys(['latest_only_with_trigger']) retrieved from /home/airflow/.local/lib/python3.6/site-packages/airflow/example_dags/example_latest_only_with_trigger.py
[2022-08-02 01:13:13,652] {logging_mixin.py:104} INFO - [2022-08-02 01:13:13,652] {dag.py:1832} INFO - Sync 1 DAGs
[2022-08-02 01:13:13,845] {logging_mixin.py:104} INFO - [2022-08-02 01:13:13,843] {dag.py:2305} INFO - Setting next_dagrun for latest_only_with_trigger to 2022-07-31 00:00:00+00:00
[2022-08-02 01:13:14,024] {scheduler_job.py:190} INFO - Processing /home/airflow/.local/lib/python3.6/site-packages/airflow/example_dags/example_latest_only_with_trigger.py took 0.456 seconds
[2022-08-02 01:13:44,544] {scheduler_job.py:182} INFO - Started process (PID=305) to work on /home/airflow/.local/lib/python3.6/site-packages/airflow/example_dags/example_latest_only_with_trigger.py
[2022-08-02 01:13:44,552] {scheduler_job.py:633} INFO - Processing file /home/airflow/.local/lib/python3.6/site-packages/airflow/example_dags/example_latest_only_with_trigger.py for tasks to queue
[2022-08-02 01:13:44,556] {logging_mixin.py:104} INFO - [2022-08-02 01:13:44,556] {dagbag.py:487} INFO - Filling up the DagBag from /home/airflow/.local/lib/python3.6/site-packages/airflow/example_dags/example_latest_only_with_trigger.py
[2022-08-02 01:13:44,595] {scheduler_job.py:643} INFO - DAG(s) dict_keys(['latest_only_with_trigger']) retrieved from /home/airflow/.local/lib/python3.6/site-packages/airflow/example_dags/example_latest_only_with_trigger.py
[2022-08-02 01:13:44,633] {logging_mixin.py:104} INFO - [2022-08-02 01:13:44,633] {dag.py:1832} INFO - Sync 1 DAGs
[2022-08-02 01:13:44,687] {logging_mixin.py:104} INFO - [2022-08-02 01:13:44,687] {dag.py:2305} INFO - Setting next_dagrun for latest_only_with_trigger to 2022-07-31 00:00:00+00:00
[2022-08-02 01:13:44,714] {scheduler_job.py:190} INFO - Processing /home/airflow/.local/lib/python3.6/site-packages/airflow/example_dags/example_latest_only_with_trigger.py took 0.178 seconds
[2022-08-02 01:14:15,166] {scheduler_job.py:182} INFO - Started process (PID=361) to work on /home/airflow/.local/lib/python3.6/site-packages/airflow/example_dags/example_latest_only_with_trigger.py
[2022-08-02 01:14:15,168] {scheduler_job.py:633} INFO - Processing file /home/airflow/.local/lib/python3.6/site-packages/airflow/example_dags/example_latest_only_with_trigger.py for tasks to queue
[2022-08-02 01:14:15,170] {logging_mixin.py:104} INFO - [2022-08-02 01:14:15,170] {dagbag.py:487} INFO - Filling up the DagBag from /home/airflow/.local/lib/python3.6/site-packages/airflow/example_dags/example_latest_only_with_trigger.py
[2022-08-02 01:14:15,209] {scheduler_job.py:643} INFO - DAG(s) dict_keys(['latest_only_with_trigger']) retrieved from /home/airflow/.local/lib/python3.6/site-packages/airflow/example_dags/example_latest_only_with_trigger.py
[2022-08-02 01:14:15,267] {logging_mixin.py:104} INFO - [2022-08-02 01:14:15,267] {dag.py:1832} INFO - Sync 1 DAGs
[2022-08-02 01:14:15,306] {logging_mixin.py:104} INFO - [2022-08-02 01:14:15,306] {dag.py:2305} INFO - Setting next_dagrun for latest_only_with_trigger to 2022-07-31 00:00:00+00:00
[2022-08-02 01:14:15,333] {scheduler_job.py:190} INFO - Processing /home/airflow/.local/lib/python3.6/site-packages/airflow/example_dags/example_latest_only_with_trigger.py took 0.174 seconds
[2022-08-02 01:14:45,495] {scheduler_job.py:182} INFO - Started process (PID=423) to work on /home/airflow/.local/lib/python3.6/site-packages/airflow/example_dags/example_latest_only_with_trigger.py
[2022-08-02 01:14:45,503] {scheduler_job.py:633} INFO - Processing file /home/airflow/.local/lib/python3.6/site-packages/airflow/example_dags/example_latest_only_with_trigger.py for tasks to queue
[2022-08-02 01:14:45,505] {logging_mixin.py:104} INFO - [2022-08-02 01:14:45,505] {dagbag.py:487} INFO - Filling up the DagBag from /home/airflow/.local/lib/python3.6/site-packages/airflow/example_dags/example_latest_only_with_trigger.py
[2022-08-02 01:14:45,611] {scheduler_job.py:643} INFO - DAG(s) dict_keys(['latest_only_with_trigger']) retrieved from /home/airflow/.local/lib/python3.6/site-packages/airflow/example_dags/example_latest_only_with_trigger.py
[2022-08-02 01:14:45,745] {logging_mixin.py:104} INFO - [2022-08-02 01:14:45,745] {dag.py:1832} INFO - Sync 1 DAGs
[2022-08-02 01:14:45,794] {logging_mixin.py:104} INFO - [2022-08-02 01:14:45,794] {dag.py:2305} INFO - Setting next_dagrun for latest_only_with_trigger to 2022-07-31 00:00:00+00:00
[2022-08-02 01:14:45,822] {scheduler_job.py:190} INFO - Processing /home/airflow/.local/lib/python3.6/site-packages/airflow/example_dags/example_latest_only_with_trigger.py took 0.343 seconds
