[2022-08-02 01:11:40,008] {scheduler_job.py:182} INFO - Started process (PID=97) to work on /home/airflow/.local/lib/python3.6/site-packages/airflow/example_dags/example_subdag_operator.py
[2022-08-02 01:11:40,028] {scheduler_job.py:633} INFO - Processing file /home/airflow/.local/lib/python3.6/site-packages/airflow/example_dags/example_subdag_operator.py for tasks to queue
[2022-08-02 01:11:40,044] {logging_mixin.py:104} INFO - [2022-08-02 01:11:40,043] {dagbag.py:487} INFO - Filling up the DagBag from /home/airflow/.local/lib/python3.6/site-packages/airflow/example_dags/example_subdag_operator.py
[2022-08-02 01:11:40,376] {scheduler_job.py:643} INFO - DAG(s) dict_keys(['example_subdag_operator.section-1', 'example_subdag_operator.section-2', 'example_subdag_operator']) retrieved from /home/airflow/.local/lib/python3.6/site-packages/airflow/example_dags/example_subdag_operator.py
[2022-08-02 01:11:40,549] {logging_mixin.py:104} INFO - [2022-08-02 01:11:40,549] {dag.py:1832} INFO - Sync 3 DAGs
[2022-08-02 01:11:40,654] {logging_mixin.py:104} INFO - [2022-08-02 01:11:40,654] {dag.py:2305} INFO - Setting next_dagrun for example_subdag_operator to 2022-07-31 00:00:00+00:00
[2022-08-02 01:11:40,655] {logging_mixin.py:104} INFO - [2022-08-02 01:11:40,655] {dag.py:2305} INFO - Setting next_dagrun for example_subdag_operator.section-1 to None
[2022-08-02 01:11:40,656] {logging_mixin.py:104} INFO - [2022-08-02 01:11:40,656] {dag.py:2305} INFO - Setting next_dagrun for example_subdag_operator.section-2 to None
[2022-08-02 01:11:40,748] {logging_mixin.py:104} INFO - [2022-08-02 01:11:40,748] {dag.py:1832} INFO - Sync 2 DAGs
[2022-08-02 01:11:40,799] {logging_mixin.py:104} INFO - [2022-08-02 01:11:40,799] {dag.py:2305} INFO - Setting next_dagrun for example_subdag_operator.section-1 to None
[2022-08-02 01:11:40,799] {logging_mixin.py:104} INFO - [2022-08-02 01:11:40,799] {dag.py:2305} INFO - Setting next_dagrun for example_subdag_operator.section-2 to None
[2022-08-02 01:11:40,835] {scheduler_job.py:190} INFO - Processing /home/airflow/.local/lib/python3.6/site-packages/airflow/example_dags/example_subdag_operator.py took 0.841 seconds
[2022-08-02 01:12:10,937] {scheduler_job.py:182} INFO - Started process (PID=143) to work on /home/airflow/.local/lib/python3.6/site-packages/airflow/example_dags/example_subdag_operator.py
[2022-08-02 01:12:10,939] {scheduler_job.py:633} INFO - Processing file /home/airflow/.local/lib/python3.6/site-packages/airflow/example_dags/example_subdag_operator.py for tasks to queue
[2022-08-02 01:12:10,941] {logging_mixin.py:104} INFO - [2022-08-02 01:12:10,940] {dagbag.py:487} INFO - Filling up the DagBag from /home/airflow/.local/lib/python3.6/site-packages/airflow/example_dags/example_subdag_operator.py
[2022-08-02 01:12:11,005] {scheduler_job.py:643} INFO - DAG(s) dict_keys(['example_subdag_operator.section-1', 'example_subdag_operator.section-2', 'example_subdag_operator']) retrieved from /home/airflow/.local/lib/python3.6/site-packages/airflow/example_dags/example_subdag_operator.py
[2022-08-02 01:12:11,054] {logging_mixin.py:104} INFO - [2022-08-02 01:12:11,054] {dag.py:1832} INFO - Sync 3 DAGs
[2022-08-02 01:12:11,101] {logging_mixin.py:104} INFO - [2022-08-02 01:12:11,101] {dag.py:2305} INFO - Setting next_dagrun for example_subdag_operator to 2022-07-31 00:00:00+00:00
[2022-08-02 01:12:11,104] {logging_mixin.py:104} INFO - [2022-08-02 01:12:11,104] {dag.py:2305} INFO - Setting next_dagrun for example_subdag_operator.section-1 to None
[2022-08-02 01:12:11,105] {logging_mixin.py:104} INFO - [2022-08-02 01:12:11,105] {dag.py:2305} INFO - Setting next_dagrun for example_subdag_operator.section-2 to None
[2022-08-02 01:12:11,128] {logging_mixin.py:104} INFO - [2022-08-02 01:12:11,127] {dag.py:1832} INFO - Sync 2 DAGs
[2022-08-02 01:12:11,145] {logging_mixin.py:104} INFO - [2022-08-02 01:12:11,145] {dag.py:2305} INFO - Setting next_dagrun for example_subdag_operator.section-1 to None
[2022-08-02 01:12:11,146] {logging_mixin.py:104} INFO - [2022-08-02 01:12:11,146] {dag.py:2305} INFO - Setting next_dagrun for example_subdag_operator.section-2 to None
[2022-08-02 01:12:11,153] {scheduler_job.py:190} INFO - Processing /home/airflow/.local/lib/python3.6/site-packages/airflow/example_dags/example_subdag_operator.py took 0.222 seconds
[2022-08-02 01:12:41,931] {scheduler_job.py:182} INFO - Started process (PID=198) to work on /home/airflow/.local/lib/python3.6/site-packages/airflow/example_dags/example_subdag_operator.py
[2022-08-02 01:12:41,933] {scheduler_job.py:633} INFO - Processing file /home/airflow/.local/lib/python3.6/site-packages/airflow/example_dags/example_subdag_operator.py for tasks to queue
[2022-08-02 01:12:41,934] {logging_mixin.py:104} INFO - [2022-08-02 01:12:41,933] {dagbag.py:487} INFO - Filling up the DagBag from /home/airflow/.local/lib/python3.6/site-packages/airflow/example_dags/example_subdag_operator.py
[2022-08-02 01:12:41,974] {scheduler_job.py:643} INFO - DAG(s) dict_keys(['example_subdag_operator.section-1', 'example_subdag_operator.section-2', 'example_subdag_operator']) retrieved from /home/airflow/.local/lib/python3.6/site-packages/airflow/example_dags/example_subdag_operator.py
[2022-08-02 01:12:41,986] {logging_mixin.py:104} INFO - [2022-08-02 01:12:41,986] {dag.py:1832} INFO - Sync 3 DAGs
[2022-08-02 01:12:42,002] {logging_mixin.py:104} INFO - [2022-08-02 01:12:42,002] {dag.py:2305} INFO - Setting next_dagrun for example_subdag_operator to 2022-07-31 00:00:00+00:00
[2022-08-02 01:12:42,003] {logging_mixin.py:104} INFO - [2022-08-02 01:12:42,003] {dag.py:2305} INFO - Setting next_dagrun for example_subdag_operator.section-1 to None
[2022-08-02 01:12:42,003] {logging_mixin.py:104} INFO - [2022-08-02 01:12:42,003] {dag.py:2305} INFO - Setting next_dagrun for example_subdag_operator.section-2 to None
[2022-08-02 01:12:42,013] {logging_mixin.py:104} INFO - [2022-08-02 01:12:42,013] {dag.py:1832} INFO - Sync 2 DAGs
[2022-08-02 01:12:42,024] {logging_mixin.py:104} INFO - [2022-08-02 01:12:42,024] {dag.py:2305} INFO - Setting next_dagrun for example_subdag_operator.section-1 to None
[2022-08-02 01:12:42,025] {logging_mixin.py:104} INFO - [2022-08-02 01:12:42,025] {dag.py:2305} INFO - Setting next_dagrun for example_subdag_operator.section-2 to None
[2022-08-02 01:12:42,033] {scheduler_job.py:190} INFO - Processing /home/airflow/.local/lib/python3.6/site-packages/airflow/example_dags/example_subdag_operator.py took 0.105 seconds
[2022-08-02 01:13:14,572] {scheduler_job.py:182} INFO - Started process (PID=260) to work on /home/airflow/.local/lib/python3.6/site-packages/airflow/example_dags/example_subdag_operator.py
[2022-08-02 01:13:14,590] {scheduler_job.py:633} INFO - Processing file /home/airflow/.local/lib/python3.6/site-packages/airflow/example_dags/example_subdag_operator.py for tasks to queue
[2022-08-02 01:13:14,595] {logging_mixin.py:104} INFO - [2022-08-02 01:13:14,595] {dagbag.py:487} INFO - Filling up the DagBag from /home/airflow/.local/lib/python3.6/site-packages/airflow/example_dags/example_subdag_operator.py
[2022-08-02 01:13:14,720] {scheduler_job.py:643} INFO - DAG(s) dict_keys(['example_subdag_operator.section-1', 'example_subdag_operator.section-2', 'example_subdag_operator']) retrieved from /home/airflow/.local/lib/python3.6/site-packages/airflow/example_dags/example_subdag_operator.py
[2022-08-02 01:13:14,783] {logging_mixin.py:104} INFO - [2022-08-02 01:13:14,783] {dag.py:1832} INFO - Sync 3 DAGs
[2022-08-02 01:13:14,845] {logging_mixin.py:104} INFO - [2022-08-02 01:13:14,845] {dag.py:2305} INFO - Setting next_dagrun for example_subdag_operator to 2022-07-31 00:00:00+00:00
[2022-08-02 01:13:14,846] {logging_mixin.py:104} INFO - [2022-08-02 01:13:14,846] {dag.py:2305} INFO - Setting next_dagrun for example_subdag_operator.section-1 to None
[2022-08-02 01:13:14,847] {logging_mixin.py:104} INFO - [2022-08-02 01:13:14,847] {dag.py:2305} INFO - Setting next_dagrun for example_subdag_operator.section-2 to None
[2022-08-02 01:13:14,890] {logging_mixin.py:104} INFO - [2022-08-02 01:13:14,889] {dag.py:1832} INFO - Sync 2 DAGs
[2022-08-02 01:13:14,906] {logging_mixin.py:104} INFO - [2022-08-02 01:13:14,906] {dag.py:2305} INFO - Setting next_dagrun for example_subdag_operator.section-1 to None
[2022-08-02 01:13:14,907] {logging_mixin.py:104} INFO - [2022-08-02 01:13:14,907] {dag.py:2305} INFO - Setting next_dagrun for example_subdag_operator.section-2 to None
[2022-08-02 01:13:14,918] {scheduler_job.py:190} INFO - Processing /home/airflow/.local/lib/python3.6/site-packages/airflow/example_dags/example_subdag_operator.py took 0.350 seconds
[2022-08-02 01:13:45,325] {scheduler_job.py:182} INFO - Started process (PID=308) to work on /home/airflow/.local/lib/python3.6/site-packages/airflow/example_dags/example_subdag_operator.py
[2022-08-02 01:13:45,345] {scheduler_job.py:633} INFO - Processing file /home/airflow/.local/lib/python3.6/site-packages/airflow/example_dags/example_subdag_operator.py for tasks to queue
[2022-08-02 01:13:45,347] {logging_mixin.py:104} INFO - [2022-08-02 01:13:45,347] {dagbag.py:487} INFO - Filling up the DagBag from /home/airflow/.local/lib/python3.6/site-packages/airflow/example_dags/example_subdag_operator.py
[2022-08-02 01:13:45,451] {scheduler_job.py:643} INFO - DAG(s) dict_keys(['example_subdag_operator.section-1', 'example_subdag_operator.section-2', 'example_subdag_operator']) retrieved from /home/airflow/.local/lib/python3.6/site-packages/airflow/example_dags/example_subdag_operator.py
[2022-08-02 01:13:45,494] {logging_mixin.py:104} INFO - [2022-08-02 01:13:45,494] {dag.py:1832} INFO - Sync 3 DAGs
[2022-08-02 01:13:45,633] {logging_mixin.py:104} INFO - [2022-08-02 01:13:45,633] {dag.py:2305} INFO - Setting next_dagrun for example_subdag_operator to 2022-07-31 00:00:00+00:00
[2022-08-02 01:13:45,638] {logging_mixin.py:104} INFO - [2022-08-02 01:13:45,637] {dag.py:2305} INFO - Setting next_dagrun for example_subdag_operator.section-1 to None
[2022-08-02 01:13:45,640] {logging_mixin.py:104} INFO - [2022-08-02 01:13:45,640] {dag.py:2305} INFO - Setting next_dagrun for example_subdag_operator.section-2 to None
[2022-08-02 01:13:45,782] {logging_mixin.py:104} INFO - [2022-08-02 01:13:45,781] {dag.py:1832} INFO - Sync 2 DAGs
[2022-08-02 01:13:45,846] {logging_mixin.py:104} INFO - [2022-08-02 01:13:45,846] {dag.py:2305} INFO - Setting next_dagrun for example_subdag_operator.section-1 to None
[2022-08-02 01:13:45,847] {logging_mixin.py:104} INFO - [2022-08-02 01:13:45,847] {dag.py:2305} INFO - Setting next_dagrun for example_subdag_operator.section-2 to None
[2022-08-02 01:13:45,897] {scheduler_job.py:190} INFO - Processing /home/airflow/.local/lib/python3.6/site-packages/airflow/example_dags/example_subdag_operator.py took 0.576 seconds
[2022-08-02 01:14:16,390] {scheduler_job.py:182} INFO - Started process (PID=363) to work on /home/airflow/.local/lib/python3.6/site-packages/airflow/example_dags/example_subdag_operator.py
[2022-08-02 01:14:16,392] {scheduler_job.py:633} INFO - Processing file /home/airflow/.local/lib/python3.6/site-packages/airflow/example_dags/example_subdag_operator.py for tasks to queue
[2022-08-02 01:14:16,397] {logging_mixin.py:104} INFO - [2022-08-02 01:14:16,397] {dagbag.py:487} INFO - Filling up the DagBag from /home/airflow/.local/lib/python3.6/site-packages/airflow/example_dags/example_subdag_operator.py
[2022-08-02 01:14:16,442] {scheduler_job.py:643} INFO - DAG(s) dict_keys(['example_subdag_operator.section-1', 'example_subdag_operator.section-2', 'example_subdag_operator']) retrieved from /home/airflow/.local/lib/python3.6/site-packages/airflow/example_dags/example_subdag_operator.py
[2022-08-02 01:14:16,457] {logging_mixin.py:104} INFO - [2022-08-02 01:14:16,457] {dag.py:1832} INFO - Sync 3 DAGs
[2022-08-02 01:14:16,474] {logging_mixin.py:104} INFO - [2022-08-02 01:14:16,474] {dag.py:2305} INFO - Setting next_dagrun for example_subdag_operator to 2022-07-31 00:00:00+00:00
[2022-08-02 01:14:16,475] {logging_mixin.py:104} INFO - [2022-08-02 01:14:16,475] {dag.py:2305} INFO - Setting next_dagrun for example_subdag_operator.section-1 to None
[2022-08-02 01:14:16,476] {logging_mixin.py:104} INFO - [2022-08-02 01:14:16,476] {dag.py:2305} INFO - Setting next_dagrun for example_subdag_operator.section-2 to None
[2022-08-02 01:14:16,486] {logging_mixin.py:104} INFO - [2022-08-02 01:14:16,486] {dag.py:1832} INFO - Sync 2 DAGs
[2022-08-02 01:14:16,494] {logging_mixin.py:104} INFO - [2022-08-02 01:14:16,494] {dag.py:2305} INFO - Setting next_dagrun for example_subdag_operator.section-1 to None
[2022-08-02 01:14:16,495] {logging_mixin.py:104} INFO - [2022-08-02 01:14:16,494] {dag.py:2305} INFO - Setting next_dagrun for example_subdag_operator.section-2 to None
[2022-08-02 01:14:16,501] {scheduler_job.py:190} INFO - Processing /home/airflow/.local/lib/python3.6/site-packages/airflow/example_dags/example_subdag_operator.py took 0.118 seconds
[2022-08-02 01:14:47,109] {scheduler_job.py:182} INFO - Started process (PID=428) to work on /home/airflow/.local/lib/python3.6/site-packages/airflow/example_dags/example_subdag_operator.py
[2022-08-02 01:14:47,115] {scheduler_job.py:633} INFO - Processing file /home/airflow/.local/lib/python3.6/site-packages/airflow/example_dags/example_subdag_operator.py for tasks to queue
[2022-08-02 01:14:47,117] {logging_mixin.py:104} INFO - [2022-08-02 01:14:47,116] {dagbag.py:487} INFO - Filling up the DagBag from /home/airflow/.local/lib/python3.6/site-packages/airflow/example_dags/example_subdag_operator.py
[2022-08-02 01:14:47,173] {scheduler_job.py:643} INFO - DAG(s) dict_keys(['example_subdag_operator.section-1', 'example_subdag_operator.section-2', 'example_subdag_operator']) retrieved from /home/airflow/.local/lib/python3.6/site-packages/airflow/example_dags/example_subdag_operator.py
[2022-08-02 01:14:47,186] {logging_mixin.py:104} INFO - [2022-08-02 01:14:47,186] {dag.py:1832} INFO - Sync 3 DAGs
[2022-08-02 01:14:47,205] {logging_mixin.py:104} INFO - [2022-08-02 01:14:47,205] {dag.py:2305} INFO - Setting next_dagrun for example_subdag_operator to 2022-07-31 00:00:00+00:00
[2022-08-02 01:14:47,206] {logging_mixin.py:104} INFO - [2022-08-02 01:14:47,206] {dag.py:2305} INFO - Setting next_dagrun for example_subdag_operator.section-1 to None
[2022-08-02 01:14:47,207] {logging_mixin.py:104} INFO - [2022-08-02 01:14:47,207] {dag.py:2305} INFO - Setting next_dagrun for example_subdag_operator.section-2 to None
[2022-08-02 01:14:47,220] {logging_mixin.py:104} INFO - [2022-08-02 01:14:47,220] {dag.py:1832} INFO - Sync 2 DAGs
[2022-08-02 01:14:47,227] {logging_mixin.py:104} INFO - [2022-08-02 01:14:47,227] {dag.py:2305} INFO - Setting next_dagrun for example_subdag_operator.section-1 to None
[2022-08-02 01:14:47,228] {logging_mixin.py:104} INFO - [2022-08-02 01:14:47,228] {dag.py:2305} INFO - Setting next_dagrun for example_subdag_operator.section-2 to None
[2022-08-02 01:14:47,236] {scheduler_job.py:190} INFO - Processing /home/airflow/.local/lib/python3.6/site-packages/airflow/example_dags/example_subdag_operator.py took 0.130 seconds
