[2022-08-02 01:11:30,429] {scheduler_job.py:182} INFO - Started process (PID=71) to work on /home/airflow/.local/lib/python3.6/site-packages/airflow/example_dags/example_skip_dag.py
[2022-08-02 01:11:30,444] {scheduler_job.py:633} INFO - Processing file /home/airflow/.local/lib/python3.6/site-packages/airflow/example_dags/example_skip_dag.py for tasks to queue
[2022-08-02 01:11:30,453] {logging_mixin.py:104} INFO - [2022-08-02 01:11:30,453] {dagbag.py:487} INFO - Filling up the DagBag from /home/airflow/.local/lib/python3.6/site-packages/airflow/example_dags/example_skip_dag.py
[2022-08-02 01:11:30,492] {scheduler_job.py:643} INFO - DAG(s) dict_keys(['example_skip_dag']) retrieved from /home/airflow/.local/lib/python3.6/site-packages/airflow/example_dags/example_skip_dag.py
[2022-08-02 01:11:30,646] {logging_mixin.py:104} INFO - [2022-08-02 01:11:30,643] {dag.py:1832} INFO - Sync 1 DAGs
[2022-08-02 01:11:30,703] {logging_mixin.py:104} INFO - [2022-08-02 01:11:30,703] {dag.py:2305} INFO - Setting next_dagrun for example_skip_dag to 2022-07-31 00:00:00+00:00
[2022-08-02 01:11:30,757] {scheduler_job.py:190} INFO - Processing /home/airflow/.local/lib/python3.6/site-packages/airflow/example_dags/example_skip_dag.py took 0.331 seconds
[2022-08-02 01:12:07,467] {scheduler_job.py:182} INFO - Started process (PID=126) to work on /home/airflow/.local/lib/python3.6/site-packages/airflow/example_dags/example_skip_dag.py
[2022-08-02 01:12:07,477] {scheduler_job.py:633} INFO - Processing file /home/airflow/.local/lib/python3.6/site-packages/airflow/example_dags/example_skip_dag.py for tasks to queue
[2022-08-02 01:12:07,483] {logging_mixin.py:104} INFO - [2022-08-02 01:12:07,482] {dagbag.py:487} INFO - Filling up the DagBag from /home/airflow/.local/lib/python3.6/site-packages/airflow/example_dags/example_skip_dag.py
[2022-08-02 01:12:07,518] {scheduler_job.py:643} INFO - DAG(s) dict_keys(['example_skip_dag']) retrieved from /home/airflow/.local/lib/python3.6/site-packages/airflow/example_dags/example_skip_dag.py
[2022-08-02 01:12:07,604] {logging_mixin.py:104} INFO - [2022-08-02 01:12:07,604] {dag.py:1832} INFO - Sync 1 DAGs
[2022-08-02 01:12:07,641] {logging_mixin.py:104} INFO - [2022-08-02 01:12:07,641] {dag.py:2305} INFO - Setting next_dagrun for example_skip_dag to 2022-07-31 00:00:00+00:00
[2022-08-02 01:12:07,665] {scheduler_job.py:190} INFO - Processing /home/airflow/.local/lib/python3.6/site-packages/airflow/example_dags/example_skip_dag.py took 0.204 seconds
[2022-08-02 01:12:38,475] {scheduler_job.py:182} INFO - Started process (PID=181) to work on /home/airflow/.local/lib/python3.6/site-packages/airflow/example_dags/example_skip_dag.py
[2022-08-02 01:12:38,477] {scheduler_job.py:633} INFO - Processing file /home/airflow/.local/lib/python3.6/site-packages/airflow/example_dags/example_skip_dag.py for tasks to queue
[2022-08-02 01:12:38,478] {logging_mixin.py:104} INFO - [2022-08-02 01:12:38,478] {dagbag.py:487} INFO - Filling up the DagBag from /home/airflow/.local/lib/python3.6/site-packages/airflow/example_dags/example_skip_dag.py
[2022-08-02 01:12:38,490] {scheduler_job.py:643} INFO - DAG(s) dict_keys(['example_skip_dag']) retrieved from /home/airflow/.local/lib/python3.6/site-packages/airflow/example_dags/example_skip_dag.py
[2022-08-02 01:12:38,515] {logging_mixin.py:104} INFO - [2022-08-02 01:12:38,515] {dag.py:1832} INFO - Sync 1 DAGs
[2022-08-02 01:12:38,530] {logging_mixin.py:104} INFO - [2022-08-02 01:12:38,530] {dag.py:2305} INFO - Setting next_dagrun for example_skip_dag to 2022-07-31 00:00:00+00:00
[2022-08-02 01:12:38,542] {scheduler_job.py:190} INFO - Processing /home/airflow/.local/lib/python3.6/site-packages/airflow/example_dags/example_skip_dag.py took 0.070 seconds
[2022-08-02 01:13:08,896] {scheduler_job.py:182} INFO - Started process (PID=236) to work on /home/airflow/.local/lib/python3.6/site-packages/airflow/example_dags/example_skip_dag.py
[2022-08-02 01:13:08,898] {scheduler_job.py:633} INFO - Processing file /home/airflow/.local/lib/python3.6/site-packages/airflow/example_dags/example_skip_dag.py for tasks to queue
[2022-08-02 01:13:08,900] {logging_mixin.py:104} INFO - [2022-08-02 01:13:08,899] {dagbag.py:487} INFO - Filling up the DagBag from /home/airflow/.local/lib/python3.6/site-packages/airflow/example_dags/example_skip_dag.py
[2022-08-02 01:13:08,916] {scheduler_job.py:643} INFO - DAG(s) dict_keys(['example_skip_dag']) retrieved from /home/airflow/.local/lib/python3.6/site-packages/airflow/example_dags/example_skip_dag.py
[2022-08-02 01:13:08,957] {logging_mixin.py:104} INFO - [2022-08-02 01:13:08,957] {dag.py:1832} INFO - Sync 1 DAGs
[2022-08-02 01:13:08,976] {logging_mixin.py:104} INFO - [2022-08-02 01:13:08,976] {dag.py:2305} INFO - Setting next_dagrun for example_skip_dag to 2022-07-31 00:00:00+00:00
[2022-08-02 01:13:08,995] {scheduler_job.py:190} INFO - Processing /home/airflow/.local/lib/python3.6/site-packages/airflow/example_dags/example_skip_dag.py took 0.106 seconds
[2022-08-02 01:13:40,669] {scheduler_job.py:182} INFO - Started process (PID=291) to work on /home/airflow/.local/lib/python3.6/site-packages/airflow/example_dags/example_skip_dag.py
[2022-08-02 01:13:40,671] {scheduler_job.py:633} INFO - Processing file /home/airflow/.local/lib/python3.6/site-packages/airflow/example_dags/example_skip_dag.py for tasks to queue
[2022-08-02 01:13:40,673] {logging_mixin.py:104} INFO - [2022-08-02 01:13:40,673] {dagbag.py:487} INFO - Filling up the DagBag from /home/airflow/.local/lib/python3.6/site-packages/airflow/example_dags/example_skip_dag.py
[2022-08-02 01:13:40,711] {scheduler_job.py:643} INFO - DAG(s) dict_keys(['example_skip_dag']) retrieved from /home/airflow/.local/lib/python3.6/site-packages/airflow/example_dags/example_skip_dag.py
[2022-08-02 01:13:40,792] {logging_mixin.py:104} INFO - [2022-08-02 01:13:40,792] {dag.py:1832} INFO - Sync 1 DAGs
[2022-08-02 01:13:40,864] {logging_mixin.py:104} INFO - [2022-08-02 01:13:40,864] {dag.py:2305} INFO - Setting next_dagrun for example_skip_dag to 2022-07-31 00:00:00+00:00
[2022-08-02 01:13:40,890] {scheduler_job.py:190} INFO - Processing /home/airflow/.local/lib/python3.6/site-packages/airflow/example_dags/example_skip_dag.py took 0.229 seconds
[2022-08-02 01:14:11,610] {scheduler_job.py:182} INFO - Started process (PID=347) to work on /home/airflow/.local/lib/python3.6/site-packages/airflow/example_dags/example_skip_dag.py
[2022-08-02 01:14:11,611] {scheduler_job.py:633} INFO - Processing file /home/airflow/.local/lib/python3.6/site-packages/airflow/example_dags/example_skip_dag.py for tasks to queue
[2022-08-02 01:14:11,612] {logging_mixin.py:104} INFO - [2022-08-02 01:14:11,612] {dagbag.py:487} INFO - Filling up the DagBag from /home/airflow/.local/lib/python3.6/site-packages/airflow/example_dags/example_skip_dag.py
[2022-08-02 01:14:11,627] {scheduler_job.py:643} INFO - DAG(s) dict_keys(['example_skip_dag']) retrieved from /home/airflow/.local/lib/python3.6/site-packages/airflow/example_dags/example_skip_dag.py
[2022-08-02 01:14:11,647] {logging_mixin.py:104} INFO - [2022-08-02 01:14:11,647] {dag.py:1832} INFO - Sync 1 DAGs
[2022-08-02 01:14:11,662] {logging_mixin.py:104} INFO - [2022-08-02 01:14:11,662] {dag.py:2305} INFO - Setting next_dagrun for example_skip_dag to 2022-07-31 00:00:00+00:00
[2022-08-02 01:14:11,676] {scheduler_job.py:190} INFO - Processing /home/airflow/.local/lib/python3.6/site-packages/airflow/example_dags/example_skip_dag.py took 0.069 seconds
[2022-08-02 01:14:41,782] {scheduler_job.py:182} INFO - Started process (PID=401) to work on /home/airflow/.local/lib/python3.6/site-packages/airflow/example_dags/example_skip_dag.py
[2022-08-02 01:14:41,784] {scheduler_job.py:633} INFO - Processing file /home/airflow/.local/lib/python3.6/site-packages/airflow/example_dags/example_skip_dag.py for tasks to queue
[2022-08-02 01:14:41,785] {logging_mixin.py:104} INFO - [2022-08-02 01:14:41,785] {dagbag.py:487} INFO - Filling up the DagBag from /home/airflow/.local/lib/python3.6/site-packages/airflow/example_dags/example_skip_dag.py
[2022-08-02 01:14:41,806] {scheduler_job.py:643} INFO - DAG(s) dict_keys(['example_skip_dag']) retrieved from /home/airflow/.local/lib/python3.6/site-packages/airflow/example_dags/example_skip_dag.py
[2022-08-02 01:14:41,838] {logging_mixin.py:104} INFO - [2022-08-02 01:14:41,838] {dag.py:1832} INFO - Sync 1 DAGs
[2022-08-02 01:14:41,862] {logging_mixin.py:104} INFO - [2022-08-02 01:14:41,862] {dag.py:2305} INFO - Setting next_dagrun for example_skip_dag to 2022-07-31 00:00:00+00:00
[2022-08-02 01:14:41,916] {scheduler_job.py:190} INFO - Processing /home/airflow/.local/lib/python3.6/site-packages/airflow/example_dags/example_skip_dag.py took 0.138 seconds
[2022-08-02 01:15:12,131] {scheduler_job.py:182} INFO - Started process (PID=465) to work on /home/airflow/.local/lib/python3.6/site-packages/airflow/example_dags/example_skip_dag.py
[2022-08-02 01:15:12,136] {scheduler_job.py:633} INFO - Processing file /home/airflow/.local/lib/python3.6/site-packages/airflow/example_dags/example_skip_dag.py for tasks to queue
[2022-08-02 01:15:12,138] {logging_mixin.py:104} INFO - [2022-08-02 01:15:12,138] {dagbag.py:487} INFO - Filling up the DagBag from /home/airflow/.local/lib/python3.6/site-packages/airflow/example_dags/example_skip_dag.py
[2022-08-02 01:15:12,194] {scheduler_job.py:643} INFO - DAG(s) dict_keys(['example_skip_dag']) retrieved from /home/airflow/.local/lib/python3.6/site-packages/airflow/example_dags/example_skip_dag.py
[2022-08-02 01:15:12,245] {logging_mixin.py:104} INFO - [2022-08-02 01:15:12,245] {dag.py:1832} INFO - Sync 1 DAGs
[2022-08-02 01:15:12,272] {logging_mixin.py:104} INFO - [2022-08-02 01:15:12,272] {dag.py:2305} INFO - Setting next_dagrun for example_skip_dag to 2022-07-31 00:00:00+00:00
[2022-08-02 01:15:12,283] {scheduler_job.py:190} INFO - Processing /home/airflow/.local/lib/python3.6/site-packages/airflow/example_dags/example_skip_dag.py took 0.154 seconds
