[2022-08-02 01:11:29,187] {scheduler_job.py:182} INFO - Started process (PID=68) to work on /home/airflow/.local/lib/python3.6/site-packages/airflow/example_dags/example_complex.py
[2022-08-02 01:11:29,193] {scheduler_job.py:633} INFO - Processing file /home/airflow/.local/lib/python3.6/site-packages/airflow/example_dags/example_complex.py for tasks to queue
[2022-08-02 01:11:29,194] {logging_mixin.py:104} INFO - [2022-08-02 01:11:29,194] {dagbag.py:487} INFO - Filling up the DagBag from /home/airflow/.local/lib/python3.6/site-packages/airflow/example_dags/example_complex.py
[2022-08-02 01:11:29,291] {scheduler_job.py:643} INFO - DAG(s) dict_keys(['example_complex']) retrieved from /home/airflow/.local/lib/python3.6/site-packages/airflow/example_dags/example_complex.py
[2022-08-02 01:11:29,423] {logging_mixin.py:104} INFO - [2022-08-02 01:11:29,423] {dag.py:1832} INFO - Sync 1 DAGs
[2022-08-02 01:11:29,483] {logging_mixin.py:104} INFO - [2022-08-02 01:11:29,483] {dag.py:2305} INFO - Setting next_dagrun for example_complex to None
[2022-08-02 01:11:29,515] {scheduler_job.py:190} INFO - Processing /home/airflow/.local/lib/python3.6/site-packages/airflow/example_dags/example_complex.py took 0.332 seconds
[2022-08-02 01:12:05,926] {scheduler_job.py:182} INFO - Started process (PID=123) to work on /home/airflow/.local/lib/python3.6/site-packages/airflow/example_dags/example_complex.py
[2022-08-02 01:12:05,928] {scheduler_job.py:633} INFO - Processing file /home/airflow/.local/lib/python3.6/site-packages/airflow/example_dags/example_complex.py for tasks to queue
[2022-08-02 01:12:05,945] {logging_mixin.py:104} INFO - [2022-08-02 01:12:05,944] {dagbag.py:487} INFO - Filling up the DagBag from /home/airflow/.local/lib/python3.6/site-packages/airflow/example_dags/example_complex.py
[2022-08-02 01:12:06,133] {scheduler_job.py:643} INFO - DAG(s) dict_keys(['example_complex']) retrieved from /home/airflow/.local/lib/python3.6/site-packages/airflow/example_dags/example_complex.py
[2022-08-02 01:12:06,288] {logging_mixin.py:104} INFO - [2022-08-02 01:12:06,288] {dag.py:1832} INFO - Sync 1 DAGs
[2022-08-02 01:12:06,530] {logging_mixin.py:104} INFO - [2022-08-02 01:12:06,530] {dag.py:2305} INFO - Setting next_dagrun for example_complex to None
[2022-08-02 01:12:06,675] {scheduler_job.py:190} INFO - Processing /home/airflow/.local/lib/python3.6/site-packages/airflow/example_dags/example_complex.py took 0.762 seconds
[2022-08-02 01:12:37,194] {scheduler_job.py:182} INFO - Started process (PID=177) to work on /home/airflow/.local/lib/python3.6/site-packages/airflow/example_dags/example_complex.py
[2022-08-02 01:12:37,195] {scheduler_job.py:633} INFO - Processing file /home/airflow/.local/lib/python3.6/site-packages/airflow/example_dags/example_complex.py for tasks to queue
[2022-08-02 01:12:37,196] {logging_mixin.py:104} INFO - [2022-08-02 01:12:37,196] {dagbag.py:487} INFO - Filling up the DagBag from /home/airflow/.local/lib/python3.6/site-packages/airflow/example_dags/example_complex.py
[2022-08-02 01:12:37,218] {scheduler_job.py:643} INFO - DAG(s) dict_keys(['example_complex']) retrieved from /home/airflow/.local/lib/python3.6/site-packages/airflow/example_dags/example_complex.py
[2022-08-02 01:12:37,242] {logging_mixin.py:104} INFO - [2022-08-02 01:12:37,242] {dag.py:1832} INFO - Sync 1 DAGs
[2022-08-02 01:12:37,257] {logging_mixin.py:104} INFO - [2022-08-02 01:12:37,256] {dag.py:2305} INFO - Setting next_dagrun for example_complex to None
[2022-08-02 01:12:37,269] {scheduler_job.py:190} INFO - Processing /home/airflow/.local/lib/python3.6/site-packages/airflow/example_dags/example_complex.py took 0.078 seconds
[2022-08-02 01:13:07,540] {scheduler_job.py:182} INFO - Started process (PID=232) to work on /home/airflow/.local/lib/python3.6/site-packages/airflow/example_dags/example_complex.py
[2022-08-02 01:13:07,542] {scheduler_job.py:633} INFO - Processing file /home/airflow/.local/lib/python3.6/site-packages/airflow/example_dags/example_complex.py for tasks to queue
[2022-08-02 01:13:07,543] {logging_mixin.py:104} INFO - [2022-08-02 01:13:07,543] {dagbag.py:487} INFO - Filling up the DagBag from /home/airflow/.local/lib/python3.6/site-packages/airflow/example_dags/example_complex.py
[2022-08-02 01:13:07,593] {scheduler_job.py:643} INFO - DAG(s) dict_keys(['example_complex']) retrieved from /home/airflow/.local/lib/python3.6/site-packages/airflow/example_dags/example_complex.py
[2022-08-02 01:13:07,624] {logging_mixin.py:104} INFO - [2022-08-02 01:13:07,624] {dag.py:1832} INFO - Sync 1 DAGs
[2022-08-02 01:13:07,664] {logging_mixin.py:104} INFO - [2022-08-02 01:13:07,664] {dag.py:2305} INFO - Setting next_dagrun for example_complex to None
[2022-08-02 01:13:07,700] {scheduler_job.py:190} INFO - Processing /home/airflow/.local/lib/python3.6/site-packages/airflow/example_dags/example_complex.py took 0.164 seconds
[2022-08-02 01:13:38,332] {scheduler_job.py:182} INFO - Started process (PID=287) to work on /home/airflow/.local/lib/python3.6/site-packages/airflow/example_dags/example_complex.py
[2022-08-02 01:13:38,345] {scheduler_job.py:633} INFO - Processing file /home/airflow/.local/lib/python3.6/site-packages/airflow/example_dags/example_complex.py for tasks to queue
[2022-08-02 01:13:38,348] {logging_mixin.py:104} INFO - [2022-08-02 01:13:38,348] {dagbag.py:487} INFO - Filling up the DagBag from /home/airflow/.local/lib/python3.6/site-packages/airflow/example_dags/example_complex.py
[2022-08-02 01:13:38,419] {scheduler_job.py:643} INFO - DAG(s) dict_keys(['example_complex']) retrieved from /home/airflow/.local/lib/python3.6/site-packages/airflow/example_dags/example_complex.py
[2022-08-02 01:13:38,536] {logging_mixin.py:104} INFO - [2022-08-02 01:13:38,535] {dag.py:1832} INFO - Sync 1 DAGs
[2022-08-02 01:13:38,597] {logging_mixin.py:104} INFO - [2022-08-02 01:13:38,596] {dag.py:2305} INFO - Setting next_dagrun for example_complex to None
[2022-08-02 01:13:38,653] {scheduler_job.py:190} INFO - Processing /home/airflow/.local/lib/python3.6/site-packages/airflow/example_dags/example_complex.py took 0.326 seconds
[2022-08-02 01:14:09,281] {scheduler_job.py:182} INFO - Started process (PID=343) to work on /home/airflow/.local/lib/python3.6/site-packages/airflow/example_dags/example_complex.py
[2022-08-02 01:14:09,284] {scheduler_job.py:633} INFO - Processing file /home/airflow/.local/lib/python3.6/site-packages/airflow/example_dags/example_complex.py for tasks to queue
[2022-08-02 01:14:09,286] {logging_mixin.py:104} INFO - [2022-08-02 01:14:09,286] {dagbag.py:487} INFO - Filling up the DagBag from /home/airflow/.local/lib/python3.6/site-packages/airflow/example_dags/example_complex.py
[2022-08-02 01:14:09,384] {scheduler_job.py:643} INFO - DAG(s) dict_keys(['example_complex']) retrieved from /home/airflow/.local/lib/python3.6/site-packages/airflow/example_dags/example_complex.py
[2022-08-02 01:14:09,411] {logging_mixin.py:104} INFO - [2022-08-02 01:14:09,411] {dag.py:1832} INFO - Sync 1 DAGs
[2022-08-02 01:14:09,433] {logging_mixin.py:104} INFO - [2022-08-02 01:14:09,433] {dag.py:2305} INFO - Setting next_dagrun for example_complex to None
[2022-08-02 01:14:09,460] {scheduler_job.py:190} INFO - Processing /home/airflow/.local/lib/python3.6/site-packages/airflow/example_dags/example_complex.py took 0.188 seconds
[2022-08-02 01:14:40,377] {scheduler_job.py:182} INFO - Started process (PID=398) to work on /home/airflow/.local/lib/python3.6/site-packages/airflow/example_dags/example_complex.py
[2022-08-02 01:14:40,381] {scheduler_job.py:633} INFO - Processing file /home/airflow/.local/lib/python3.6/site-packages/airflow/example_dags/example_complex.py for tasks to queue
[2022-08-02 01:14:40,383] {logging_mixin.py:104} INFO - [2022-08-02 01:14:40,383] {dagbag.py:487} INFO - Filling up the DagBag from /home/airflow/.local/lib/python3.6/site-packages/airflow/example_dags/example_complex.py
[2022-08-02 01:14:40,452] {scheduler_job.py:643} INFO - DAG(s) dict_keys(['example_complex']) retrieved from /home/airflow/.local/lib/python3.6/site-packages/airflow/example_dags/example_complex.py
[2022-08-02 01:14:40,511] {logging_mixin.py:104} INFO - [2022-08-02 01:14:40,510] {dag.py:1832} INFO - Sync 1 DAGs
[2022-08-02 01:14:40,541] {logging_mixin.py:104} INFO - [2022-08-02 01:14:40,540] {dag.py:2305} INFO - Setting next_dagrun for example_complex to None
[2022-08-02 01:14:40,564] {scheduler_job.py:190} INFO - Processing /home/airflow/.local/lib/python3.6/site-packages/airflow/example_dags/example_complex.py took 0.196 seconds
[2022-08-02 01:15:10,875] {scheduler_job.py:182} INFO - Started process (PID=453) to work on /home/airflow/.local/lib/python3.6/site-packages/airflow/example_dags/example_complex.py
[2022-08-02 01:15:10,877] {scheduler_job.py:633} INFO - Processing file /home/airflow/.local/lib/python3.6/site-packages/airflow/example_dags/example_complex.py for tasks to queue
[2022-08-02 01:15:10,881] {logging_mixin.py:104} INFO - [2022-08-02 01:15:10,877] {dagbag.py:487} INFO - Filling up the DagBag from /home/airflow/.local/lib/python3.6/site-packages/airflow/example_dags/example_complex.py
[2022-08-02 01:15:10,926] {scheduler_job.py:643} INFO - DAG(s) dict_keys(['example_complex']) retrieved from /home/airflow/.local/lib/python3.6/site-packages/airflow/example_dags/example_complex.py
[2022-08-02 01:15:10,955] {logging_mixin.py:104} INFO - [2022-08-02 01:15:10,955] {dag.py:1832} INFO - Sync 1 DAGs
[2022-08-02 01:15:10,972] {logging_mixin.py:104} INFO - [2022-08-02 01:15:10,971] {dag.py:2305} INFO - Setting next_dagrun for example_complex to None
[2022-08-02 01:15:11,021] {scheduler_job.py:190} INFO - Processing /home/airflow/.local/lib/python3.6/site-packages/airflow/example_dags/example_complex.py took 0.148 seconds
