[2022-08-02 01:11:36,719] {scheduler_job.py:182} INFO - Started process (PID=90) to work on /home/airflow/.local/lib/python3.6/site-packages/airflow/example_dags/example_task_group_decorator.py
[2022-08-02 01:11:36,762] {scheduler_job.py:633} INFO - Processing file /home/airflow/.local/lib/python3.6/site-packages/airflow/example_dags/example_task_group_decorator.py for tasks to queue
[2022-08-02 01:11:36,766] {logging_mixin.py:104} INFO - [2022-08-02 01:11:36,765] {dagbag.py:487} INFO - Filling up the DagBag from /home/airflow/.local/lib/python3.6/site-packages/airflow/example_dags/example_task_group_decorator.py
[2022-08-02 01:11:37,356] {scheduler_job.py:643} INFO - DAG(s) dict_keys(['example_task_group_decorator']) retrieved from /home/airflow/.local/lib/python3.6/site-packages/airflow/example_dags/example_task_group_decorator.py
[2022-08-02 01:11:39,884] {logging_mixin.py:104} INFO - [2022-08-02 01:11:39,884] {dag.py:1832} INFO - Sync 1 DAGs
[2022-08-02 01:11:40,031] {logging_mixin.py:104} INFO - [2022-08-02 01:11:40,031] {dag.py:2305} INFO - Setting next_dagrun for example_task_group_decorator to 2022-07-31 00:00:00+00:00
[2022-08-02 01:11:40,161] {scheduler_job.py:190} INFO - Processing /home/airflow/.local/lib/python3.6/site-packages/airflow/example_dags/example_task_group_decorator.py took 3.446 seconds
[2022-08-02 01:12:10,405] {scheduler_job.py:182} INFO - Started process (PID=139) to work on /home/airflow/.local/lib/python3.6/site-packages/airflow/example_dags/example_task_group_decorator.py
[2022-08-02 01:12:10,417] {scheduler_job.py:633} INFO - Processing file /home/airflow/.local/lib/python3.6/site-packages/airflow/example_dags/example_task_group_decorator.py for tasks to queue
[2022-08-02 01:12:10,418] {logging_mixin.py:104} INFO - [2022-08-02 01:12:10,418] {dagbag.py:487} INFO - Filling up the DagBag from /home/airflow/.local/lib/python3.6/site-packages/airflow/example_dags/example_task_group_decorator.py
[2022-08-02 01:12:10,477] {scheduler_job.py:643} INFO - DAG(s) dict_keys(['example_task_group_decorator']) retrieved from /home/airflow/.local/lib/python3.6/site-packages/airflow/example_dags/example_task_group_decorator.py
[2022-08-02 01:12:10,966] {logging_mixin.py:104} INFO - [2022-08-02 01:12:10,966] {dag.py:1832} INFO - Sync 1 DAGs
[2022-08-02 01:12:10,987] {logging_mixin.py:104} INFO - [2022-08-02 01:12:10,987] {dag.py:2305} INFO - Setting next_dagrun for example_task_group_decorator to 2022-07-31 00:00:00+00:00
[2022-08-02 01:12:11,006] {scheduler_job.py:190} INFO - Processing /home/airflow/.local/lib/python3.6/site-packages/airflow/example_dags/example_task_group_decorator.py took 0.605 seconds
[2022-08-02 01:12:41,621] {scheduler_job.py:182} INFO - Started process (PID=194) to work on /home/airflow/.local/lib/python3.6/site-packages/airflow/example_dags/example_task_group_decorator.py
[2022-08-02 01:12:41,623] {scheduler_job.py:633} INFO - Processing file /home/airflow/.local/lib/python3.6/site-packages/airflow/example_dags/example_task_group_decorator.py for tasks to queue
[2022-08-02 01:12:41,624] {logging_mixin.py:104} INFO - [2022-08-02 01:12:41,624] {dagbag.py:487} INFO - Filling up the DagBag from /home/airflow/.local/lib/python3.6/site-packages/airflow/example_dags/example_task_group_decorator.py
[2022-08-02 01:12:41,656] {scheduler_job.py:643} INFO - DAG(s) dict_keys(['example_task_group_decorator']) retrieved from /home/airflow/.local/lib/python3.6/site-packages/airflow/example_dags/example_task_group_decorator.py
[2022-08-02 01:12:41,989] {logging_mixin.py:104} INFO - [2022-08-02 01:12:41,989] {dag.py:1832} INFO - Sync 1 DAGs
[2022-08-02 01:12:42,001] {logging_mixin.py:104} INFO - [2022-08-02 01:12:42,001] {dag.py:2305} INFO - Setting next_dagrun for example_task_group_decorator to 2022-07-31 00:00:00+00:00
[2022-08-02 01:12:42,014] {scheduler_job.py:190} INFO - Processing /home/airflow/.local/lib/python3.6/site-packages/airflow/example_dags/example_task_group_decorator.py took 0.396 seconds
[2022-08-02 01:13:12,954] {scheduler_job.py:182} INFO - Started process (PID=250) to work on /home/airflow/.local/lib/python3.6/site-packages/airflow/example_dags/example_task_group_decorator.py
[2022-08-02 01:13:12,956] {scheduler_job.py:633} INFO - Processing file /home/airflow/.local/lib/python3.6/site-packages/airflow/example_dags/example_task_group_decorator.py for tasks to queue
[2022-08-02 01:13:12,957] {logging_mixin.py:104} INFO - [2022-08-02 01:13:12,956] {dagbag.py:487} INFO - Filling up the DagBag from /home/airflow/.local/lib/python3.6/site-packages/airflow/example_dags/example_task_group_decorator.py
[2022-08-02 01:13:13,015] {scheduler_job.py:643} INFO - DAG(s) dict_keys(['example_task_group_decorator']) retrieved from /home/airflow/.local/lib/python3.6/site-packages/airflow/example_dags/example_task_group_decorator.py
[2022-08-02 01:13:14,326] {logging_mixin.py:104} INFO - [2022-08-02 01:13:14,325] {dag.py:1832} INFO - Sync 1 DAGs
[2022-08-02 01:13:14,386] {logging_mixin.py:104} INFO - [2022-08-02 01:13:14,386] {dag.py:2305} INFO - Setting next_dagrun for example_task_group_decorator to 2022-07-31 00:00:00+00:00
[2022-08-02 01:13:14,441] {scheduler_job.py:190} INFO - Processing /home/airflow/.local/lib/python3.6/site-packages/airflow/example_dags/example_task_group_decorator.py took 1.504 seconds
[2022-08-02 01:13:44,838] {scheduler_job.py:182} INFO - Started process (PID=306) to work on /home/airflow/.local/lib/python3.6/site-packages/airflow/example_dags/example_task_group_decorator.py
[2022-08-02 01:13:44,870] {scheduler_job.py:633} INFO - Processing file /home/airflow/.local/lib/python3.6/site-packages/airflow/example_dags/example_task_group_decorator.py for tasks to queue
[2022-08-02 01:13:44,889] {logging_mixin.py:104} INFO - [2022-08-02 01:13:44,884] {dagbag.py:487} INFO - Filling up the DagBag from /home/airflow/.local/lib/python3.6/site-packages/airflow/example_dags/example_task_group_decorator.py
[2022-08-02 01:13:45,056] {scheduler_job.py:643} INFO - DAG(s) dict_keys(['example_task_group_decorator']) retrieved from /home/airflow/.local/lib/python3.6/site-packages/airflow/example_dags/example_task_group_decorator.py
[2022-08-02 01:13:46,425] {logging_mixin.py:104} INFO - [2022-08-02 01:13:46,424] {dag.py:1832} INFO - Sync 1 DAGs
[2022-08-02 01:13:46,506] {logging_mixin.py:104} INFO - [2022-08-02 01:13:46,506] {dag.py:2305} INFO - Setting next_dagrun for example_task_group_decorator to 2022-07-31 00:00:00+00:00
[2022-08-02 01:13:46,576] {scheduler_job.py:190} INFO - Processing /home/airflow/.local/lib/python3.6/site-packages/airflow/example_dags/example_task_group_decorator.py took 1.744 seconds
[2022-08-02 01:14:17,459] {scheduler_job.py:182} INFO - Started process (PID=365) to work on /home/airflow/.local/lib/python3.6/site-packages/airflow/example_dags/example_task_group_decorator.py
[2022-08-02 01:14:17,461] {scheduler_job.py:633} INFO - Processing file /home/airflow/.local/lib/python3.6/site-packages/airflow/example_dags/example_task_group_decorator.py for tasks to queue
[2022-08-02 01:14:17,462] {logging_mixin.py:104} INFO - [2022-08-02 01:14:17,462] {dagbag.py:487} INFO - Filling up the DagBag from /home/airflow/.local/lib/python3.6/site-packages/airflow/example_dags/example_task_group_decorator.py
[2022-08-02 01:14:17,525] {scheduler_job.py:643} INFO - DAG(s) dict_keys(['example_task_group_decorator']) retrieved from /home/airflow/.local/lib/python3.6/site-packages/airflow/example_dags/example_task_group_decorator.py
[2022-08-02 01:14:17,926] {logging_mixin.py:104} INFO - [2022-08-02 01:14:17,925] {dag.py:1832} INFO - Sync 1 DAGs
[2022-08-02 01:14:17,957] {logging_mixin.py:104} INFO - [2022-08-02 01:14:17,957] {dag.py:2305} INFO - Setting next_dagrun for example_task_group_decorator to 2022-07-31 00:00:00+00:00
[2022-08-02 01:14:17,980] {scheduler_job.py:190} INFO - Processing /home/airflow/.local/lib/python3.6/site-packages/airflow/example_dags/example_task_group_decorator.py took 0.526 seconds
[2022-08-02 01:14:48,200] {scheduler_job.py:182} INFO - Started process (PID=431) to work on /home/airflow/.local/lib/python3.6/site-packages/airflow/example_dags/example_task_group_decorator.py
[2022-08-02 01:14:48,202] {scheduler_job.py:633} INFO - Processing file /home/airflow/.local/lib/python3.6/site-packages/airflow/example_dags/example_task_group_decorator.py for tasks to queue
[2022-08-02 01:14:48,203] {logging_mixin.py:104} INFO - [2022-08-02 01:14:48,203] {dagbag.py:487} INFO - Filling up the DagBag from /home/airflow/.local/lib/python3.6/site-packages/airflow/example_dags/example_task_group_decorator.py
[2022-08-02 01:14:48,244] {scheduler_job.py:643} INFO - DAG(s) dict_keys(['example_task_group_decorator']) retrieved from /home/airflow/.local/lib/python3.6/site-packages/airflow/example_dags/example_task_group_decorator.py
[2022-08-02 01:14:48,639] {logging_mixin.py:104} INFO - [2022-08-02 01:14:48,638] {dag.py:1832} INFO - Sync 1 DAGs
[2022-08-02 01:14:48,652] {logging_mixin.py:104} INFO - [2022-08-02 01:14:48,652] {dag.py:2305} INFO - Setting next_dagrun for example_task_group_decorator to 2022-07-31 00:00:00+00:00
[2022-08-02 01:14:48,665] {scheduler_job.py:190} INFO - Processing /home/airflow/.local/lib/python3.6/site-packages/airflow/example_dags/example_task_group_decorator.py took 0.469 seconds
