[2022-08-02 01:11:28,715] {scheduler_job.py:182} INFO - Started process (PID=67) to work on /home/airflow/.local/lib/python3.6/site-packages/airflow/example_dags/example_task_group.py
[2022-08-02 01:11:28,733] {scheduler_job.py:633} INFO - Processing file /home/airflow/.local/lib/python3.6/site-packages/airflow/example_dags/example_task_group.py for tasks to queue
[2022-08-02 01:11:28,734] {logging_mixin.py:104} INFO - [2022-08-02 01:11:28,734] {dagbag.py:487} INFO - Filling up the DagBag from /home/airflow/.local/lib/python3.6/site-packages/airflow/example_dags/example_task_group.py
[2022-08-02 01:11:28,770] {scheduler_job.py:643} INFO - DAG(s) dict_keys(['example_task_group']) retrieved from /home/airflow/.local/lib/python3.6/site-packages/airflow/example_dags/example_task_group.py
[2022-08-02 01:11:28,920] {logging_mixin.py:104} INFO - [2022-08-02 01:11:28,920] {dag.py:1832} INFO - Sync 1 DAGs
[2022-08-02 01:11:29,033] {logging_mixin.py:104} INFO - [2022-08-02 01:11:29,033] {dag.py:2305} INFO - Setting next_dagrun for example_task_group to 2022-07-31 00:00:00+00:00
[2022-08-02 01:11:29,074] {scheduler_job.py:190} INFO - Processing /home/airflow/.local/lib/python3.6/site-packages/airflow/example_dags/example_task_group.py took 0.362 seconds
[2022-08-02 01:12:03,902] {scheduler_job.py:182} INFO - Started process (PID=122) to work on /home/airflow/.local/lib/python3.6/site-packages/airflow/example_dags/example_task_group.py
[2022-08-02 01:12:03,915] {scheduler_job.py:633} INFO - Processing file /home/airflow/.local/lib/python3.6/site-packages/airflow/example_dags/example_task_group.py for tasks to queue
[2022-08-02 01:12:03,927] {logging_mixin.py:104} INFO - [2022-08-02 01:12:03,927] {dagbag.py:487} INFO - Filling up the DagBag from /home/airflow/.local/lib/python3.6/site-packages/airflow/example_dags/example_task_group.py
[2022-08-02 01:12:04,231] {scheduler_job.py:643} INFO - DAG(s) dict_keys(['example_task_group']) retrieved from /home/airflow/.local/lib/python3.6/site-packages/airflow/example_dags/example_task_group.py
[2022-08-02 01:12:04,758] {logging_mixin.py:104} INFO - [2022-08-02 01:12:04,758] {dag.py:1832} INFO - Sync 1 DAGs
[2022-08-02 01:12:05,565] {logging_mixin.py:104} INFO - [2022-08-02 01:12:05,565] {dag.py:2305} INFO - Setting next_dagrun for example_task_group to 2022-07-31 00:00:00+00:00
[2022-08-02 01:12:05,797] {scheduler_job.py:190} INFO - Processing /home/airflow/.local/lib/python3.6/site-packages/airflow/example_dags/example_task_group.py took 1.900 seconds
[2022-08-02 01:12:36,163] {scheduler_job.py:182} INFO - Started process (PID=176) to work on /home/airflow/.local/lib/python3.6/site-packages/airflow/example_dags/example_task_group.py
[2022-08-02 01:12:36,164] {scheduler_job.py:633} INFO - Processing file /home/airflow/.local/lib/python3.6/site-packages/airflow/example_dags/example_task_group.py for tasks to queue
[2022-08-02 01:12:36,165] {logging_mixin.py:104} INFO - [2022-08-02 01:12:36,165] {dagbag.py:487} INFO - Filling up the DagBag from /home/airflow/.local/lib/python3.6/site-packages/airflow/example_dags/example_task_group.py
[2022-08-02 01:12:36,184] {scheduler_job.py:643} INFO - DAG(s) dict_keys(['example_task_group']) retrieved from /home/airflow/.local/lib/python3.6/site-packages/airflow/example_dags/example_task_group.py
[2022-08-02 01:12:36,208] {logging_mixin.py:104} INFO - [2022-08-02 01:12:36,208] {dag.py:1832} INFO - Sync 1 DAGs
[2022-08-02 01:12:36,227] {logging_mixin.py:104} INFO - [2022-08-02 01:12:36,227] {dag.py:2305} INFO - Setting next_dagrun for example_task_group to 2022-07-31 00:00:00+00:00
[2022-08-02 01:12:36,246] {scheduler_job.py:190} INFO - Processing /home/airflow/.local/lib/python3.6/site-packages/airflow/example_dags/example_task_group.py took 0.087 seconds
[2022-08-02 01:13:06,811] {scheduler_job.py:182} INFO - Started process (PID=231) to work on /home/airflow/.local/lib/python3.6/site-packages/airflow/example_dags/example_task_group.py
[2022-08-02 01:13:06,835] {scheduler_job.py:633} INFO - Processing file /home/airflow/.local/lib/python3.6/site-packages/airflow/example_dags/example_task_group.py for tasks to queue
[2022-08-02 01:13:06,845] {logging_mixin.py:104} INFO - [2022-08-02 01:13:06,844] {dagbag.py:487} INFO - Filling up the DagBag from /home/airflow/.local/lib/python3.6/site-packages/airflow/example_dags/example_task_group.py
[2022-08-02 01:13:07,083] {scheduler_job.py:643} INFO - DAG(s) dict_keys(['example_task_group']) retrieved from /home/airflow/.local/lib/python3.6/site-packages/airflow/example_dags/example_task_group.py
[2022-08-02 01:13:07,439] {logging_mixin.py:104} INFO - [2022-08-02 01:13:07,439] {dag.py:1832} INFO - Sync 1 DAGs
[2022-08-02 01:13:07,478] {logging_mixin.py:104} INFO - [2022-08-02 01:13:07,478] {dag.py:2305} INFO - Setting next_dagrun for example_task_group to 2022-07-31 00:00:00+00:00
[2022-08-02 01:13:07,498] {scheduler_job.py:190} INFO - Processing /home/airflow/.local/lib/python3.6/site-packages/airflow/example_dags/example_task_group.py took 0.867 seconds
[2022-08-02 01:13:38,317] {scheduler_job.py:182} INFO - Started process (PID=286) to work on /home/airflow/.local/lib/python3.6/site-packages/airflow/example_dags/example_task_group.py
[2022-08-02 01:13:38,327] {scheduler_job.py:633} INFO - Processing file /home/airflow/.local/lib/python3.6/site-packages/airflow/example_dags/example_task_group.py for tasks to queue
[2022-08-02 01:13:38,329] {logging_mixin.py:104} INFO - [2022-08-02 01:13:38,329] {dagbag.py:487} INFO - Filling up the DagBag from /home/airflow/.local/lib/python3.6/site-packages/airflow/example_dags/example_task_group.py
[2022-08-02 01:13:38,444] {scheduler_job.py:643} INFO - DAG(s) dict_keys(['example_task_group']) retrieved from /home/airflow/.local/lib/python3.6/site-packages/airflow/example_dags/example_task_group.py
[2022-08-02 01:13:38,525] {logging_mixin.py:104} INFO - [2022-08-02 01:13:38,525] {dag.py:1832} INFO - Sync 1 DAGs
[2022-08-02 01:13:38,575] {logging_mixin.py:104} INFO - [2022-08-02 01:13:38,575] {dag.py:2305} INFO - Setting next_dagrun for example_task_group to 2022-07-31 00:00:00+00:00
[2022-08-02 01:13:38,615] {scheduler_job.py:190} INFO - Processing /home/airflow/.local/lib/python3.6/site-packages/airflow/example_dags/example_task_group.py took 0.306 seconds
[2022-08-02 01:14:09,280] {scheduler_job.py:182} INFO - Started process (PID=342) to work on /home/airflow/.local/lib/python3.6/site-packages/airflow/example_dags/example_task_group.py
[2022-08-02 01:14:09,283] {scheduler_job.py:633} INFO - Processing file /home/airflow/.local/lib/python3.6/site-packages/airflow/example_dags/example_task_group.py for tasks to queue
[2022-08-02 01:14:09,287] {logging_mixin.py:104} INFO - [2022-08-02 01:14:09,287] {dagbag.py:487} INFO - Filling up the DagBag from /home/airflow/.local/lib/python3.6/site-packages/airflow/example_dags/example_task_group.py
[2022-08-02 01:14:09,337] {scheduler_job.py:643} INFO - DAG(s) dict_keys(['example_task_group']) retrieved from /home/airflow/.local/lib/python3.6/site-packages/airflow/example_dags/example_task_group.py
[2022-08-02 01:14:09,374] {logging_mixin.py:104} INFO - [2022-08-02 01:14:09,374] {dag.py:1832} INFO - Sync 1 DAGs
[2022-08-02 01:14:09,414] {logging_mixin.py:104} INFO - [2022-08-02 01:14:09,414] {dag.py:2305} INFO - Setting next_dagrun for example_task_group to 2022-07-31 00:00:00+00:00
[2022-08-02 01:14:09,441] {scheduler_job.py:190} INFO - Processing /home/airflow/.local/lib/python3.6/site-packages/airflow/example_dags/example_task_group.py took 0.165 seconds
[2022-08-02 01:14:40,377] {scheduler_job.py:182} INFO - Started process (PID=397) to work on /home/airflow/.local/lib/python3.6/site-packages/airflow/example_dags/example_task_group.py
[2022-08-02 01:14:40,382] {scheduler_job.py:633} INFO - Processing file /home/airflow/.local/lib/python3.6/site-packages/airflow/example_dags/example_task_group.py for tasks to queue
[2022-08-02 01:14:40,384] {logging_mixin.py:104} INFO - [2022-08-02 01:14:40,384] {dagbag.py:487} INFO - Filling up the DagBag from /home/airflow/.local/lib/python3.6/site-packages/airflow/example_dags/example_task_group.py
[2022-08-02 01:14:40,465] {scheduler_job.py:643} INFO - DAG(s) dict_keys(['example_task_group']) retrieved from /home/airflow/.local/lib/python3.6/site-packages/airflow/example_dags/example_task_group.py
[2022-08-02 01:14:40,502] {logging_mixin.py:104} INFO - [2022-08-02 01:14:40,502] {dag.py:1832} INFO - Sync 1 DAGs
[2022-08-02 01:14:40,530] {logging_mixin.py:104} INFO - [2022-08-02 01:14:40,529] {dag.py:2305} INFO - Setting next_dagrun for example_task_group to 2022-07-31 00:00:00+00:00
[2022-08-02 01:14:40,554] {scheduler_job.py:190} INFO - Processing /home/airflow/.local/lib/python3.6/site-packages/airflow/example_dags/example_task_group.py took 0.188 seconds
[2022-08-02 01:15:10,880] {scheduler_job.py:182} INFO - Started process (PID=452) to work on /home/airflow/.local/lib/python3.6/site-packages/airflow/example_dags/example_task_group.py
[2022-08-02 01:15:10,881] {scheduler_job.py:633} INFO - Processing file /home/airflow/.local/lib/python3.6/site-packages/airflow/example_dags/example_task_group.py for tasks to queue
[2022-08-02 01:15:10,894] {logging_mixin.py:104} INFO - [2022-08-02 01:15:10,894] {dagbag.py:487} INFO - Filling up the DagBag from /home/airflow/.local/lib/python3.6/site-packages/airflow/example_dags/example_task_group.py
[2022-08-02 01:15:10,931] {scheduler_job.py:643} INFO - DAG(s) dict_keys(['example_task_group']) retrieved from /home/airflow/.local/lib/python3.6/site-packages/airflow/example_dags/example_task_group.py
[2022-08-02 01:15:11,034] {logging_mixin.py:104} INFO - [2022-08-02 01:15:11,034] {dag.py:1832} INFO - Sync 1 DAGs
[2022-08-02 01:15:11,066] {logging_mixin.py:104} INFO - [2022-08-02 01:15:11,066] {dag.py:2305} INFO - Setting next_dagrun for example_task_group to 2022-07-31 00:00:00+00:00
[2022-08-02 01:15:11,083] {scheduler_job.py:190} INFO - Processing /home/airflow/.local/lib/python3.6/site-packages/airflow/example_dags/example_task_group.py took 0.205 seconds
