[2022-08-02 01:11:32,979] {scheduler_job.py:182} INFO - Started process (PID=77) to work on /home/airflow/.local/lib/python3.6/site-packages/airflow/example_dags/example_python_operator.py
[2022-08-02 01:11:32,994] {scheduler_job.py:633} INFO - Processing file /home/airflow/.local/lib/python3.6/site-packages/airflow/example_dags/example_python_operator.py for tasks to queue
[2022-08-02 01:11:32,996] {logging_mixin.py:104} INFO - [2022-08-02 01:11:32,996] {dagbag.py:487} INFO - Filling up the DagBag from /home/airflow/.local/lib/python3.6/site-packages/airflow/example_dags/example_python_operator.py
[2022-08-02 01:11:33,099] {scheduler_job.py:643} INFO - DAG(s) dict_keys(['example_python_operator']) retrieved from /home/airflow/.local/lib/python3.6/site-packages/airflow/example_dags/example_python_operator.py
[2022-08-02 01:11:33,291] {logging_mixin.py:104} INFO - [2022-08-02 01:11:33,291] {dag.py:1832} INFO - Sync 1 DAGs
[2022-08-02 01:11:33,400] {logging_mixin.py:104} INFO - [2022-08-02 01:11:33,400] {dag.py:2305} INFO - Setting next_dagrun for example_python_operator to None
[2022-08-02 01:11:33,470] {scheduler_job.py:190} INFO - Processing /home/airflow/.local/lib/python3.6/site-packages/airflow/example_dags/example_python_operator.py took 0.497 seconds
[2022-08-02 01:12:08,594] {scheduler_job.py:182} INFO - Started process (PID=132) to work on /home/airflow/.local/lib/python3.6/site-packages/airflow/example_dags/example_python_operator.py
[2022-08-02 01:12:08,604] {scheduler_job.py:633} INFO - Processing file /home/airflow/.local/lib/python3.6/site-packages/airflow/example_dags/example_python_operator.py for tasks to queue
[2022-08-02 01:12:08,606] {logging_mixin.py:104} INFO - [2022-08-02 01:12:08,605] {dagbag.py:487} INFO - Filling up the DagBag from /home/airflow/.local/lib/python3.6/site-packages/airflow/example_dags/example_python_operator.py
[2022-08-02 01:12:08,664] {scheduler_job.py:643} INFO - DAG(s) dict_keys(['example_python_operator']) retrieved from /home/airflow/.local/lib/python3.6/site-packages/airflow/example_dags/example_python_operator.py
[2022-08-02 01:12:08,765] {logging_mixin.py:104} INFO - [2022-08-02 01:12:08,765] {dag.py:1832} INFO - Sync 1 DAGs
[2022-08-02 01:12:08,865] {logging_mixin.py:104} INFO - [2022-08-02 01:12:08,864] {dag.py:2305} INFO - Setting next_dagrun for example_python_operator to None
[2022-08-02 01:12:08,920] {scheduler_job.py:190} INFO - Processing /home/airflow/.local/lib/python3.6/site-packages/airflow/example_dags/example_python_operator.py took 0.331 seconds
[2022-08-02 01:12:39,836] {scheduler_job.py:182} INFO - Started process (PID=187) to work on /home/airflow/.local/lib/python3.6/site-packages/airflow/example_dags/example_python_operator.py
[2022-08-02 01:12:39,837] {scheduler_job.py:633} INFO - Processing file /home/airflow/.local/lib/python3.6/site-packages/airflow/example_dags/example_python_operator.py for tasks to queue
[2022-08-02 01:12:39,838] {logging_mixin.py:104} INFO - [2022-08-02 01:12:39,838] {dagbag.py:487} INFO - Filling up the DagBag from /home/airflow/.local/lib/python3.6/site-packages/airflow/example_dags/example_python_operator.py
[2022-08-02 01:12:39,864] {scheduler_job.py:643} INFO - DAG(s) dict_keys(['example_python_operator']) retrieved from /home/airflow/.local/lib/python3.6/site-packages/airflow/example_dags/example_python_operator.py
[2022-08-02 01:12:39,898] {logging_mixin.py:104} INFO - [2022-08-02 01:12:39,898] {dag.py:1832} INFO - Sync 1 DAGs
[2022-08-02 01:12:39,916] {logging_mixin.py:104} INFO - [2022-08-02 01:12:39,916] {dag.py:2305} INFO - Setting next_dagrun for example_python_operator to None
[2022-08-02 01:12:39,932] {scheduler_job.py:190} INFO - Processing /home/airflow/.local/lib/python3.6/site-packages/airflow/example_dags/example_python_operator.py took 0.101 seconds
[2022-08-02 01:13:10,538] {scheduler_job.py:182} INFO - Started process (PID=242) to work on /home/airflow/.local/lib/python3.6/site-packages/airflow/example_dags/example_python_operator.py
[2022-08-02 01:13:10,541] {scheduler_job.py:633} INFO - Processing file /home/airflow/.local/lib/python3.6/site-packages/airflow/example_dags/example_python_operator.py for tasks to queue
[2022-08-02 01:13:10,544] {logging_mixin.py:104} INFO - [2022-08-02 01:13:10,544] {dagbag.py:487} INFO - Filling up the DagBag from /home/airflow/.local/lib/python3.6/site-packages/airflow/example_dags/example_python_operator.py
[2022-08-02 01:13:10,605] {scheduler_job.py:643} INFO - DAG(s) dict_keys(['example_python_operator']) retrieved from /home/airflow/.local/lib/python3.6/site-packages/airflow/example_dags/example_python_operator.py
[2022-08-02 01:13:10,686] {logging_mixin.py:104} INFO - [2022-08-02 01:13:10,686] {dag.py:1832} INFO - Sync 1 DAGs
[2022-08-02 01:13:10,731] {logging_mixin.py:104} INFO - [2022-08-02 01:13:10,731] {dag.py:2305} INFO - Setting next_dagrun for example_python_operator to None
[2022-08-02 01:13:10,768] {scheduler_job.py:190} INFO - Processing /home/airflow/.local/lib/python3.6/site-packages/airflow/example_dags/example_python_operator.py took 0.233 seconds
[2022-08-02 01:13:41,563] {scheduler_job.py:182} INFO - Started process (PID=297) to work on /home/airflow/.local/lib/python3.6/site-packages/airflow/example_dags/example_python_operator.py
[2022-08-02 01:13:41,566] {scheduler_job.py:633} INFO - Processing file /home/airflow/.local/lib/python3.6/site-packages/airflow/example_dags/example_python_operator.py for tasks to queue
[2022-08-02 01:13:41,567] {logging_mixin.py:104} INFO - [2022-08-02 01:13:41,566] {dagbag.py:487} INFO - Filling up the DagBag from /home/airflow/.local/lib/python3.6/site-packages/airflow/example_dags/example_python_operator.py
[2022-08-02 01:13:41,626] {scheduler_job.py:643} INFO - DAG(s) dict_keys(['example_python_operator']) retrieved from /home/airflow/.local/lib/python3.6/site-packages/airflow/example_dags/example_python_operator.py
[2022-08-02 01:13:41,739] {logging_mixin.py:104} INFO - [2022-08-02 01:13:41,739] {dag.py:1832} INFO - Sync 1 DAGs
[2022-08-02 01:13:41,869] {logging_mixin.py:104} INFO - [2022-08-02 01:13:41,869] {dag.py:2305} INFO - Setting next_dagrun for example_python_operator to None
[2022-08-02 01:13:41,978] {scheduler_job.py:190} INFO - Processing /home/airflow/.local/lib/python3.6/site-packages/airflow/example_dags/example_python_operator.py took 0.429 seconds
[2022-08-02 01:14:12,159] {scheduler_job.py:182} INFO - Started process (PID=352) to work on /home/airflow/.local/lib/python3.6/site-packages/airflow/example_dags/example_python_operator.py
[2022-08-02 01:14:12,160] {scheduler_job.py:633} INFO - Processing file /home/airflow/.local/lib/python3.6/site-packages/airflow/example_dags/example_python_operator.py for tasks to queue
[2022-08-02 01:14:12,161] {logging_mixin.py:104} INFO - [2022-08-02 01:14:12,161] {dagbag.py:487} INFO - Filling up the DagBag from /home/airflow/.local/lib/python3.6/site-packages/airflow/example_dags/example_python_operator.py
[2022-08-02 01:14:12,184] {scheduler_job.py:643} INFO - DAG(s) dict_keys(['example_python_operator']) retrieved from /home/airflow/.local/lib/python3.6/site-packages/airflow/example_dags/example_python_operator.py
[2022-08-02 01:14:12,207] {logging_mixin.py:104} INFO - [2022-08-02 01:14:12,207] {dag.py:1832} INFO - Sync 1 DAGs
[2022-08-02 01:14:12,223] {logging_mixin.py:104} INFO - [2022-08-02 01:14:12,223] {dag.py:2305} INFO - Setting next_dagrun for example_python_operator to None
[2022-08-02 01:14:12,233] {scheduler_job.py:190} INFO - Processing /home/airflow/.local/lib/python3.6/site-packages/airflow/example_dags/example_python_operator.py took 0.078 seconds
[2022-08-02 01:14:42,938] {scheduler_job.py:182} INFO - Started process (PID=407) to work on /home/airflow/.local/lib/python3.6/site-packages/airflow/example_dags/example_python_operator.py
[2022-08-02 01:14:42,955] {scheduler_job.py:633} INFO - Processing file /home/airflow/.local/lib/python3.6/site-packages/airflow/example_dags/example_python_operator.py for tasks to queue
[2022-08-02 01:14:42,956] {logging_mixin.py:104} INFO - [2022-08-02 01:14:42,956] {dagbag.py:487} INFO - Filling up the DagBag from /home/airflow/.local/lib/python3.6/site-packages/airflow/example_dags/example_python_operator.py
[2022-08-02 01:14:43,008] {scheduler_job.py:643} INFO - DAG(s) dict_keys(['example_python_operator']) retrieved from /home/airflow/.local/lib/python3.6/site-packages/airflow/example_dags/example_python_operator.py
[2022-08-02 01:14:43,106] {logging_mixin.py:104} INFO - [2022-08-02 01:14:43,106] {dag.py:1832} INFO - Sync 1 DAGs
[2022-08-02 01:14:43,129] {logging_mixin.py:104} INFO - [2022-08-02 01:14:43,129] {dag.py:2305} INFO - Setting next_dagrun for example_python_operator to None
[2022-08-02 01:14:43,150] {scheduler_job.py:190} INFO - Processing /home/airflow/.local/lib/python3.6/site-packages/airflow/example_dags/example_python_operator.py took 0.218 seconds
[2022-08-02 01:15:14,293] {scheduler_job.py:182} INFO - Started process (PID=472) to work on /home/airflow/.local/lib/python3.6/site-packages/airflow/example_dags/example_python_operator.py
[2022-08-02 01:15:14,295] {scheduler_job.py:633} INFO - Processing file /home/airflow/.local/lib/python3.6/site-packages/airflow/example_dags/example_python_operator.py for tasks to queue
[2022-08-02 01:15:14,296] {logging_mixin.py:104} INFO - [2022-08-02 01:15:14,296] {dagbag.py:487} INFO - Filling up the DagBag from /home/airflow/.local/lib/python3.6/site-packages/airflow/example_dags/example_python_operator.py
[2022-08-02 01:15:14,358] {scheduler_job.py:643} INFO - DAG(s) dict_keys(['example_python_operator']) retrieved from /home/airflow/.local/lib/python3.6/site-packages/airflow/example_dags/example_python_operator.py
[2022-08-02 01:15:14,485] {logging_mixin.py:104} INFO - [2022-08-02 01:15:14,485] {dag.py:1832} INFO - Sync 1 DAGs
[2022-08-02 01:15:14,512] {logging_mixin.py:104} INFO - [2022-08-02 01:15:14,512] {dag.py:2305} INFO - Setting next_dagrun for example_python_operator to None
[2022-08-02 01:15:14,536] {scheduler_job.py:190} INFO - Processing /home/airflow/.local/lib/python3.6/site-packages/airflow/example_dags/example_python_operator.py took 0.246 seconds
