[2022-08-02 01:11:37,762] {scheduler_job.py:182} INFO - Started process (PID=94) to work on /home/airflow/.local/lib/python3.6/site-packages/airflow/example_dags/example_trigger_controller_dag.py
[2022-08-02 01:11:37,774] {scheduler_job.py:633} INFO - Processing file /home/airflow/.local/lib/python3.6/site-packages/airflow/example_dags/example_trigger_controller_dag.py for tasks to queue
[2022-08-02 01:11:37,803] {logging_mixin.py:104} INFO - [2022-08-02 01:11:37,803] {dagbag.py:487} INFO - Filling up the DagBag from /home/airflow/.local/lib/python3.6/site-packages/airflow/example_dags/example_trigger_controller_dag.py
[2022-08-02 01:11:37,868] {scheduler_job.py:643} INFO - DAG(s) dict_keys(['example_trigger_controller_dag']) retrieved from /home/airflow/.local/lib/python3.6/site-packages/airflow/example_dags/example_trigger_controller_dag.py
[2022-08-02 01:11:38,103] {logging_mixin.py:104} INFO - [2022-08-02 01:11:38,103] {dag.py:1832} INFO - Sync 1 DAGs
[2022-08-02 01:11:38,204] {logging_mixin.py:104} INFO - [2022-08-02 01:11:38,204] {dag.py:2305} INFO - Setting next_dagrun for example_trigger_controller_dag to 2022-07-31 00:00:00+00:00
[2022-08-02 01:11:38,352] {scheduler_job.py:190} INFO - Processing /home/airflow/.local/lib/python3.6/site-packages/airflow/example_dags/example_trigger_controller_dag.py took 0.593 seconds
[2022-08-02 01:12:10,532] {scheduler_job.py:182} INFO - Started process (PID=140) to work on /home/airflow/.local/lib/python3.6/site-packages/airflow/example_dags/example_trigger_controller_dag.py
[2022-08-02 01:12:10,534] {scheduler_job.py:633} INFO - Processing file /home/airflow/.local/lib/python3.6/site-packages/airflow/example_dags/example_trigger_controller_dag.py for tasks to queue
[2022-08-02 01:12:10,543] {logging_mixin.py:104} INFO - [2022-08-02 01:12:10,543] {dagbag.py:487} INFO - Filling up the DagBag from /home/airflow/.local/lib/python3.6/site-packages/airflow/example_dags/example_trigger_controller_dag.py
[2022-08-02 01:12:10,563] {scheduler_job.py:643} INFO - DAG(s) dict_keys(['example_trigger_controller_dag']) retrieved from /home/airflow/.local/lib/python3.6/site-packages/airflow/example_dags/example_trigger_controller_dag.py
[2022-08-02 01:12:10,600] {logging_mixin.py:104} INFO - [2022-08-02 01:12:10,600] {dag.py:1832} INFO - Sync 1 DAGs
[2022-08-02 01:12:10,629] {logging_mixin.py:104} INFO - [2022-08-02 01:12:10,629] {dag.py:2305} INFO - Setting next_dagrun for example_trigger_controller_dag to 2022-07-31 00:00:00+00:00
[2022-08-02 01:12:10,642] {scheduler_job.py:190} INFO - Processing /home/airflow/.local/lib/python3.6/site-packages/airflow/example_dags/example_trigger_controller_dag.py took 0.115 seconds
[2022-08-02 01:12:41,622] {scheduler_job.py:182} INFO - Started process (PID=195) to work on /home/airflow/.local/lib/python3.6/site-packages/airflow/example_dags/example_trigger_controller_dag.py
[2022-08-02 01:12:41,624] {scheduler_job.py:633} INFO - Processing file /home/airflow/.local/lib/python3.6/site-packages/airflow/example_dags/example_trigger_controller_dag.py for tasks to queue
[2022-08-02 01:12:41,625] {logging_mixin.py:104} INFO - [2022-08-02 01:12:41,625] {dagbag.py:487} INFO - Filling up the DagBag from /home/airflow/.local/lib/python3.6/site-packages/airflow/example_dags/example_trigger_controller_dag.py
[2022-08-02 01:12:41,638] {scheduler_job.py:643} INFO - DAG(s) dict_keys(['example_trigger_controller_dag']) retrieved from /home/airflow/.local/lib/python3.6/site-packages/airflow/example_dags/example_trigger_controller_dag.py
[2022-08-02 01:12:41,661] {logging_mixin.py:104} INFO - [2022-08-02 01:12:41,661] {dag.py:1832} INFO - Sync 1 DAGs
[2022-08-02 01:12:41,680] {logging_mixin.py:104} INFO - [2022-08-02 01:12:41,680] {dag.py:2305} INFO - Setting next_dagrun for example_trigger_controller_dag to 2022-07-31 00:00:00+00:00
[2022-08-02 01:12:41,699] {scheduler_job.py:190} INFO - Processing /home/airflow/.local/lib/python3.6/site-packages/airflow/example_dags/example_trigger_controller_dag.py took 0.081 seconds
[2022-08-02 01:13:11,800] {scheduler_job.py:182} INFO - Started process (PID=249) to work on /home/airflow/.local/lib/python3.6/site-packages/airflow/example_dags/example_trigger_controller_dag.py
[2022-08-02 01:13:11,802] {scheduler_job.py:633} INFO - Processing file /home/airflow/.local/lib/python3.6/site-packages/airflow/example_dags/example_trigger_controller_dag.py for tasks to queue
[2022-08-02 01:13:11,813] {logging_mixin.py:104} INFO - [2022-08-02 01:13:11,813] {dagbag.py:487} INFO - Filling up the DagBag from /home/airflow/.local/lib/python3.6/site-packages/airflow/example_dags/example_trigger_controller_dag.py
[2022-08-02 01:13:11,850] {scheduler_job.py:643} INFO - DAG(s) dict_keys(['example_trigger_controller_dag']) retrieved from /home/airflow/.local/lib/python3.6/site-packages/airflow/example_dags/example_trigger_controller_dag.py
[2022-08-02 01:13:12,463] {logging_mixin.py:104} INFO - [2022-08-02 01:13:12,463] {dag.py:1832} INFO - Sync 1 DAGs
[2022-08-02 01:13:12,547] {logging_mixin.py:104} INFO - [2022-08-02 01:13:12,547] {dag.py:2305} INFO - Setting next_dagrun for example_trigger_controller_dag to 2022-07-31 00:00:00+00:00
[2022-08-02 01:13:12,734] {scheduler_job.py:190} INFO - Processing /home/airflow/.local/lib/python3.6/site-packages/airflow/example_dags/example_trigger_controller_dag.py took 0.937 seconds
[2022-08-02 01:13:43,201] {scheduler_job.py:182} INFO - Started process (PID=304) to work on /home/airflow/.local/lib/python3.6/site-packages/airflow/example_dags/example_trigger_controller_dag.py
[2022-08-02 01:13:43,216] {scheduler_job.py:633} INFO - Processing file /home/airflow/.local/lib/python3.6/site-packages/airflow/example_dags/example_trigger_controller_dag.py for tasks to queue
[2022-08-02 01:13:43,234] {logging_mixin.py:104} INFO - [2022-08-02 01:13:43,234] {dagbag.py:487} INFO - Filling up the DagBag from /home/airflow/.local/lib/python3.6/site-packages/airflow/example_dags/example_trigger_controller_dag.py
[2022-08-02 01:13:43,271] {scheduler_job.py:643} INFO - DAG(s) dict_keys(['example_trigger_controller_dag']) retrieved from /home/airflow/.local/lib/python3.6/site-packages/airflow/example_dags/example_trigger_controller_dag.py
[2022-08-02 01:13:43,384] {logging_mixin.py:104} INFO - [2022-08-02 01:13:43,384] {dag.py:1832} INFO - Sync 1 DAGs
[2022-08-02 01:13:43,442] {logging_mixin.py:104} INFO - [2022-08-02 01:13:43,442] {dag.py:2305} INFO - Setting next_dagrun for example_trigger_controller_dag to 2022-07-31 00:00:00+00:00
[2022-08-02 01:13:43,476] {scheduler_job.py:190} INFO - Processing /home/airflow/.local/lib/python3.6/site-packages/airflow/example_dags/example_trigger_controller_dag.py took 0.282 seconds
[2022-08-02 01:14:13,973] {scheduler_job.py:182} INFO - Started process (PID=359) to work on /home/airflow/.local/lib/python3.6/site-packages/airflow/example_dags/example_trigger_controller_dag.py
[2022-08-02 01:14:13,974] {scheduler_job.py:633} INFO - Processing file /home/airflow/.local/lib/python3.6/site-packages/airflow/example_dags/example_trigger_controller_dag.py for tasks to queue
[2022-08-02 01:14:13,976] {logging_mixin.py:104} INFO - [2022-08-02 01:14:13,976] {dagbag.py:487} INFO - Filling up the DagBag from /home/airflow/.local/lib/python3.6/site-packages/airflow/example_dags/example_trigger_controller_dag.py
[2022-08-02 01:14:13,993] {scheduler_job.py:643} INFO - DAG(s) dict_keys(['example_trigger_controller_dag']) retrieved from /home/airflow/.local/lib/python3.6/site-packages/airflow/example_dags/example_trigger_controller_dag.py
[2022-08-02 01:14:14,014] {logging_mixin.py:104} INFO - [2022-08-02 01:14:14,013] {dag.py:1832} INFO - Sync 1 DAGs
[2022-08-02 01:14:14,064] {logging_mixin.py:104} INFO - [2022-08-02 01:14:14,064] {dag.py:2305} INFO - Setting next_dagrun for example_trigger_controller_dag to 2022-07-31 00:00:00+00:00
[2022-08-02 01:14:14,085] {scheduler_job.py:190} INFO - Processing /home/airflow/.local/lib/python3.6/site-packages/airflow/example_dags/example_trigger_controller_dag.py took 0.116 seconds
[2022-08-02 01:14:44,892] {scheduler_job.py:182} INFO - Started process (PID=413) to work on /home/airflow/.local/lib/python3.6/site-packages/airflow/example_dags/example_trigger_controller_dag.py
[2022-08-02 01:14:44,894] {scheduler_job.py:633} INFO - Processing file /home/airflow/.local/lib/python3.6/site-packages/airflow/example_dags/example_trigger_controller_dag.py for tasks to queue
[2022-08-02 01:14:44,896] {logging_mixin.py:104} INFO - [2022-08-02 01:14:44,896] {dagbag.py:487} INFO - Filling up the DagBag from /home/airflow/.local/lib/python3.6/site-packages/airflow/example_dags/example_trigger_controller_dag.py
[2022-08-02 01:14:44,918] {scheduler_job.py:643} INFO - DAG(s) dict_keys(['example_trigger_controller_dag']) retrieved from /home/airflow/.local/lib/python3.6/site-packages/airflow/example_dags/example_trigger_controller_dag.py
[2022-08-02 01:14:44,953] {logging_mixin.py:104} INFO - [2022-08-02 01:14:44,953] {dag.py:1832} INFO - Sync 1 DAGs
[2022-08-02 01:14:44,969] {logging_mixin.py:104} INFO - [2022-08-02 01:14:44,969] {dag.py:2305} INFO - Setting next_dagrun for example_trigger_controller_dag to 2022-07-31 00:00:00+00:00
[2022-08-02 01:14:44,992] {scheduler_job.py:190} INFO - Processing /home/airflow/.local/lib/python3.6/site-packages/airflow/example_dags/example_trigger_controller_dag.py took 0.103 seconds
[2022-08-02 01:15:16,128] {scheduler_job.py:182} INFO - Started process (PID=479) to work on /home/airflow/.local/lib/python3.6/site-packages/airflow/example_dags/example_trigger_controller_dag.py
[2022-08-02 01:15:16,134] {scheduler_job.py:633} INFO - Processing file /home/airflow/.local/lib/python3.6/site-packages/airflow/example_dags/example_trigger_controller_dag.py for tasks to queue
[2022-08-02 01:15:16,164] {logging_mixin.py:104} INFO - [2022-08-02 01:15:16,164] {dagbag.py:487} INFO - Filling up the DagBag from /home/airflow/.local/lib/python3.6/site-packages/airflow/example_dags/example_trigger_controller_dag.py
[2022-08-02 01:15:20,926] {logging_mixin.py:104} INFO - [2022-08-02 01:15:20,923] {process_utils.py:207} INFO - Waiting up to 5 seconds for processes to exit...
