[2022-08-02 01:11:32,882] {scheduler_job.py:182} INFO - Started process (PID=76) to work on /home/airflow/.local/lib/python3.6/site-packages/airflow/example_dags/example_latest_only.py
[2022-08-02 01:11:32,884] {scheduler_job.py:633} INFO - Processing file /home/airflow/.local/lib/python3.6/site-packages/airflow/example_dags/example_latest_only.py for tasks to queue
[2022-08-02 01:11:32,884] {logging_mixin.py:104} INFO - [2022-08-02 01:11:32,884] {dagbag.py:487} INFO - Filling up the DagBag from /home/airflow/.local/lib/python3.6/site-packages/airflow/example_dags/example_latest_only.py
[2022-08-02 01:11:32,962] {scheduler_job.py:643} INFO - DAG(s) dict_keys(['latest_only']) retrieved from /home/airflow/.local/lib/python3.6/site-packages/airflow/example_dags/example_latest_only.py
[2022-08-02 01:11:33,115] {logging_mixin.py:104} INFO - [2022-08-02 01:11:33,115] {dag.py:1832} INFO - Sync 1 DAGs
[2022-08-02 01:11:33,240] {logging_mixin.py:104} INFO - [2022-08-02 01:11:33,240] {dag.py:2305} INFO - Setting next_dagrun for latest_only to 2022-07-31 00:00:00+00:00
[2022-08-02 01:11:33,324] {scheduler_job.py:190} INFO - Processing /home/airflow/.local/lib/python3.6/site-packages/airflow/example_dags/example_latest_only.py took 0.457 seconds
[2022-08-02 01:12:08,300] {scheduler_job.py:182} INFO - Started process (PID=131) to work on /home/airflow/.local/lib/python3.6/site-packages/airflow/example_dags/example_latest_only.py
[2022-08-02 01:12:08,311] {scheduler_job.py:633} INFO - Processing file /home/airflow/.local/lib/python3.6/site-packages/airflow/example_dags/example_latest_only.py for tasks to queue
[2022-08-02 01:12:08,324] {logging_mixin.py:104} INFO - [2022-08-02 01:12:08,324] {dagbag.py:487} INFO - Filling up the DagBag from /home/airflow/.local/lib/python3.6/site-packages/airflow/example_dags/example_latest_only.py
[2022-08-02 01:12:08,360] {scheduler_job.py:643} INFO - DAG(s) dict_keys(['latest_only']) retrieved from /home/airflow/.local/lib/python3.6/site-packages/airflow/example_dags/example_latest_only.py
[2022-08-02 01:12:08,435] {logging_mixin.py:104} INFO - [2022-08-02 01:12:08,435] {dag.py:1832} INFO - Sync 1 DAGs
[2022-08-02 01:12:08,477] {logging_mixin.py:104} INFO - [2022-08-02 01:12:08,477] {dag.py:2305} INFO - Setting next_dagrun for latest_only to 2022-07-31 00:00:00+00:00
[2022-08-02 01:12:08,538] {scheduler_job.py:190} INFO - Processing /home/airflow/.local/lib/python3.6/site-packages/airflow/example_dags/example_latest_only.py took 0.242 seconds
[2022-08-02 01:12:38,796] {scheduler_job.py:182} INFO - Started process (PID=185) to work on /home/airflow/.local/lib/python3.6/site-packages/airflow/example_dags/example_latest_only.py
[2022-08-02 01:12:38,798] {scheduler_job.py:633} INFO - Processing file /home/airflow/.local/lib/python3.6/site-packages/airflow/example_dags/example_latest_only.py for tasks to queue
[2022-08-02 01:12:38,800] {logging_mixin.py:104} INFO - [2022-08-02 01:12:38,799] {dagbag.py:487} INFO - Filling up the DagBag from /home/airflow/.local/lib/python3.6/site-packages/airflow/example_dags/example_latest_only.py
[2022-08-02 01:12:38,817] {scheduler_job.py:643} INFO - DAG(s) dict_keys(['latest_only']) retrieved from /home/airflow/.local/lib/python3.6/site-packages/airflow/example_dags/example_latest_only.py
[2022-08-02 01:12:38,851] {logging_mixin.py:104} INFO - [2022-08-02 01:12:38,851] {dag.py:1832} INFO - Sync 1 DAGs
[2022-08-02 01:12:38,870] {logging_mixin.py:104} INFO - [2022-08-02 01:12:38,870] {dag.py:2305} INFO - Setting next_dagrun for latest_only to 2022-07-31 00:00:00+00:00
[2022-08-02 01:12:38,882] {scheduler_job.py:190} INFO - Processing /home/airflow/.local/lib/python3.6/site-packages/airflow/example_dags/example_latest_only.py took 0.091 seconds
[2022-08-02 01:13:09,387] {scheduler_job.py:182} INFO - Started process (PID=240) to work on /home/airflow/.local/lib/python3.6/site-packages/airflow/example_dags/example_latest_only.py
[2022-08-02 01:13:09,389] {scheduler_job.py:633} INFO - Processing file /home/airflow/.local/lib/python3.6/site-packages/airflow/example_dags/example_latest_only.py for tasks to queue
[2022-08-02 01:13:09,390] {logging_mixin.py:104} INFO - [2022-08-02 01:13:09,390] {dagbag.py:487} INFO - Filling up the DagBag from /home/airflow/.local/lib/python3.6/site-packages/airflow/example_dags/example_latest_only.py
[2022-08-02 01:13:09,413] {scheduler_job.py:643} INFO - DAG(s) dict_keys(['latest_only']) retrieved from /home/airflow/.local/lib/python3.6/site-packages/airflow/example_dags/example_latest_only.py
[2022-08-02 01:13:09,440] {logging_mixin.py:104} INFO - [2022-08-02 01:13:09,440] {dag.py:1832} INFO - Sync 1 DAGs
[2022-08-02 01:13:09,458] {logging_mixin.py:104} INFO - [2022-08-02 01:13:09,458] {dag.py:2305} INFO - Setting next_dagrun for latest_only to 2022-07-31 00:00:00+00:00
[2022-08-02 01:13:09,470] {scheduler_job.py:190} INFO - Processing /home/airflow/.local/lib/python3.6/site-packages/airflow/example_dags/example_latest_only.py took 0.088 seconds
[2022-08-02 01:13:41,379] {scheduler_job.py:182} INFO - Started process (PID=295) to work on /home/airflow/.local/lib/python3.6/site-packages/airflow/example_dags/example_latest_only.py
[2022-08-02 01:13:41,388] {scheduler_job.py:633} INFO - Processing file /home/airflow/.local/lib/python3.6/site-packages/airflow/example_dags/example_latest_only.py for tasks to queue
[2022-08-02 01:13:41,391] {logging_mixin.py:104} INFO - [2022-08-02 01:13:41,391] {dagbag.py:487} INFO - Filling up the DagBag from /home/airflow/.local/lib/python3.6/site-packages/airflow/example_dags/example_latest_only.py
[2022-08-02 01:13:41,410] {scheduler_job.py:643} INFO - DAG(s) dict_keys(['latest_only']) retrieved from /home/airflow/.local/lib/python3.6/site-packages/airflow/example_dags/example_latest_only.py
[2022-08-02 01:13:41,465] {logging_mixin.py:104} INFO - [2022-08-02 01:13:41,465] {dag.py:1832} INFO - Sync 1 DAGs
[2022-08-02 01:13:41,500] {logging_mixin.py:104} INFO - [2022-08-02 01:13:41,499] {dag.py:2305} INFO - Setting next_dagrun for latest_only to 2022-07-31 00:00:00+00:00
[2022-08-02 01:13:41,522] {scheduler_job.py:190} INFO - Processing /home/airflow/.local/lib/python3.6/site-packages/airflow/example_dags/example_latest_only.py took 0.146 seconds
[2022-08-02 01:14:12,041] {scheduler_job.py:182} INFO - Started process (PID=351) to work on /home/airflow/.local/lib/python3.6/site-packages/airflow/example_dags/example_latest_only.py
[2022-08-02 01:14:12,043] {scheduler_job.py:633} INFO - Processing file /home/airflow/.local/lib/python3.6/site-packages/airflow/example_dags/example_latest_only.py for tasks to queue
[2022-08-02 01:14:12,044] {logging_mixin.py:104} INFO - [2022-08-02 01:14:12,044] {dagbag.py:487} INFO - Filling up the DagBag from /home/airflow/.local/lib/python3.6/site-packages/airflow/example_dags/example_latest_only.py
[2022-08-02 01:14:12,063] {scheduler_job.py:643} INFO - DAG(s) dict_keys(['latest_only']) retrieved from /home/airflow/.local/lib/python3.6/site-packages/airflow/example_dags/example_latest_only.py
[2022-08-02 01:14:12,091] {logging_mixin.py:104} INFO - [2022-08-02 01:14:12,091] {dag.py:1832} INFO - Sync 1 DAGs
[2022-08-02 01:14:12,116] {logging_mixin.py:104} INFO - [2022-08-02 01:14:12,116] {dag.py:2305} INFO - Setting next_dagrun for latest_only to 2022-07-31 00:00:00+00:00
[2022-08-02 01:14:12,129] {scheduler_job.py:190} INFO - Processing /home/airflow/.local/lib/python3.6/site-packages/airflow/example_dags/example_latest_only.py took 0.092 seconds
[2022-08-02 01:14:42,660] {scheduler_job.py:182} INFO - Started process (PID=406) to work on /home/airflow/.local/lib/python3.6/site-packages/airflow/example_dags/example_latest_only.py
[2022-08-02 01:14:42,674] {scheduler_job.py:633} INFO - Processing file /home/airflow/.local/lib/python3.6/site-packages/airflow/example_dags/example_latest_only.py for tasks to queue
[2022-08-02 01:14:42,676] {logging_mixin.py:104} INFO - [2022-08-02 01:14:42,675] {dagbag.py:487} INFO - Filling up the DagBag from /home/airflow/.local/lib/python3.6/site-packages/airflow/example_dags/example_latest_only.py
[2022-08-02 01:14:42,739] {scheduler_job.py:643} INFO - DAG(s) dict_keys(['latest_only']) retrieved from /home/airflow/.local/lib/python3.6/site-packages/airflow/example_dags/example_latest_only.py
[2022-08-02 01:14:42,811] {logging_mixin.py:104} INFO - [2022-08-02 01:14:42,811] {dag.py:1832} INFO - Sync 1 DAGs
[2022-08-02 01:14:42,847] {logging_mixin.py:104} INFO - [2022-08-02 01:14:42,846] {dag.py:2305} INFO - Setting next_dagrun for latest_only to 2022-07-31 00:00:00+00:00
[2022-08-02 01:14:42,870] {scheduler_job.py:190} INFO - Processing /home/airflow/.local/lib/python3.6/site-packages/airflow/example_dags/example_latest_only.py took 0.214 seconds
[2022-08-02 01:15:13,990] {scheduler_job.py:182} INFO - Started process (PID=471) to work on /home/airflow/.local/lib/python3.6/site-packages/airflow/example_dags/example_latest_only.py
[2022-08-02 01:15:13,991] {scheduler_job.py:633} INFO - Processing file /home/airflow/.local/lib/python3.6/site-packages/airflow/example_dags/example_latest_only.py for tasks to queue
[2022-08-02 01:15:13,992] {logging_mixin.py:104} INFO - [2022-08-02 01:15:13,992] {dagbag.py:487} INFO - Filling up the DagBag from /home/airflow/.local/lib/python3.6/site-packages/airflow/example_dags/example_latest_only.py
[2022-08-02 01:15:14,093] {scheduler_job.py:643} INFO - DAG(s) dict_keys(['latest_only']) retrieved from /home/airflow/.local/lib/python3.6/site-packages/airflow/example_dags/example_latest_only.py
[2022-08-02 01:15:14,134] {logging_mixin.py:104} INFO - [2022-08-02 01:15:14,134] {dag.py:1832} INFO - Sync 1 DAGs
[2022-08-02 01:15:14,165] {logging_mixin.py:104} INFO - [2022-08-02 01:15:14,165] {dag.py:2305} INFO - Setting next_dagrun for latest_only to 2022-07-31 00:00:00+00:00
[2022-08-02 01:15:14,197] {scheduler_job.py:190} INFO - Processing /home/airflow/.local/lib/python3.6/site-packages/airflow/example_dags/example_latest_only.py took 0.211 seconds
