[2022-08-02 01:11:27,368] {scheduler_job.py:182} INFO - Started process (PID=62) to work on /home/airflow/.local/lib/python3.6/site-packages/airflow/example_dags/example_short_circuit_operator.py
[2022-08-02 01:11:27,370] {scheduler_job.py:633} INFO - Processing file /home/airflow/.local/lib/python3.6/site-packages/airflow/example_dags/example_short_circuit_operator.py for tasks to queue
[2022-08-02 01:11:27,393] {logging_mixin.py:104} INFO - [2022-08-02 01:11:27,393] {dagbag.py:487} INFO - Filling up the DagBag from /home/airflow/.local/lib/python3.6/site-packages/airflow/example_dags/example_short_circuit_operator.py
[2022-08-02 01:11:27,612] {scheduler_job.py:643} INFO - DAG(s) dict_keys(['example_short_circuit_operator']) retrieved from /home/airflow/.local/lib/python3.6/site-packages/airflow/example_dags/example_short_circuit_operator.py
[2022-08-02 01:11:27,774] {logging_mixin.py:104} INFO - [2022-08-02 01:11:27,773] {dag.py:1832} INFO - Sync 1 DAGs
[2022-08-02 01:11:27,893] {logging_mixin.py:104} INFO - [2022-08-02 01:11:27,893] {dag.py:2305} INFO - Setting next_dagrun for example_short_circuit_operator to 2022-07-31 00:00:00+00:00
[2022-08-02 01:11:27,984] {scheduler_job.py:190} INFO - Processing /home/airflow/.local/lib/python3.6/site-packages/airflow/example_dags/example_short_circuit_operator.py took 0.629 seconds
[2022-08-02 01:11:58,596] {scheduler_job.py:182} INFO - Started process (PID=116) to work on /home/airflow/.local/lib/python3.6/site-packages/airflow/example_dags/example_short_circuit_operator.py
[2022-08-02 01:11:58,614] {scheduler_job.py:633} INFO - Processing file /home/airflow/.local/lib/python3.6/site-packages/airflow/example_dags/example_short_circuit_operator.py for tasks to queue
[2022-08-02 01:11:58,722] {logging_mixin.py:104} INFO - [2022-08-02 01:11:58,665] {dagbag.py:487} INFO - Filling up the DagBag from /home/airflow/.local/lib/python3.6/site-packages/airflow/example_dags/example_short_circuit_operator.py
[2022-08-02 01:12:00,648] {scheduler_job.py:643} INFO - DAG(s) dict_keys(['example_short_circuit_operator']) retrieved from /home/airflow/.local/lib/python3.6/site-packages/airflow/example_dags/example_short_circuit_operator.py
[2022-08-02 01:12:00,847] {logging_mixin.py:104} INFO - [2022-08-02 01:12:00,846] {dag.py:1832} INFO - Sync 1 DAGs
[2022-08-02 01:12:01,568] {logging_mixin.py:104} INFO - [2022-08-02 01:12:01,567] {dag.py:2305} INFO - Setting next_dagrun for example_short_circuit_operator to 2022-07-31 00:00:00+00:00
[2022-08-02 01:12:01,669] {scheduler_job.py:190} INFO - Processing /home/airflow/.local/lib/python3.6/site-packages/airflow/example_dags/example_short_circuit_operator.py took 3.129 seconds
[2022-08-02 01:12:31,838] {scheduler_job.py:182} INFO - Started process (PID=171) to work on /home/airflow/.local/lib/python3.6/site-packages/airflow/example_dags/example_short_circuit_operator.py
[2022-08-02 01:12:31,847] {scheduler_job.py:633} INFO - Processing file /home/airflow/.local/lib/python3.6/site-packages/airflow/example_dags/example_short_circuit_operator.py for tasks to queue
[2022-08-02 01:12:31,851] {logging_mixin.py:104} INFO - [2022-08-02 01:12:31,851] {dagbag.py:487} INFO - Filling up the DagBag from /home/airflow/.local/lib/python3.6/site-packages/airflow/example_dags/example_short_circuit_operator.py
[2022-08-02 01:12:31,956] {scheduler_job.py:643} INFO - DAG(s) dict_keys(['example_short_circuit_operator']) retrieved from /home/airflow/.local/lib/python3.6/site-packages/airflow/example_dags/example_short_circuit_operator.py
[2022-08-02 01:12:32,012] {logging_mixin.py:104} INFO - [2022-08-02 01:12:32,012] {dag.py:1832} INFO - Sync 1 DAGs
[2022-08-02 01:12:32,040] {logging_mixin.py:104} INFO - [2022-08-02 01:12:32,040] {dag.py:2305} INFO - Setting next_dagrun for example_short_circuit_operator to 2022-07-31 00:00:00+00:00
[2022-08-02 01:12:32,061] {scheduler_job.py:190} INFO - Processing /home/airflow/.local/lib/python3.6/site-packages/airflow/example_dags/example_short_circuit_operator.py took 0.230 seconds
[2022-08-02 01:13:02,837] {scheduler_job.py:182} INFO - Started process (PID=227) to work on /home/airflow/.local/lib/python3.6/site-packages/airflow/example_dags/example_short_circuit_operator.py
[2022-08-02 01:13:02,840] {scheduler_job.py:633} INFO - Processing file /home/airflow/.local/lib/python3.6/site-packages/airflow/example_dags/example_short_circuit_operator.py for tasks to queue
[2022-08-02 01:13:02,843] {logging_mixin.py:104} INFO - [2022-08-02 01:13:02,842] {dagbag.py:487} INFO - Filling up the DagBag from /home/airflow/.local/lib/python3.6/site-packages/airflow/example_dags/example_short_circuit_operator.py
[2022-08-02 01:13:02,933] {scheduler_job.py:643} INFO - DAG(s) dict_keys(['example_short_circuit_operator']) retrieved from /home/airflow/.local/lib/python3.6/site-packages/airflow/example_dags/example_short_circuit_operator.py
[2022-08-02 01:13:03,094] {logging_mixin.py:104} INFO - [2022-08-02 01:13:03,094] {dag.py:1832} INFO - Sync 1 DAGs
[2022-08-02 01:13:03,158] {logging_mixin.py:104} INFO - [2022-08-02 01:13:03,158] {dag.py:2305} INFO - Setting next_dagrun for example_short_circuit_operator to 2022-07-31 00:00:00+00:00
[2022-08-02 01:13:03,188] {scheduler_job.py:190} INFO - Processing /home/airflow/.local/lib/python3.6/site-packages/airflow/example_dags/example_short_circuit_operator.py took 0.354 seconds
[2022-08-02 01:13:33,820] {scheduler_job.py:182} INFO - Started process (PID=278) to work on /home/airflow/.local/lib/python3.6/site-packages/airflow/example_dags/example_short_circuit_operator.py
[2022-08-02 01:13:33,824] {scheduler_job.py:633} INFO - Processing file /home/airflow/.local/lib/python3.6/site-packages/airflow/example_dags/example_short_circuit_operator.py for tasks to queue
[2022-08-02 01:13:33,825] {logging_mixin.py:104} INFO - [2022-08-02 01:13:33,825] {dagbag.py:487} INFO - Filling up the DagBag from /home/airflow/.local/lib/python3.6/site-packages/airflow/example_dags/example_short_circuit_operator.py
[2022-08-02 01:13:33,885] {scheduler_job.py:643} INFO - DAG(s) dict_keys(['example_short_circuit_operator']) retrieved from /home/airflow/.local/lib/python3.6/site-packages/airflow/example_dags/example_short_circuit_operator.py
[2022-08-02 01:13:33,971] {logging_mixin.py:104} INFO - [2022-08-02 01:13:33,971] {dag.py:1832} INFO - Sync 1 DAGs
[2022-08-02 01:13:34,115] {logging_mixin.py:104} INFO - [2022-08-02 01:13:34,115] {dag.py:2305} INFO - Setting next_dagrun for example_short_circuit_operator to 2022-07-31 00:00:00+00:00
[2022-08-02 01:13:34,133] {scheduler_job.py:190} INFO - Processing /home/airflow/.local/lib/python3.6/site-packages/airflow/example_dags/example_short_circuit_operator.py took 0.319 seconds
[2022-08-02 01:14:04,459] {scheduler_job.py:182} INFO - Started process (PID=327) to work on /home/airflow/.local/lib/python3.6/site-packages/airflow/example_dags/example_short_circuit_operator.py
[2022-08-02 01:14:04,460] {scheduler_job.py:633} INFO - Processing file /home/airflow/.local/lib/python3.6/site-packages/airflow/example_dags/example_short_circuit_operator.py for tasks to queue
[2022-08-02 01:14:04,461] {logging_mixin.py:104} INFO - [2022-08-02 01:14:04,461] {dagbag.py:487} INFO - Filling up the DagBag from /home/airflow/.local/lib/python3.6/site-packages/airflow/example_dags/example_short_circuit_operator.py
[2022-08-02 01:14:04,477] {scheduler_job.py:643} INFO - DAG(s) dict_keys(['example_short_circuit_operator']) retrieved from /home/airflow/.local/lib/python3.6/site-packages/airflow/example_dags/example_short_circuit_operator.py
[2022-08-02 01:14:04,496] {logging_mixin.py:104} INFO - [2022-08-02 01:14:04,496] {dag.py:1832} INFO - Sync 1 DAGs
[2022-08-02 01:14:04,510] {logging_mixin.py:104} INFO - [2022-08-02 01:14:04,510] {dag.py:2305} INFO - Setting next_dagrun for example_short_circuit_operator to 2022-07-31 00:00:00+00:00
[2022-08-02 01:14:04,520] {scheduler_job.py:190} INFO - Processing /home/airflow/.local/lib/python3.6/site-packages/airflow/example_dags/example_short_circuit_operator.py took 0.064 seconds
[2022-08-02 01:14:35,100] {scheduler_job.py:182} INFO - Started process (PID=393) to work on /home/airflow/.local/lib/python3.6/site-packages/airflow/example_dags/example_short_circuit_operator.py
[2022-08-02 01:14:35,103] {scheduler_job.py:633} INFO - Processing file /home/airflow/.local/lib/python3.6/site-packages/airflow/example_dags/example_short_circuit_operator.py for tasks to queue
[2022-08-02 01:14:35,104] {logging_mixin.py:104} INFO - [2022-08-02 01:14:35,104] {dagbag.py:487} INFO - Filling up the DagBag from /home/airflow/.local/lib/python3.6/site-packages/airflow/example_dags/example_short_circuit_operator.py
[2022-08-02 01:14:35,148] {scheduler_job.py:643} INFO - DAG(s) dict_keys(['example_short_circuit_operator']) retrieved from /home/airflow/.local/lib/python3.6/site-packages/airflow/example_dags/example_short_circuit_operator.py
[2022-08-02 01:14:35,177] {logging_mixin.py:104} INFO - [2022-08-02 01:14:35,177] {dag.py:1832} INFO - Sync 1 DAGs
[2022-08-02 01:14:35,195] {logging_mixin.py:104} INFO - [2022-08-02 01:14:35,195] {dag.py:2305} INFO - Setting next_dagrun for example_short_circuit_operator to 2022-07-31 00:00:00+00:00
[2022-08-02 01:14:35,208] {scheduler_job.py:190} INFO - Processing /home/airflow/.local/lib/python3.6/site-packages/airflow/example_dags/example_short_circuit_operator.py took 0.112 seconds
[2022-08-02 01:15:05,646] {scheduler_job.py:182} INFO - Started process (PID=448) to work on /home/airflow/.local/lib/python3.6/site-packages/airflow/example_dags/example_short_circuit_operator.py
[2022-08-02 01:15:05,647] {scheduler_job.py:633} INFO - Processing file /home/airflow/.local/lib/python3.6/site-packages/airflow/example_dags/example_short_circuit_operator.py for tasks to queue
[2022-08-02 01:15:05,648] {logging_mixin.py:104} INFO - [2022-08-02 01:15:05,648] {dagbag.py:487} INFO - Filling up the DagBag from /home/airflow/.local/lib/python3.6/site-packages/airflow/example_dags/example_short_circuit_operator.py
[2022-08-02 01:15:05,679] {scheduler_job.py:643} INFO - DAG(s) dict_keys(['example_short_circuit_operator']) retrieved from /home/airflow/.local/lib/python3.6/site-packages/airflow/example_dags/example_short_circuit_operator.py
[2022-08-02 01:15:05,699] {logging_mixin.py:104} INFO - [2022-08-02 01:15:05,699] {dag.py:1832} INFO - Sync 1 DAGs
[2022-08-02 01:15:05,721] {logging_mixin.py:104} INFO - [2022-08-02 01:15:05,721] {dag.py:2305} INFO - Setting next_dagrun for example_short_circuit_operator to 2022-07-31 00:00:00+00:00
[2022-08-02 01:15:05,735] {scheduler_job.py:190} INFO - Processing /home/airflow/.local/lib/python3.6/site-packages/airflow/example_dags/example_short_circuit_operator.py took 0.093 seconds
