[2022-08-02 01:11:36,023] {scheduler_job.py:182} INFO - Started process (PID=89) to work on /home/airflow/.local/lib/python3.6/site-packages/airflow/example_dags/example_branch_datetime_operator.py
[2022-08-02 01:11:36,054] {scheduler_job.py:633} INFO - Processing file /home/airflow/.local/lib/python3.6/site-packages/airflow/example_dags/example_branch_datetime_operator.py for tasks to queue
[2022-08-02 01:11:36,056] {logging_mixin.py:104} INFO - [2022-08-02 01:11:36,056] {dagbag.py:487} INFO - Filling up the DagBag from /home/airflow/.local/lib/python3.6/site-packages/airflow/example_dags/example_branch_datetime_operator.py
[2022-08-02 01:11:36,275] {scheduler_job.py:643} INFO - DAG(s) dict_keys(['example_branch_datetime_operator_2']) retrieved from /home/airflow/.local/lib/python3.6/site-packages/airflow/example_dags/example_branch_datetime_operator.py
[2022-08-02 01:11:36,569] {logging_mixin.py:104} INFO - [2022-08-02 01:11:36,569] {dag.py:1832} INFO - Sync 1 DAGs
[2022-08-02 01:11:36,691] {logging_mixin.py:104} INFO - [2022-08-02 01:11:36,691] {dag.py:2305} INFO - Setting next_dagrun for example_branch_datetime_operator_2 to 2022-07-31 00:00:00+00:00
[2022-08-02 01:11:36,827] {scheduler_job.py:190} INFO - Processing /home/airflow/.local/lib/python3.6/site-packages/airflow/example_dags/example_branch_datetime_operator.py took 0.829 seconds
[2022-08-02 01:12:10,081] {scheduler_job.py:182} INFO - Started process (PID=137) to work on /home/airflow/.local/lib/python3.6/site-packages/airflow/example_dags/example_branch_datetime_operator.py
[2022-08-02 01:12:10,101] {scheduler_job.py:633} INFO - Processing file /home/airflow/.local/lib/python3.6/site-packages/airflow/example_dags/example_branch_datetime_operator.py for tasks to queue
[2022-08-02 01:12:10,103] {logging_mixin.py:104} INFO - [2022-08-02 01:12:10,103] {dagbag.py:487} INFO - Filling up the DagBag from /home/airflow/.local/lib/python3.6/site-packages/airflow/example_dags/example_branch_datetime_operator.py
[2022-08-02 01:12:10,187] {scheduler_job.py:643} INFO - DAG(s) dict_keys(['example_branch_datetime_operator_2']) retrieved from /home/airflow/.local/lib/python3.6/site-packages/airflow/example_dags/example_branch_datetime_operator.py
[2022-08-02 01:12:10,260] {logging_mixin.py:104} INFO - [2022-08-02 01:12:10,259] {dag.py:1832} INFO - Sync 1 DAGs
[2022-08-02 01:12:10,320] {logging_mixin.py:104} INFO - [2022-08-02 01:12:10,320] {dag.py:2305} INFO - Setting next_dagrun for example_branch_datetime_operator_2 to 2022-07-31 00:00:00+00:00
[2022-08-02 01:12:10,356] {scheduler_job.py:190} INFO - Processing /home/airflow/.local/lib/python3.6/site-packages/airflow/example_dags/example_branch_datetime_operator.py took 0.281 seconds
[2022-08-02 01:12:40,427] {scheduler_job.py:182} INFO - Started process (PID=192) to work on /home/airflow/.local/lib/python3.6/site-packages/airflow/example_dags/example_branch_datetime_operator.py
[2022-08-02 01:12:40,435] {scheduler_job.py:633} INFO - Processing file /home/airflow/.local/lib/python3.6/site-packages/airflow/example_dags/example_branch_datetime_operator.py for tasks to queue
[2022-08-02 01:12:40,436] {logging_mixin.py:104} INFO - [2022-08-02 01:12:40,435] {dagbag.py:487} INFO - Filling up the DagBag from /home/airflow/.local/lib/python3.6/site-packages/airflow/example_dags/example_branch_datetime_operator.py
[2022-08-02 01:12:40,451] {scheduler_job.py:643} INFO - DAG(s) dict_keys(['example_branch_datetime_operator_2']) retrieved from /home/airflow/.local/lib/python3.6/site-packages/airflow/example_dags/example_branch_datetime_operator.py
[2022-08-02 01:12:40,484] {logging_mixin.py:104} INFO - [2022-08-02 01:12:40,484] {dag.py:1832} INFO - Sync 1 DAGs
[2022-08-02 01:12:40,505] {logging_mixin.py:104} INFO - [2022-08-02 01:12:40,505] {dag.py:2305} INFO - Setting next_dagrun for example_branch_datetime_operator_2 to 2022-07-31 00:00:00+00:00
[2022-08-02 01:12:40,516] {scheduler_job.py:190} INFO - Processing /home/airflow/.local/lib/python3.6/site-packages/airflow/example_dags/example_branch_datetime_operator.py took 0.100 seconds
[2022-08-02 01:13:11,289] {scheduler_job.py:182} INFO - Started process (PID=247) to work on /home/airflow/.local/lib/python3.6/site-packages/airflow/example_dags/example_branch_datetime_operator.py
[2022-08-02 01:13:11,293] {scheduler_job.py:633} INFO - Processing file /home/airflow/.local/lib/python3.6/site-packages/airflow/example_dags/example_branch_datetime_operator.py for tasks to queue
[2022-08-02 01:13:11,298] {logging_mixin.py:104} INFO - [2022-08-02 01:13:11,298] {dagbag.py:487} INFO - Filling up the DagBag from /home/airflow/.local/lib/python3.6/site-packages/airflow/example_dags/example_branch_datetime_operator.py
[2022-08-02 01:13:11,352] {scheduler_job.py:643} INFO - DAG(s) dict_keys(['example_branch_datetime_operator_2']) retrieved from /home/airflow/.local/lib/python3.6/site-packages/airflow/example_dags/example_branch_datetime_operator.py
[2022-08-02 01:13:11,426] {logging_mixin.py:104} INFO - [2022-08-02 01:13:11,426] {dag.py:1832} INFO - Sync 1 DAGs
[2022-08-02 01:13:11,480] {logging_mixin.py:104} INFO - [2022-08-02 01:13:11,480] {dag.py:2305} INFO - Setting next_dagrun for example_branch_datetime_operator_2 to 2022-07-31 00:00:00+00:00
[2022-08-02 01:13:11,504] {scheduler_job.py:190} INFO - Processing /home/airflow/.local/lib/python3.6/site-packages/airflow/example_dags/example_branch_datetime_operator.py took 0.218 seconds
[2022-08-02 01:13:42,654] {scheduler_job.py:182} INFO - Started process (PID=301) to work on /home/airflow/.local/lib/python3.6/site-packages/airflow/example_dags/example_branch_datetime_operator.py
[2022-08-02 01:13:42,661] {scheduler_job.py:633} INFO - Processing file /home/airflow/.local/lib/python3.6/site-packages/airflow/example_dags/example_branch_datetime_operator.py for tasks to queue
[2022-08-02 01:13:42,664] {logging_mixin.py:104} INFO - [2022-08-02 01:13:42,662] {dagbag.py:487} INFO - Filling up the DagBag from /home/airflow/.local/lib/python3.6/site-packages/airflow/example_dags/example_branch_datetime_operator.py
[2022-08-02 01:13:42,693] {scheduler_job.py:643} INFO - DAG(s) dict_keys(['example_branch_datetime_operator_2']) retrieved from /home/airflow/.local/lib/python3.6/site-packages/airflow/example_dags/example_branch_datetime_operator.py
[2022-08-02 01:13:42,718] {logging_mixin.py:104} INFO - [2022-08-02 01:13:42,718] {dag.py:1832} INFO - Sync 1 DAGs
[2022-08-02 01:13:42,759] {logging_mixin.py:104} INFO - [2022-08-02 01:13:42,759] {dag.py:2305} INFO - Setting next_dagrun for example_branch_datetime_operator_2 to 2022-07-31 00:00:00+00:00
[2022-08-02 01:13:42,787] {scheduler_job.py:190} INFO - Processing /home/airflow/.local/lib/python3.6/site-packages/airflow/example_dags/example_branch_datetime_operator.py took 0.137 seconds
[2022-08-02 01:14:13,725] {scheduler_job.py:182} INFO - Started process (PID=357) to work on /home/airflow/.local/lib/python3.6/site-packages/airflow/example_dags/example_branch_datetime_operator.py
[2022-08-02 01:14:13,730] {scheduler_job.py:633} INFO - Processing file /home/airflow/.local/lib/python3.6/site-packages/airflow/example_dags/example_branch_datetime_operator.py for tasks to queue
[2022-08-02 01:14:13,734] {logging_mixin.py:104} INFO - [2022-08-02 01:14:13,734] {dagbag.py:487} INFO - Filling up the DagBag from /home/airflow/.local/lib/python3.6/site-packages/airflow/example_dags/example_branch_datetime_operator.py
[2022-08-02 01:14:13,805] {scheduler_job.py:643} INFO - DAG(s) dict_keys(['example_branch_datetime_operator_2']) retrieved from /home/airflow/.local/lib/python3.6/site-packages/airflow/example_dags/example_branch_datetime_operator.py
[2022-08-02 01:14:13,854] {logging_mixin.py:104} INFO - [2022-08-02 01:14:13,853] {dag.py:1832} INFO - Sync 1 DAGs
[2022-08-02 01:14:13,894] {logging_mixin.py:104} INFO - [2022-08-02 01:14:13,893] {dag.py:2305} INFO - Setting next_dagrun for example_branch_datetime_operator_2 to 2022-07-31 00:00:00+00:00
[2022-08-02 01:14:13,924] {scheduler_job.py:190} INFO - Processing /home/airflow/.local/lib/python3.6/site-packages/airflow/example_dags/example_branch_datetime_operator.py took 0.228 seconds
[2022-08-02 01:14:44,763] {scheduler_job.py:182} INFO - Started process (PID=412) to work on /home/airflow/.local/lib/python3.6/site-packages/airflow/example_dags/example_branch_datetime_operator.py
[2022-08-02 01:14:44,765] {scheduler_job.py:633} INFO - Processing file /home/airflow/.local/lib/python3.6/site-packages/airflow/example_dags/example_branch_datetime_operator.py for tasks to queue
[2022-08-02 01:14:44,766] {logging_mixin.py:104} INFO - [2022-08-02 01:14:44,766] {dagbag.py:487} INFO - Filling up the DagBag from /home/airflow/.local/lib/python3.6/site-packages/airflow/example_dags/example_branch_datetime_operator.py
[2022-08-02 01:14:44,783] {scheduler_job.py:643} INFO - DAG(s) dict_keys(['example_branch_datetime_operator_2']) retrieved from /home/airflow/.local/lib/python3.6/site-packages/airflow/example_dags/example_branch_datetime_operator.py
[2022-08-02 01:14:44,804] {logging_mixin.py:104} INFO - [2022-08-02 01:14:44,803] {dag.py:1832} INFO - Sync 1 DAGs
[2022-08-02 01:14:44,825] {logging_mixin.py:104} INFO - [2022-08-02 01:14:44,825] {dag.py:2305} INFO - Setting next_dagrun for example_branch_datetime_operator_2 to 2022-07-31 00:00:00+00:00
[2022-08-02 01:14:44,846] {scheduler_job.py:190} INFO - Processing /home/airflow/.local/lib/python3.6/site-packages/airflow/example_dags/example_branch_datetime_operator.py took 0.086 seconds
[2022-08-02 01:15:15,372] {scheduler_job.py:182} INFO - Started process (PID=478) to work on /home/airflow/.local/lib/python3.6/site-packages/airflow/example_dags/example_branch_datetime_operator.py
[2022-08-02 01:15:15,380] {scheduler_job.py:633} INFO - Processing file /home/airflow/.local/lib/python3.6/site-packages/airflow/example_dags/example_branch_datetime_operator.py for tasks to queue
[2022-08-02 01:15:15,398] {logging_mixin.py:104} INFO - [2022-08-02 01:15:15,398] {dagbag.py:487} INFO - Filling up the DagBag from /home/airflow/.local/lib/python3.6/site-packages/airflow/example_dags/example_branch_datetime_operator.py
[2022-08-02 01:15:15,610] {scheduler_job.py:643} INFO - DAG(s) dict_keys(['example_branch_datetime_operator_2']) retrieved from /home/airflow/.local/lib/python3.6/site-packages/airflow/example_dags/example_branch_datetime_operator.py
[2022-08-02 01:15:15,789] {logging_mixin.py:104} INFO - [2022-08-02 01:15:15,789] {dag.py:1832} INFO - Sync 1 DAGs
[2022-08-02 01:15:15,920] {logging_mixin.py:104} INFO - [2022-08-02 01:15:15,920] {dag.py:2305} INFO - Setting next_dagrun for example_branch_datetime_operator_2 to 2022-07-31 00:00:00+00:00
[2022-08-02 01:15:15,985] {scheduler_job.py:190} INFO - Processing /home/airflow/.local/lib/python3.6/site-packages/airflow/example_dags/example_branch_datetime_operator.py took 0.619 seconds
