[2022-08-02 01:11:31,298] {scheduler_job.py:182} INFO - Started process (PID=73) to work on /home/airflow/.local/lib/python3.6/site-packages/airflow/example_dags/tutorial_taskflow_api_etl.py
[2022-08-02 01:11:31,303] {scheduler_job.py:633} INFO - Processing file /home/airflow/.local/lib/python3.6/site-packages/airflow/example_dags/tutorial_taskflow_api_etl.py for tasks to queue
[2022-08-02 01:11:31,304] {logging_mixin.py:104} INFO - [2022-08-02 01:11:31,304] {dagbag.py:487} INFO - Filling up the DagBag from /home/airflow/.local/lib/python3.6/site-packages/airflow/example_dags/tutorial_taskflow_api_etl.py
[2022-08-02 01:11:31,413] {scheduler_job.py:643} INFO - DAG(s) dict_keys(['tutorial_taskflow_api_etl']) retrieved from /home/airflow/.local/lib/python3.6/site-packages/airflow/example_dags/tutorial_taskflow_api_etl.py
[2022-08-02 01:11:32,721] {logging_mixin.py:104} INFO - [2022-08-02 01:11:32,721] {dag.py:1832} INFO - Sync 1 DAGs
[2022-08-02 01:11:32,803] {logging_mixin.py:104} INFO - [2022-08-02 01:11:32,803] {dag.py:2305} INFO - Setting next_dagrun for tutorial_taskflow_api_etl to None
[2022-08-02 01:11:32,828] {scheduler_job.py:190} INFO - Processing /home/airflow/.local/lib/python3.6/site-packages/airflow/example_dags/tutorial_taskflow_api_etl.py took 1.549 seconds
[2022-08-02 01:12:07,809] {scheduler_job.py:182} INFO - Started process (PID=129) to work on /home/airflow/.local/lib/python3.6/site-packages/airflow/example_dags/tutorial_taskflow_api_etl.py
[2022-08-02 01:12:07,814] {scheduler_job.py:633} INFO - Processing file /home/airflow/.local/lib/python3.6/site-packages/airflow/example_dags/tutorial_taskflow_api_etl.py for tasks to queue
[2022-08-02 01:12:07,821] {logging_mixin.py:104} INFO - [2022-08-02 01:12:07,821] {dagbag.py:487} INFO - Filling up the DagBag from /home/airflow/.local/lib/python3.6/site-packages/airflow/example_dags/tutorial_taskflow_api_etl.py
[2022-08-02 01:12:07,868] {scheduler_job.py:643} INFO - DAG(s) dict_keys(['tutorial_taskflow_api_etl']) retrieved from /home/airflow/.local/lib/python3.6/site-packages/airflow/example_dags/tutorial_taskflow_api_etl.py
[2022-08-02 01:12:08,986] {logging_mixin.py:104} INFO - [2022-08-02 01:12:08,986] {dag.py:1832} INFO - Sync 1 DAGs
[2022-08-02 01:12:09,011] {logging_mixin.py:104} INFO - [2022-08-02 01:12:09,011] {dag.py:2305} INFO - Setting next_dagrun for tutorial_taskflow_api_etl to None
[2022-08-02 01:12:09,037] {scheduler_job.py:190} INFO - Processing /home/airflow/.local/lib/python3.6/site-packages/airflow/example_dags/tutorial_taskflow_api_etl.py took 1.231 seconds
[2022-08-02 01:12:39,834] {scheduler_job.py:182} INFO - Started process (PID=186) to work on /home/airflow/.local/lib/python3.6/site-packages/airflow/example_dags/tutorial_taskflow_api_etl.py
[2022-08-02 01:12:39,835] {scheduler_job.py:633} INFO - Processing file /home/airflow/.local/lib/python3.6/site-packages/airflow/example_dags/tutorial_taskflow_api_etl.py for tasks to queue
[2022-08-02 01:12:39,837] {logging_mixin.py:104} INFO - [2022-08-02 01:12:39,836] {dagbag.py:487} INFO - Filling up the DagBag from /home/airflow/.local/lib/python3.6/site-packages/airflow/example_dags/tutorial_taskflow_api_etl.py
[2022-08-02 01:12:39,864] {scheduler_job.py:643} INFO - DAG(s) dict_keys(['tutorial_taskflow_api_etl']) retrieved from /home/airflow/.local/lib/python3.6/site-packages/airflow/example_dags/tutorial_taskflow_api_etl.py
[2022-08-02 01:12:40,173] {logging_mixin.py:104} INFO - [2022-08-02 01:12:40,173] {dag.py:1832} INFO - Sync 1 DAGs
[2022-08-02 01:12:40,186] {logging_mixin.py:104} INFO - [2022-08-02 01:12:40,186] {dag.py:2305} INFO - Setting next_dagrun for tutorial_taskflow_api_etl to None
[2022-08-02 01:12:40,196] {scheduler_job.py:190} INFO - Processing /home/airflow/.local/lib/python3.6/site-packages/airflow/example_dags/tutorial_taskflow_api_etl.py took 0.365 seconds
[2022-08-02 01:13:10,540] {scheduler_job.py:182} INFO - Started process (PID=241) to work on /home/airflow/.local/lib/python3.6/site-packages/airflow/example_dags/tutorial_taskflow_api_etl.py
[2022-08-02 01:13:10,542] {scheduler_job.py:633} INFO - Processing file /home/airflow/.local/lib/python3.6/site-packages/airflow/example_dags/tutorial_taskflow_api_etl.py for tasks to queue
[2022-08-02 01:13:10,546] {logging_mixin.py:104} INFO - [2022-08-02 01:13:10,546] {dagbag.py:487} INFO - Filling up the DagBag from /home/airflow/.local/lib/python3.6/site-packages/airflow/example_dags/tutorial_taskflow_api_etl.py
[2022-08-02 01:13:10,586] {scheduler_job.py:643} INFO - DAG(s) dict_keys(['tutorial_taskflow_api_etl']) retrieved from /home/airflow/.local/lib/python3.6/site-packages/airflow/example_dags/tutorial_taskflow_api_etl.py
[2022-08-02 01:13:11,183] {logging_mixin.py:104} INFO - [2022-08-02 01:13:11,183] {dag.py:1832} INFO - Sync 1 DAGs
[2022-08-02 01:13:11,212] {logging_mixin.py:104} INFO - [2022-08-02 01:13:11,212] {dag.py:2305} INFO - Setting next_dagrun for tutorial_taskflow_api_etl to None
[2022-08-02 01:13:11,247] {scheduler_job.py:190} INFO - Processing /home/airflow/.local/lib/python3.6/site-packages/airflow/example_dags/tutorial_taskflow_api_etl.py took 0.714 seconds
[2022-08-02 01:13:41,548] {scheduler_job.py:182} INFO - Started process (PID=296) to work on /home/airflow/.local/lib/python3.6/site-packages/airflow/example_dags/tutorial_taskflow_api_etl.py
[2022-08-02 01:13:41,552] {scheduler_job.py:633} INFO - Processing file /home/airflow/.local/lib/python3.6/site-packages/airflow/example_dags/tutorial_taskflow_api_etl.py for tasks to queue
[2022-08-02 01:13:41,553] {logging_mixin.py:104} INFO - [2022-08-02 01:13:41,553] {dagbag.py:487} INFO - Filling up the DagBag from /home/airflow/.local/lib/python3.6/site-packages/airflow/example_dags/tutorial_taskflow_api_etl.py
[2022-08-02 01:13:41,593] {scheduler_job.py:643} INFO - DAG(s) dict_keys(['tutorial_taskflow_api_etl']) retrieved from /home/airflow/.local/lib/python3.6/site-packages/airflow/example_dags/tutorial_taskflow_api_etl.py
[2022-08-02 01:13:42,529] {logging_mixin.py:104} INFO - [2022-08-02 01:13:42,529] {dag.py:1832} INFO - Sync 1 DAGs
[2022-08-02 01:13:42,552] {logging_mixin.py:104} INFO - [2022-08-02 01:13:42,552] {dag.py:2305} INFO - Setting next_dagrun for tutorial_taskflow_api_etl to None
[2022-08-02 01:13:42,604] {scheduler_job.py:190} INFO - Processing /home/airflow/.local/lib/python3.6/site-packages/airflow/example_dags/tutorial_taskflow_api_etl.py took 1.059 seconds
[2022-08-02 01:14:13,181] {scheduler_job.py:182} INFO - Started process (PID=353) to work on /home/airflow/.local/lib/python3.6/site-packages/airflow/example_dags/tutorial_taskflow_api_etl.py
[2022-08-02 01:14:13,183] {scheduler_job.py:633} INFO - Processing file /home/airflow/.local/lib/python3.6/site-packages/airflow/example_dags/tutorial_taskflow_api_etl.py for tasks to queue
[2022-08-02 01:14:13,184] {logging_mixin.py:104} INFO - [2022-08-02 01:14:13,184] {dagbag.py:487} INFO - Filling up the DagBag from /home/airflow/.local/lib/python3.6/site-packages/airflow/example_dags/tutorial_taskflow_api_etl.py
[2022-08-02 01:14:13,226] {scheduler_job.py:643} INFO - DAG(s) dict_keys(['tutorial_taskflow_api_etl']) retrieved from /home/airflow/.local/lib/python3.6/site-packages/airflow/example_dags/tutorial_taskflow_api_etl.py
[2022-08-02 01:14:13,821] {logging_mixin.py:104} INFO - [2022-08-02 01:14:13,821] {dag.py:1832} INFO - Sync 1 DAGs
[2022-08-02 01:14:13,836] {logging_mixin.py:104} INFO - [2022-08-02 01:14:13,836] {dag.py:2305} INFO - Setting next_dagrun for tutorial_taskflow_api_etl to None
[2022-08-02 01:14:13,859] {scheduler_job.py:190} INFO - Processing /home/airflow/.local/lib/python3.6/site-packages/airflow/example_dags/tutorial_taskflow_api_etl.py took 0.685 seconds
[2022-08-02 01:14:44,151] {scheduler_job.py:182} INFO - Started process (PID=408) to work on /home/airflow/.local/lib/python3.6/site-packages/airflow/example_dags/tutorial_taskflow_api_etl.py
[2022-08-02 01:14:44,155] {scheduler_job.py:633} INFO - Processing file /home/airflow/.local/lib/python3.6/site-packages/airflow/example_dags/tutorial_taskflow_api_etl.py for tasks to queue
[2022-08-02 01:14:44,164] {logging_mixin.py:104} INFO - [2022-08-02 01:14:44,164] {dagbag.py:487} INFO - Filling up the DagBag from /home/airflow/.local/lib/python3.6/site-packages/airflow/example_dags/tutorial_taskflow_api_etl.py
[2022-08-02 01:14:44,216] {scheduler_job.py:643} INFO - DAG(s) dict_keys(['tutorial_taskflow_api_etl']) retrieved from /home/airflow/.local/lib/python3.6/site-packages/airflow/example_dags/tutorial_taskflow_api_etl.py
[2022-08-02 01:14:44,874] {logging_mixin.py:104} INFO - [2022-08-02 01:14:44,873] {dag.py:1832} INFO - Sync 1 DAGs
[2022-08-02 01:14:44,888] {logging_mixin.py:104} INFO - [2022-08-02 01:14:44,888] {dag.py:2305} INFO - Setting next_dagrun for tutorial_taskflow_api_etl to None
[2022-08-02 01:14:44,924] {scheduler_job.py:190} INFO - Processing /home/airflow/.local/lib/python3.6/site-packages/airflow/example_dags/tutorial_taskflow_api_etl.py took 0.776 seconds
[2022-08-02 01:15:15,147] {scheduler_job.py:182} INFO - Started process (PID=477) to work on /home/airflow/.local/lib/python3.6/site-packages/airflow/example_dags/tutorial_taskflow_api_etl.py
[2022-08-02 01:15:15,159] {scheduler_job.py:633} INFO - Processing file /home/airflow/.local/lib/python3.6/site-packages/airflow/example_dags/tutorial_taskflow_api_etl.py for tasks to queue
[2022-08-02 01:15:15,190] {logging_mixin.py:104} INFO - [2022-08-02 01:15:15,190] {dagbag.py:487} INFO - Filling up the DagBag from /home/airflow/.local/lib/python3.6/site-packages/airflow/example_dags/tutorial_taskflow_api_etl.py
[2022-08-02 01:15:15,478] {scheduler_job.py:643} INFO - DAG(s) dict_keys(['tutorial_taskflow_api_etl']) retrieved from /home/airflow/.local/lib/python3.6/site-packages/airflow/example_dags/tutorial_taskflow_api_etl.py
[2022-08-02 01:15:20,908] {logging_mixin.py:104} INFO - [2022-08-02 01:15:20,908] {process_utils.py:207} INFO - Waiting up to 5 seconds for processes to exit...
