[2022-08-02 01:11:31,830] {scheduler_job.py:182} INFO - Started process (PID=74) to work on /home/airflow/.local/lib/python3.6/site-packages/airflow/example_dags/tutorial.py
[2022-08-02 01:11:31,864] {scheduler_job.py:633} INFO - Processing file /home/airflow/.local/lib/python3.6/site-packages/airflow/example_dags/tutorial.py for tasks to queue
[2022-08-02 01:11:31,866] {logging_mixin.py:104} INFO - [2022-08-02 01:11:31,865] {dagbag.py:487} INFO - Filling up the DagBag from /home/airflow/.local/lib/python3.6/site-packages/airflow/example_dags/tutorial.py
[2022-08-02 01:11:31,971] {scheduler_job.py:643} INFO - DAG(s) dict_keys(['tutorial']) retrieved from /home/airflow/.local/lib/python3.6/site-packages/airflow/example_dags/tutorial.py
[2022-08-02 01:11:32,171] {logging_mixin.py:104} INFO - [2022-08-02 01:11:32,171] {dag.py:1832} INFO - Sync 1 DAGs
[2022-08-02 01:11:32,283] {logging_mixin.py:104} INFO - [2022-08-02 01:11:32,283] {dag.py:2305} INFO - Setting next_dagrun for tutorial to 2022-07-31 00:00:00+00:00
[2022-08-02 01:11:32,333] {scheduler_job.py:190} INFO - Processing /home/airflow/.local/lib/python3.6/site-packages/airflow/example_dags/tutorial.py took 0.508 seconds
[2022-08-02 01:12:07,721] {scheduler_job.py:182} INFO - Started process (PID=128) to work on /home/airflow/.local/lib/python3.6/site-packages/airflow/example_dags/tutorial.py
[2022-08-02 01:12:07,736] {scheduler_job.py:633} INFO - Processing file /home/airflow/.local/lib/python3.6/site-packages/airflow/example_dags/tutorial.py for tasks to queue
[2022-08-02 01:12:07,737] {logging_mixin.py:104} INFO - [2022-08-02 01:12:07,737] {dagbag.py:487} INFO - Filling up the DagBag from /home/airflow/.local/lib/python3.6/site-packages/airflow/example_dags/tutorial.py
[2022-08-02 01:12:07,773] {scheduler_job.py:643} INFO - DAG(s) dict_keys(['tutorial']) retrieved from /home/airflow/.local/lib/python3.6/site-packages/airflow/example_dags/tutorial.py
[2022-08-02 01:12:07,826] {logging_mixin.py:104} INFO - [2022-08-02 01:12:07,825] {dag.py:1832} INFO - Sync 1 DAGs
[2022-08-02 01:12:07,869] {logging_mixin.py:104} INFO - [2022-08-02 01:12:07,869] {dag.py:2305} INFO - Setting next_dagrun for tutorial to 2022-07-31 00:00:00+00:00
[2022-08-02 01:12:07,897] {scheduler_job.py:190} INFO - Processing /home/airflow/.local/lib/python3.6/site-packages/airflow/example_dags/tutorial.py took 0.181 seconds
[2022-08-02 01:12:38,662] {scheduler_job.py:182} INFO - Started process (PID=183) to work on /home/airflow/.local/lib/python3.6/site-packages/airflow/example_dags/tutorial.py
[2022-08-02 01:12:38,663] {scheduler_job.py:633} INFO - Processing file /home/airflow/.local/lib/python3.6/site-packages/airflow/example_dags/tutorial.py for tasks to queue
[2022-08-02 01:12:38,664] {logging_mixin.py:104} INFO - [2022-08-02 01:12:38,664] {dagbag.py:487} INFO - Filling up the DagBag from /home/airflow/.local/lib/python3.6/site-packages/airflow/example_dags/tutorial.py
[2022-08-02 01:12:38,678] {scheduler_job.py:643} INFO - DAG(s) dict_keys(['tutorial']) retrieved from /home/airflow/.local/lib/python3.6/site-packages/airflow/example_dags/tutorial.py
[2022-08-02 01:12:38,713] {logging_mixin.py:104} INFO - [2022-08-02 01:12:38,712] {dag.py:1832} INFO - Sync 1 DAGs
[2022-08-02 01:12:38,742] {logging_mixin.py:104} INFO - [2022-08-02 01:12:38,741] {dag.py:2305} INFO - Setting next_dagrun for tutorial to 2022-07-31 00:00:00+00:00
[2022-08-02 01:12:38,763] {scheduler_job.py:190} INFO - Processing /home/airflow/.local/lib/python3.6/site-packages/airflow/example_dags/tutorial.py took 0.106 seconds
[2022-08-02 01:13:09,119] {scheduler_job.py:182} INFO - Started process (PID=238) to work on /home/airflow/.local/lib/python3.6/site-packages/airflow/example_dags/tutorial.py
[2022-08-02 01:13:09,121] {scheduler_job.py:633} INFO - Processing file /home/airflow/.local/lib/python3.6/site-packages/airflow/example_dags/tutorial.py for tasks to queue
[2022-08-02 01:13:09,122] {logging_mixin.py:104} INFO - [2022-08-02 01:13:09,122] {dagbag.py:487} INFO - Filling up the DagBag from /home/airflow/.local/lib/python3.6/site-packages/airflow/example_dags/tutorial.py
[2022-08-02 01:13:09,140] {scheduler_job.py:643} INFO - DAG(s) dict_keys(['tutorial']) retrieved from /home/airflow/.local/lib/python3.6/site-packages/airflow/example_dags/tutorial.py
[2022-08-02 01:13:09,175] {logging_mixin.py:104} INFO - [2022-08-02 01:13:09,175] {dag.py:1832} INFO - Sync 1 DAGs
[2022-08-02 01:13:09,193] {logging_mixin.py:104} INFO - [2022-08-02 01:13:09,193] {dag.py:2305} INFO - Setting next_dagrun for tutorial to 2022-07-31 00:00:00+00:00
[2022-08-02 01:13:09,205] {scheduler_job.py:190} INFO - Processing /home/airflow/.local/lib/python3.6/site-packages/airflow/example_dags/tutorial.py took 0.090 seconds
[2022-08-02 01:13:41,147] {scheduler_job.py:182} INFO - Started process (PID=293) to work on /home/airflow/.local/lib/python3.6/site-packages/airflow/example_dags/tutorial.py
[2022-08-02 01:13:41,149] {scheduler_job.py:633} INFO - Processing file /home/airflow/.local/lib/python3.6/site-packages/airflow/example_dags/tutorial.py for tasks to queue
[2022-08-02 01:13:41,151] {logging_mixin.py:104} INFO - [2022-08-02 01:13:41,151] {dagbag.py:487} INFO - Filling up the DagBag from /home/airflow/.local/lib/python3.6/site-packages/airflow/example_dags/tutorial.py
[2022-08-02 01:13:41,198] {scheduler_job.py:643} INFO - DAG(s) dict_keys(['tutorial']) retrieved from /home/airflow/.local/lib/python3.6/site-packages/airflow/example_dags/tutorial.py
[2022-08-02 01:13:41,292] {logging_mixin.py:104} INFO - [2022-08-02 01:13:41,291] {dag.py:1832} INFO - Sync 1 DAGs
[2022-08-02 01:13:41,323] {logging_mixin.py:104} INFO - [2022-08-02 01:13:41,323] {dag.py:2305} INFO - Setting next_dagrun for tutorial to 2022-07-31 00:00:00+00:00
[2022-08-02 01:13:41,345] {scheduler_job.py:190} INFO - Processing /home/airflow/.local/lib/python3.6/site-packages/airflow/example_dags/tutorial.py took 0.203 seconds
[2022-08-02 01:14:11,806] {scheduler_job.py:182} INFO - Started process (PID=349) to work on /home/airflow/.local/lib/python3.6/site-packages/airflow/example_dags/tutorial.py
[2022-08-02 01:14:11,807] {scheduler_job.py:633} INFO - Processing file /home/airflow/.local/lib/python3.6/site-packages/airflow/example_dags/tutorial.py for tasks to queue
[2022-08-02 01:14:11,808] {logging_mixin.py:104} INFO - [2022-08-02 01:14:11,808] {dagbag.py:487} INFO - Filling up the DagBag from /home/airflow/.local/lib/python3.6/site-packages/airflow/example_dags/tutorial.py
[2022-08-02 01:14:11,828] {scheduler_job.py:643} INFO - DAG(s) dict_keys(['tutorial']) retrieved from /home/airflow/.local/lib/python3.6/site-packages/airflow/example_dags/tutorial.py
[2022-08-02 01:14:11,855] {logging_mixin.py:104} INFO - [2022-08-02 01:14:11,855] {dag.py:1832} INFO - Sync 1 DAGs
[2022-08-02 01:14:11,877] {logging_mixin.py:104} INFO - [2022-08-02 01:14:11,877] {dag.py:2305} INFO - Setting next_dagrun for tutorial to 2022-07-31 00:00:00+00:00
[2022-08-02 01:14:11,888] {scheduler_job.py:190} INFO - Processing /home/airflow/.local/lib/python3.6/site-packages/airflow/example_dags/tutorial.py took 0.086 seconds
[2022-08-02 01:14:41,995] {scheduler_job.py:182} INFO - Started process (PID=403) to work on /home/airflow/.local/lib/python3.6/site-packages/airflow/example_dags/tutorial.py
[2022-08-02 01:14:42,004] {scheduler_job.py:633} INFO - Processing file /home/airflow/.local/lib/python3.6/site-packages/airflow/example_dags/tutorial.py for tasks to queue
[2022-08-02 01:14:42,005] {logging_mixin.py:104} INFO - [2022-08-02 01:14:42,005] {dagbag.py:487} INFO - Filling up the DagBag from /home/airflow/.local/lib/python3.6/site-packages/airflow/example_dags/tutorial.py
[2022-08-02 01:14:42,061] {scheduler_job.py:643} INFO - DAG(s) dict_keys(['tutorial']) retrieved from /home/airflow/.local/lib/python3.6/site-packages/airflow/example_dags/tutorial.py
[2022-08-02 01:14:42,157] {logging_mixin.py:104} INFO - [2022-08-02 01:14:42,157] {dag.py:1832} INFO - Sync 1 DAGs
[2022-08-02 01:14:42,212] {logging_mixin.py:104} INFO - [2022-08-02 01:14:42,212] {dag.py:2305} INFO - Setting next_dagrun for tutorial to 2022-07-31 00:00:00+00:00
[2022-08-02 01:14:42,260] {scheduler_job.py:190} INFO - Processing /home/airflow/.local/lib/python3.6/site-packages/airflow/example_dags/tutorial.py took 0.268 seconds
[2022-08-02 01:15:12,412] {scheduler_job.py:182} INFO - Started process (PID=467) to work on /home/airflow/.local/lib/python3.6/site-packages/airflow/example_dags/tutorial.py
[2022-08-02 01:15:12,423] {scheduler_job.py:633} INFO - Processing file /home/airflow/.local/lib/python3.6/site-packages/airflow/example_dags/tutorial.py for tasks to queue
[2022-08-02 01:15:12,424] {logging_mixin.py:104} INFO - [2022-08-02 01:15:12,424] {dagbag.py:487} INFO - Filling up the DagBag from /home/airflow/.local/lib/python3.6/site-packages/airflow/example_dags/tutorial.py
[2022-08-02 01:15:12,478] {scheduler_job.py:643} INFO - DAG(s) dict_keys(['tutorial']) retrieved from /home/airflow/.local/lib/python3.6/site-packages/airflow/example_dags/tutorial.py
[2022-08-02 01:15:12,545] {logging_mixin.py:104} INFO - [2022-08-02 01:15:12,544] {dag.py:1832} INFO - Sync 1 DAGs
[2022-08-02 01:15:12,570] {logging_mixin.py:104} INFO - [2022-08-02 01:15:12,570] {dag.py:2305} INFO - Setting next_dagrun for tutorial to 2022-07-31 00:00:00+00:00
[2022-08-02 01:15:12,595] {scheduler_job.py:190} INFO - Processing /home/airflow/.local/lib/python3.6/site-packages/airflow/example_dags/tutorial.py took 0.187 seconds
